=== Final GESTURE Training with Maximum Regularization ===
Job started: Wed Jul 16 11:23:16 PM EDT 2025
Node: qa-a10-034.crc.nd.edu
Job ID: 1898816
Loading python/3.12.11
  Loading requirement: tcl/8.6.12
=== Environment Check ===
PyTorch version: 2.5.1+cu121
CUDA available: True
GPU: NVIDIA A10
GPU memory: 23.7 GB
✅ Final training environment ready!
=== Starting Final Training ===
/users/akoongbo/miniconda3/envs/hiera-seizure/lib/python3.12/site-packages/torch/optim/lr_scheduler.py:62: UserWarning: The verbose parameter is deprecated. Please use get_last_lr() to access the learning rate.
  warnings.warn(
=== Final GESTURE Dataset Training with Maximum Regularization ===
Device: cuda
GPU: NVIDIA A10
GPU memory: 23.7 GB
Loaded 220 seizures
Train: 54 subjects, 184 seizures
Val: 14 subjects, 36 seizures
Dataset created: 68451 samples from 177 seizures
Class distribution: GTCS=36413, FOS=32038
Dataset created: 7862 samples from 35 seizures
Class distribution: GTCS=4065, FOS=3797
Class weights: tensor([1.0683, 0.9399], device='cuda:0')
Model parameters: 58,371
------------------------------------------------------------
  Batch 0/8556, Loss: 1.0523
  Batch 20/8556, Loss: 1.2815
  Batch 40/8556, Loss: 1.7254
  Batch 60/8556, Loss: 2.4283
  Batch 80/8556, Loss: 1.2475
  Batch 100/8556, Loss: 1.4727
  Batch 120/8556, Loss: 1.2083
  Batch 140/8556, Loss: 1.4181
  Batch 160/8556, Loss: 1.4704
  Batch 180/8556, Loss: 0.7260
  Batch 200/8556, Loss: 1.0945
  Batch 220/8556, Loss: 0.8525
  Batch 240/8556, Loss: 0.4122
  Batch 260/8556, Loss: 1.4431
  Batch 280/8556, Loss: 1.1602
  Batch 300/8556, Loss: 0.7760
  Batch 320/8556, Loss: 0.8656
  Batch 340/8556, Loss: 1.9253
  Batch 360/8556, Loss: 1.4223
  Batch 380/8556, Loss: 1.5249
  Batch 400/8556, Loss: 1.1049
  Batch 420/8556, Loss: 1.3920
  Batch 440/8556, Loss: 0.6742
  Batch 460/8556, Loss: 2.5422
  Batch 480/8556, Loss: 1.9369
  Batch 500/8556, Loss: 0.6760
  Batch 520/8556, Loss: 1.1943
  Batch 540/8556, Loss: 0.6625
  Batch 560/8556, Loss: 1.2420
  Batch 580/8556, Loss: 0.9772
  Batch 600/8556, Loss: 0.4016
  Batch 620/8556, Loss: 1.1156
  Batch 640/8556, Loss: 0.6563
  Batch 660/8556, Loss: 1.3936
  Batch 680/8556, Loss: 0.8590
  Batch 700/8556, Loss: 0.4633
  Batch 720/8556, Loss: 0.8252
  Batch 740/8556, Loss: 0.3826
  Batch 760/8556, Loss: 0.4786
  Batch 780/8556, Loss: 0.5354
  Batch 800/8556, Loss: 1.4926
  Batch 820/8556, Loss: 0.4950
  Batch 840/8556, Loss: 1.1067
  Batch 860/8556, Loss: 1.1619
  Batch 880/8556, Loss: 0.7265
  Batch 900/8556, Loss: 0.9686
  Batch 920/8556, Loss: 0.7458
  Batch 940/8556, Loss: 0.7836
  Batch 960/8556, Loss: 0.6270
  Batch 980/8556, Loss: 0.6884
  Batch 1000/8556, Loss: 0.9625
  Batch 1020/8556, Loss: 0.2893
  Batch 1040/8556, Loss: 0.5103
  Batch 1060/8556, Loss: 1.0758
  Batch 1080/8556, Loss: 0.6030
  Batch 1100/8556, Loss: 0.8286
  Batch 1120/8556, Loss: 0.3941
  Batch 1140/8556, Loss: 1.2142
  Batch 1160/8556, Loss: 0.4565
  Batch 1180/8556, Loss: 0.9248
  Batch 1200/8556, Loss: 0.4490
  Batch 1220/8556, Loss: 1.2013
  Batch 1240/8556, Loss: 1.3587
  Batch 1260/8556, Loss: 0.7284
  Batch 1280/8556, Loss: 1.0063
  Batch 1300/8556, Loss: 0.3418
  Batch 1320/8556, Loss: 0.3574
  Batch 1340/8556, Loss: 2.3471
  Batch 1360/8556, Loss: 0.9155
  Batch 1380/8556, Loss: 1.3716
  Batch 1400/8556, Loss: 0.3615
  Batch 1420/8556, Loss: 0.4485
  Batch 1440/8556, Loss: 1.4001
  Batch 1460/8556, Loss: 0.8744
  Batch 1480/8556, Loss: 0.7946
  Batch 1500/8556, Loss: 0.8872
  Batch 1520/8556, Loss: 0.3311
  Batch 1540/8556, Loss: 0.4111
  Batch 1560/8556, Loss: 1.2114
  Batch 1580/8556, Loss: 0.8280
  Batch 1600/8556, Loss: 0.8230
  Batch 1620/8556, Loss: 0.2596
  Batch 1640/8556, Loss: 0.5100
  Batch 1660/8556, Loss: 0.7523
  Batch 1680/8556, Loss: 0.9978
  Batch 1700/8556, Loss: 0.6087
  Batch 1720/8556, Loss: 0.4362
  Batch 1740/8556, Loss: 0.5844
  Batch 1760/8556, Loss: 0.5761
  Batch 1780/8556, Loss: 0.6327
  Batch 1800/8556, Loss: 0.6076
  Batch 1820/8556, Loss: 0.8571
  Batch 1840/8556, Loss: 0.5060
  Batch 1860/8556, Loss: 0.5729
  Batch 1880/8556, Loss: 0.2997
  Batch 1900/8556, Loss: 0.4476
  Batch 1920/8556, Loss: 0.9565
  Batch 1940/8556, Loss: 0.9061
  Batch 1960/8556, Loss: 1.2259
  Batch 1980/8556, Loss: 0.8242
  Batch 2000/8556, Loss: 0.2670
  Batch 2020/8556, Loss: 0.6768
  Batch 2040/8556, Loss: 1.0041
  Batch 2060/8556, Loss: 0.5316
  Batch 2080/8556, Loss: 0.4444
  Batch 2100/8556, Loss: 0.5254
  Batch 2120/8556, Loss: 0.7859
  Batch 2140/8556, Loss: 0.9637
  Batch 2160/8556, Loss: 0.7724
  Batch 2180/8556, Loss: 0.9895
  Batch 2200/8556, Loss: 0.6733
  Batch 2220/8556, Loss: 0.3305
  Batch 2240/8556, Loss: 0.9391
  Batch 2260/8556, Loss: 0.5724
  Batch 2280/8556, Loss: 0.2291
  Batch 2300/8556, Loss: 0.7143
  Batch 2320/8556, Loss: 0.7314
  Batch 2340/8556, Loss: 1.1042
  Batch 2360/8556, Loss: 0.3379
  Batch 2380/8556, Loss: 0.5652
  Batch 2400/8556, Loss: 0.6757
  Batch 2420/8556, Loss: 1.0386
  Batch 2440/8556, Loss: 0.2726
  Batch 2460/8556, Loss: 0.4742
  Batch 2480/8556, Loss: 0.7750
  Batch 2500/8556, Loss: 0.7032
  Batch 2520/8556, Loss: 0.8035
  Batch 2540/8556, Loss: 0.7975
  Batch 2560/8556, Loss: 1.0387
  Batch 2580/8556, Loss: 0.4134
  Batch 2600/8556, Loss: 0.7265
  Batch 2620/8556, Loss: 0.3413
  Batch 2640/8556, Loss: 0.2933
  Batch 2660/8556, Loss: 1.0059
  Batch 2680/8556, Loss: 0.6604
  Batch 2700/8556, Loss: 0.8182
  Batch 2720/8556, Loss: 0.7959
  Batch 2740/8556, Loss: 0.4067
  Batch 2760/8556, Loss: 0.8026
  Batch 2780/8556, Loss: 0.5096
  Batch 2800/8556, Loss: 0.2678
  Batch 2820/8556, Loss: 0.2181
  Batch 2840/8556, Loss: 0.1357
  Batch 2860/8556, Loss: 0.5992
  Batch 2880/8556, Loss: 0.5672
  Batch 2900/8556, Loss: 0.6459
  Batch 2920/8556, Loss: 0.7589
  Batch 2940/8556, Loss: 1.5422
  Batch 2960/8556, Loss: 1.1422
  Batch 2980/8556, Loss: 0.5681
  Batch 3000/8556, Loss: 0.3154
  Batch 3020/8556, Loss: 0.6579
  Batch 3040/8556, Loss: 0.1987
  Batch 3060/8556, Loss: 0.6858
  Batch 3080/8556, Loss: 0.6355
  Batch 3100/8556, Loss: 0.3352
  Batch 3120/8556, Loss: 1.2218
  Batch 3140/8556, Loss: 0.7452
  Batch 3160/8556, Loss: 0.3960
  Batch 3180/8556, Loss: 0.8728
  Batch 3200/8556, Loss: 0.4978
  Batch 3220/8556, Loss: 0.7747
  Batch 3240/8556, Loss: 0.5445
  Batch 3260/8556, Loss: 0.3207
  Batch 3280/8556, Loss: 0.7554
  Batch 3300/8556, Loss: 0.5666
  Batch 3320/8556, Loss: 0.9746
  Batch 3340/8556, Loss: 0.6091
  Batch 3360/8556, Loss: 0.3105
  Batch 3380/8556, Loss: 0.4592
  Batch 3400/8556, Loss: 0.7423
  Batch 3420/8556, Loss: 1.0138
  Batch 3440/8556, Loss: 1.0284
  Batch 3460/8556, Loss: 0.7776
  Batch 3480/8556, Loss: 0.7463
  Batch 3500/8556, Loss: 0.5992
  Batch 3520/8556, Loss: 0.6092
  Batch 3540/8556, Loss: 0.2493
  Batch 3560/8556, Loss: 0.8694
  Batch 3580/8556, Loss: 0.4840
  Batch 3600/8556, Loss: 0.6383
  Batch 3620/8556, Loss: 0.3888
  Batch 3640/8556, Loss: 0.6024
  Batch 3660/8556, Loss: 0.6354
  Batch 3680/8556, Loss: 1.2351
  Batch 3700/8556, Loss: 1.5559
  Batch 3720/8556, Loss: 0.4844
  Batch 3740/8556, Loss: 1.0514
  Batch 3760/8556, Loss: 0.4367
  Batch 3780/8556, Loss: 0.4612
  Batch 3800/8556, Loss: 1.2190
  Batch 3820/8556, Loss: 0.4185
  Batch 3840/8556, Loss: 0.1184
  Batch 3860/8556, Loss: 0.9741
  Batch 3880/8556, Loss: 0.6492
  Batch 3900/8556, Loss: 0.5891
  Batch 3920/8556, Loss: 1.5098
  Batch 3940/8556, Loss: 0.6590
  Batch 3960/8556, Loss: 0.3960
  Batch 3980/8556, Loss: 0.1861
  Batch 4000/8556, Loss: 0.4544
  Batch 4020/8556, Loss: 0.4590
  Batch 4040/8556, Loss: 0.7718
  Batch 4060/8556, Loss: 0.9271
  Batch 4080/8556, Loss: 0.8320
  Batch 4100/8556, Loss: 1.0554
  Batch 4120/8556, Loss: 0.4388
  Batch 4140/8556, Loss: 1.1780
  Batch 4160/8556, Loss: 0.2226
  Batch 4180/8556, Loss: 0.3812
  Batch 4200/8556, Loss: 0.7819
  Batch 4220/8556, Loss: 0.5146
  Batch 4240/8556, Loss: 1.2023
  Batch 4260/8556, Loss: 0.3937
  Batch 4280/8556, Loss: 0.5424
  Batch 4300/8556, Loss: 0.3425
  Batch 4320/8556, Loss: 1.0538
  Batch 4340/8556, Loss: 1.1382
  Batch 4360/8556, Loss: 0.6054
  Batch 4380/8556, Loss: 0.7637
  Batch 4400/8556, Loss: 0.5350
  Batch 4420/8556, Loss: 0.7800
  Batch 4440/8556, Loss: 0.5684
  Batch 4460/8556, Loss: 0.9172
  Batch 4480/8556, Loss: 0.7283
  Batch 4500/8556, Loss: 0.3059
  Batch 4520/8556, Loss: 0.2753
  Batch 4540/8556, Loss: 0.3508
  Batch 4560/8556, Loss: 1.1185
  Batch 4580/8556, Loss: 0.5532
  Batch 4600/8556, Loss: 0.5781
  Batch 4620/8556, Loss: 0.3392
  Batch 4640/8556, Loss: 1.1006
  Batch 4660/8556, Loss: 0.7679
  Batch 4680/8556, Loss: 0.5712
  Batch 4700/8556, Loss: 0.7699
  Batch 4720/8556, Loss: 0.3492
  Batch 4740/8556, Loss: 0.6709
  Batch 4760/8556, Loss: 0.1858
  Batch 4780/8556, Loss: 0.4296
  Batch 4800/8556, Loss: 0.3830
  Batch 4820/8556, Loss: 0.2355
  Batch 4840/8556, Loss: 0.4591
  Batch 4860/8556, Loss: 0.8286
  Batch 4880/8556, Loss: 0.2714
  Batch 4900/8556, Loss: 0.4126
  Batch 4920/8556, Loss: 0.0780
  Batch 4940/8556, Loss: 0.5298
  Batch 4960/8556, Loss: 0.5764
  Batch 4980/8556, Loss: 0.4392
  Batch 5000/8556, Loss: 0.4191
  Batch 5020/8556, Loss: 0.1549
  Batch 5040/8556, Loss: 0.5682
  Batch 5060/8556, Loss: 0.7164
  Batch 5080/8556, Loss: 0.4061
  Batch 5100/8556, Loss: 0.6091
  Batch 5120/8556, Loss: 0.3284
  Batch 5140/8556, Loss: 0.5425
  Batch 5160/8556, Loss: 0.5908
  Batch 5180/8556, Loss: 0.6350
  Batch 5200/8556, Loss: 0.7755
  Batch 5220/8556, Loss: 0.5493
  Batch 5240/8556, Loss: 0.5797
  Batch 5260/8556, Loss: 0.4265
  Batch 5280/8556, Loss: 0.3478
  Batch 5300/8556, Loss: 0.2792
  Batch 5320/8556, Loss: 0.1849
  Batch 5340/8556, Loss: 0.9816
  Batch 5360/8556, Loss: 0.1704
  Batch 5380/8556, Loss: 0.3024
  Batch 5400/8556, Loss: 1.2816
  Batch 5420/8556, Loss: 0.4246
  Batch 5440/8556, Loss: 0.3731
  Batch 5460/8556, Loss: 0.6191
  Batch 5480/8556, Loss: 0.5995
  Batch 5500/8556, Loss: 0.5338
  Batch 5520/8556, Loss: 0.3687
  Batch 5540/8556, Loss: 0.6531
  Batch 5560/8556, Loss: 0.7216
  Batch 5580/8556, Loss: 0.5042
  Batch 5600/8556, Loss: 0.5115
  Batch 5620/8556, Loss: 1.5580
  Batch 5640/8556, Loss: 0.1098
  Batch 5660/8556, Loss: 0.2877
  Batch 5680/8556, Loss: 0.3703
  Batch 5700/8556, Loss: 0.8333
  Batch 5720/8556, Loss: 0.4619
  Batch 5740/8556, Loss: 0.5444
  Batch 5760/8556, Loss: 0.5006
  Batch 5780/8556, Loss: 0.2947
  Batch 5800/8556, Loss: 0.5404
  Batch 5820/8556, Loss: 0.5902
  Batch 5840/8556, Loss: 0.1645
  Batch 5860/8556, Loss: 0.8358
  Batch 5880/8556, Loss: 0.2286
  Batch 5900/8556, Loss: 0.0712
  Batch 5920/8556, Loss: 1.2603
  Batch 5940/8556, Loss: 0.7468
  Batch 5960/8556, Loss: 0.2800
  Batch 5980/8556, Loss: 0.2207
  Batch 6000/8556, Loss: 0.4906
  Batch 6020/8556, Loss: 0.9820
  Batch 6040/8556, Loss: 0.5183
  Batch 6060/8556, Loss: 0.9620
  Batch 6080/8556, Loss: 1.3912
  Batch 6100/8556, Loss: 0.3950
  Batch 6120/8556, Loss: 0.1504
  Batch 6140/8556, Loss: 0.5842
  Batch 6160/8556, Loss: 0.2227
  Batch 6180/8556, Loss: 0.9769
  Batch 6200/8556, Loss: 0.6605
  Batch 6220/8556, Loss: 0.1208
  Batch 6240/8556, Loss: 0.1691
  Batch 6260/8556, Loss: 0.1627
  Batch 6280/8556, Loss: 0.4637
  Batch 6300/8556, Loss: 0.2077
  Batch 6320/8556, Loss: 0.2634
  Batch 6340/8556, Loss: 0.2896
  Batch 6360/8556, Loss: 0.5036
  Batch 6380/8556, Loss: 0.7899
  Batch 6400/8556, Loss: 0.4905
  Batch 6420/8556, Loss: 0.0829
  Batch 6440/8556, Loss: 0.5600
  Batch 6460/8556, Loss: 0.2550
  Batch 6480/8556, Loss: 0.4139
  Batch 6500/8556, Loss: 0.2125
  Batch 6520/8556, Loss: 0.6765
  Batch 6540/8556, Loss: 0.3477
  Batch 6560/8556, Loss: 0.5363
  Batch 6580/8556, Loss: 0.1580
  Batch 6600/8556, Loss: 0.9847
  Batch 6620/8556, Loss: 1.1085
  Batch 6640/8556, Loss: 0.3329
  Batch 6660/8556, Loss: 0.7657
  Batch 6680/8556, Loss: 0.2169
  Batch 6700/8556, Loss: 0.7792
  Batch 6720/8556, Loss: 0.3878
  Batch 6740/8556, Loss: 0.9537
  Batch 6760/8556, Loss: 0.3904
  Batch 6780/8556, Loss: 0.5223
  Batch 6800/8556, Loss: 0.5123
  Batch 6820/8556, Loss: 0.1406
  Batch 6840/8556, Loss: 0.2540
  Batch 6860/8556, Loss: 0.5776
  Batch 6880/8556, Loss: 0.3328
  Batch 6900/8556, Loss: 0.5273
  Batch 6920/8556, Loss: 0.5561
  Batch 6940/8556, Loss: 0.4083
  Batch 6960/8556, Loss: 0.0831
  Batch 6980/8556, Loss: 0.5917
  Batch 7000/8556, Loss: 0.2233
  Batch 7020/8556, Loss: 0.5713
  Batch 7040/8556, Loss: 1.1423
  Batch 7060/8556, Loss: 0.2883
  Batch 7080/8556, Loss: 0.3639
  Batch 7100/8556, Loss: 0.2916
  Batch 7120/8556, Loss: 0.7536
  Batch 7140/8556, Loss: 0.7154
  Batch 7160/8556, Loss: 0.6557
  Batch 7180/8556, Loss: 0.2269
  Batch 7200/8556, Loss: 0.6215
  Batch 7220/8556, Loss: 0.5729
  Batch 7240/8556, Loss: 0.2044
  Batch 7260/8556, Loss: 0.6091
  Batch 7280/8556, Loss: 0.2548
  Batch 7300/8556, Loss: 0.4283
  Batch 7320/8556, Loss: 0.9307
  Batch 7340/8556, Loss: 0.6169
  Batch 7360/8556, Loss: 0.7861
  Batch 7380/8556, Loss: 0.3712
  Batch 7400/8556, Loss: 0.6943
  Batch 7420/8556, Loss: 0.4937
  Batch 7440/8556, Loss: 0.4139
  Batch 7460/8556, Loss: 0.3611
  Batch 7480/8556, Loss: 0.6291
  Batch 7500/8556, Loss: 0.2710
  Batch 7520/8556, Loss: 0.4554
  Batch 7540/8556, Loss: 0.5920
  Batch 7560/8556, Loss: 0.4521
  Batch 7580/8556, Loss: 0.5922
  Batch 7600/8556, Loss: 0.2362
  Batch 7620/8556, Loss: 0.5654
  Batch 7640/8556, Loss: 0.2413
  Batch 7660/8556, Loss: 0.5968
  Batch 7680/8556, Loss: 0.3447
  Batch 7700/8556, Loss: 0.6935
  Batch 7720/8556, Loss: 0.8556
  Batch 7740/8556, Loss: 0.2412
  Batch 7760/8556, Loss: 0.6825
  Batch 7780/8556, Loss: 0.7870
  Batch 7800/8556, Loss: 0.7586
  Batch 7820/8556, Loss: 0.5676
  Batch 7840/8556, Loss: 0.7156
  Batch 7860/8556, Loss: 0.2700
  Batch 7880/8556, Loss: 0.5027
  Batch 7900/8556, Loss: 0.5734
  Batch 7920/8556, Loss: 0.6976
  Batch 7940/8556, Loss: 0.4098
  Batch 7960/8556, Loss: 0.4217
  Batch 7980/8556, Loss: 1.0124
  Batch 8000/8556, Loss: 0.1753
  Batch 8020/8556, Loss: 0.6754
  Batch 8040/8556, Loss: 0.1398
  Batch 8060/8556, Loss: 0.2612
  Batch 8080/8556, Loss: 0.1879
  Batch 8100/8556, Loss: 0.4076
  Batch 8120/8556, Loss: 0.5338
  Batch 8140/8556, Loss: 0.4588
  Batch 8160/8556, Loss: 0.4796
  Batch 8180/8556, Loss: 0.6633
  Batch 8200/8556, Loss: 0.6703
  Batch 8220/8556, Loss: 0.4342
  Batch 8240/8556, Loss: 0.2862
  Batch 8260/8556, Loss: 0.2876
  Batch 8280/8556, Loss: 0.3266
  Batch 8300/8556, Loss: 0.6941
  Batch 8320/8556, Loss: 0.3926
  Batch 8340/8556, Loss: 1.0394
  Batch 8360/8556, Loss: 0.3122
  Batch 8380/8556, Loss: 0.3987
  Batch 8400/8556, Loss: 0.6662
  Batch 8420/8556, Loss: 0.3352
  Batch 8440/8556, Loss: 0.3130
  Batch 8460/8556, Loss: 0.6873
  Batch 8480/8556, Loss: 0.8905
  Batch 8500/8556, Loss: 0.3382
  Batch 8520/8556, Loss: 0.5930
  Batch 8540/8556, Loss: 0.6961
Epoch 1/30 (480.2s)
  Train Loss: 0.6440, Acc: 0.6611
  Val Loss: 0.9503, Acc: 0.5855
  Best Val Acc: 0.5855
  LR: 5.00e-05
------------------------------------------------------------
  Batch 0/8556, Loss: 0.5827
  Batch 20/8556, Loss: 0.5607
  Batch 40/8556, Loss: 0.7996
  Batch 60/8556, Loss: 0.2390
  Batch 80/8556, Loss: 0.7945
  Batch 100/8556, Loss: 0.5705
  Batch 120/8556, Loss: 0.2980
  Batch 140/8556, Loss: 0.3487
  Batch 160/8556, Loss: 0.2973
  Batch 180/8556, Loss: 0.4415
  Batch 200/8556, Loss: 0.2917
  Batch 220/8556, Loss: 0.5078
  Batch 240/8556, Loss: 0.9036
  Batch 260/8556, Loss: 0.1244
  Batch 280/8556, Loss: 0.5962
  Batch 300/8556, Loss: 0.6129
  Batch 320/8556, Loss: 1.0766
  Batch 340/8556, Loss: 0.6790
  Batch 360/8556, Loss: 0.1876
  Batch 380/8556, Loss: 0.3715
  Batch 400/8556, Loss: 0.1185
  Batch 420/8556, Loss: 0.5147
  Batch 440/8556, Loss: 0.7484
  Batch 460/8556, Loss: 0.0931
  Batch 480/8556, Loss: 0.3613
  Batch 500/8556, Loss: 1.1359
  Batch 520/8556, Loss: 0.7622
  Batch 540/8556, Loss: 0.7895
  Batch 560/8556, Loss: 0.3339
  Batch 580/8556, Loss: 0.1109
  Batch 600/8556, Loss: 0.3896
  Batch 620/8556, Loss: 0.3079
  Batch 640/8556, Loss: 0.2158
  Batch 660/8556, Loss: 0.3332
  Batch 680/8556, Loss: 0.4490
  Batch 700/8556, Loss: 1.1327
  Batch 720/8556, Loss: 0.1368
  Batch 740/8556, Loss: 0.5746
  Batch 760/8556, Loss: 0.5139
  Batch 780/8556, Loss: 0.5822
  Batch 800/8556, Loss: 0.4445
  Batch 820/8556, Loss: 0.6202
  Batch 840/8556, Loss: 0.1656
  Batch 860/8556, Loss: 0.1540
  Batch 880/8556, Loss: 0.3633
  Batch 900/8556, Loss: 0.4197
  Batch 920/8556, Loss: 0.2120
  Batch 940/8556, Loss: 0.3440
  Batch 960/8556, Loss: 0.1714
  Batch 980/8556, Loss: 0.0387
  Batch 1000/8556, Loss: 0.4500
  Batch 1020/8556, Loss: 0.2377
  Batch 1040/8556, Loss: 0.5944
  Batch 1060/8556, Loss: 0.2135
  Batch 1080/8556, Loss: 0.3003
  Batch 1100/8556, Loss: 0.6061
  Batch 1120/8556, Loss: 0.1754
  Batch 1140/8556, Loss: 0.4741
  Batch 1160/8556, Loss: 0.5371
  Batch 1180/8556, Loss: 0.7472
  Batch 1200/8556, Loss: 0.3796
  Batch 1220/8556, Loss: 0.0617
  Batch 1240/8556, Loss: 0.6437
  Batch 1260/8556, Loss: 0.2457
  Batch 1280/8556, Loss: 0.3759
  Batch 1300/8556, Loss: 0.4674
  Batch 1320/8556, Loss: 0.4313
  Batch 1340/8556, Loss: 0.4540
  Batch 1360/8556, Loss: 0.4538
  Batch 1380/8556, Loss: 0.1095
  Batch 1400/8556, Loss: 0.2714
  Batch 1420/8556, Loss: 0.3659
  Batch 1440/8556, Loss: 0.5989
  Batch 1460/8556, Loss: 0.6007
  Batch 1480/8556, Loss: 0.4837
  Batch 1500/8556, Loss: 0.3288
  Batch 1520/8556, Loss: 0.3418
  Batch 1540/8556, Loss: 0.4840
  Batch 1560/8556, Loss: 0.1590
  Batch 1580/8556, Loss: 0.5920
  Batch 1600/8556, Loss: 0.8948
  Batch 1620/8556, Loss: 0.7939
  Batch 1640/8556, Loss: 0.2066
  Batch 1660/8556, Loss: 0.2978
  Batch 1680/8556, Loss: 0.6149
  Batch 1700/8556, Loss: 0.2422
  Batch 1720/8556, Loss: 0.4902
  Batch 1740/8556, Loss: 0.3658
  Batch 1760/8556, Loss: 1.1175
  Batch 1780/8556, Loss: 0.8860
  Batch 1800/8556, Loss: 0.6483
  Batch 1820/8556, Loss: 0.2255
  Batch 1840/8556, Loss: 0.2239
  Batch 1860/8556, Loss: 0.0963
  Batch 1880/8556, Loss: 0.6754
  Batch 1900/8556, Loss: 0.2919
  Batch 1920/8556, Loss: 0.7723
  Batch 1940/8556, Loss: 1.0283
  Batch 1960/8556, Loss: 0.4036
  Batch 1980/8556, Loss: 1.1718
  Batch 2000/8556, Loss: 0.3635
  Batch 2020/8556, Loss: 0.9843
  Batch 2040/8556, Loss: 0.4104
  Batch 2060/8556, Loss: 0.1447
  Batch 2080/8556, Loss: 0.6804
  Batch 2100/8556, Loss: 0.4964
  Batch 2120/8556, Loss: 0.1852
  Batch 2140/8556, Loss: 0.5734
  Batch 2160/8556, Loss: 0.7737
  Batch 2180/8556, Loss: 0.3575
  Batch 2200/8556, Loss: 0.1112
  Batch 2220/8556, Loss: 0.1717
  Batch 2240/8556, Loss: 0.3467
  Batch 2260/8556, Loss: 0.2158
  Batch 2280/8556, Loss: 0.2024
  Batch 2300/8556, Loss: 0.1664
  Batch 2320/8556, Loss: 1.3614
  Batch 2340/8556, Loss: 1.3024
  Batch 2360/8556, Loss: 0.6136
  Batch 2380/8556, Loss: 0.2027
  Batch 2400/8556, Loss: 0.6254
  Batch 2420/8556, Loss: 0.3436
  Batch 2440/8556, Loss: 0.7721
  Batch 2460/8556, Loss: 0.4850
  Batch 2480/8556, Loss: 0.2131
  Batch 2500/8556, Loss: 1.3883
  Batch 2520/8556, Loss: 1.0357
  Batch 2540/8556, Loss: 0.6136
  Batch 2560/8556, Loss: 0.4205
  Batch 2580/8556, Loss: 0.2225
  Batch 2600/8556, Loss: 0.3126
  Batch 2620/8556, Loss: 0.3663
  Batch 2640/8556, Loss: 0.1648
  Batch 2660/8556, Loss: 0.4321
  Batch 2680/8556, Loss: 0.4811
  Batch 2700/8556, Loss: 0.7647
  Batch 2720/8556, Loss: 0.4818
  Batch 2740/8556, Loss: 0.6430
  Batch 2760/8556, Loss: 0.3638
  Batch 2780/8556, Loss: 0.7885
  Batch 2800/8556, Loss: 0.1696
  Batch 2820/8556, Loss: 0.3708
  Batch 2840/8556, Loss: 0.2988
  Batch 2860/8556, Loss: 0.2481
  Batch 2880/8556, Loss: 0.4336
  Batch 2900/8556, Loss: 0.2503
  Batch 2920/8556, Loss: 0.4129
  Batch 2940/8556, Loss: 0.7680
  Batch 2960/8556, Loss: 0.5854
  Batch 2980/8556, Loss: 0.6078
  Batch 3000/8556, Loss: 0.1294
  Batch 3020/8556, Loss: 0.1095
  Batch 3040/8556, Loss: 1.0512
  Batch 3060/8556, Loss: 0.2483
  Batch 3080/8556, Loss: 0.3989
  Batch 3100/8556, Loss: 0.2547
  Batch 3120/8556, Loss: 0.4727
  Batch 3140/8556, Loss: 0.2402
  Batch 3160/8556, Loss: 0.3217
  Batch 3180/8556, Loss: 0.1249
  Batch 3200/8556, Loss: 0.1085
  Batch 3220/8556, Loss: 0.4081
  Batch 3240/8556, Loss: 0.7657
  Batch 3260/8556, Loss: 0.2605
  Batch 3280/8556, Loss: 0.3807
  Batch 3300/8556, Loss: 0.1712
  Batch 3320/8556, Loss: 0.2483
  Batch 3340/8556, Loss: 0.1584
  Batch 3360/8556, Loss: 0.0910
  Batch 3380/8556, Loss: 0.0896
  Batch 3400/8556, Loss: 0.5713
  Batch 3420/8556, Loss: 0.3957
  Batch 3440/8556, Loss: 0.1725
  Batch 3460/8556, Loss: 0.6383
  Batch 3480/8556, Loss: 0.8772
  Batch 3500/8556, Loss: 0.3652
  Batch 3520/8556, Loss: 0.4061
  Batch 3540/8556, Loss: 0.2399
  Batch 3560/8556, Loss: 0.1112
  Batch 3580/8556, Loss: 0.5834
  Batch 3600/8556, Loss: 1.3353
  Batch 3620/8556, Loss: 0.7485
  Batch 3640/8556, Loss: 0.7294
  Batch 3660/8556, Loss: 0.1833
  Batch 3680/8556, Loss: 0.2639
  Batch 3700/8556, Loss: 0.1104
  Batch 3720/8556, Loss: 0.2933
  Batch 3740/8556, Loss: 0.6983
  Batch 3760/8556, Loss: 0.7368
  Batch 3780/8556, Loss: 0.0756
  Batch 3800/8556, Loss: 0.2746
  Batch 3820/8556, Loss: 0.2854
  Batch 3840/8556, Loss: 0.0829
  Batch 3860/8556, Loss: 0.3519
  Batch 3880/8556, Loss: 0.3172
  Batch 3900/8556, Loss: 0.4775
  Batch 3920/8556, Loss: 0.6239
  Batch 3940/8556, Loss: 0.6930
  Batch 3960/8556, Loss: 0.2259
  Batch 3980/8556, Loss: 0.2755
  Batch 4000/8556, Loss: 0.1568
  Batch 4020/8556, Loss: 0.4047
  Batch 4040/8556, Loss: 0.8054
  Batch 4060/8556, Loss: 0.2477
  Batch 4080/8556, Loss: 0.6302
  Batch 4100/8556, Loss: 0.2327
  Batch 4120/8556, Loss: 0.3383
  Batch 4140/8556, Loss: 0.3507
  Batch 4160/8556, Loss: 0.3122
  Batch 4180/8556, Loss: 0.5690
  Batch 4200/8556, Loss: 0.8357
  Batch 4220/8556, Loss: 0.3701
  Batch 4240/8556, Loss: 1.1505
  Batch 4260/8556, Loss: 0.4251
  Batch 4280/8556, Loss: 0.3755
  Batch 4300/8556, Loss: 0.2933
  Batch 4320/8556, Loss: 0.1555
  Batch 4340/8556, Loss: 0.1778
  Batch 4360/8556, Loss: 0.1198
  Batch 4380/8556, Loss: 0.4156
  Batch 4400/8556, Loss: 0.1565
  Batch 4420/8556, Loss: 0.1782
  Batch 4440/8556, Loss: 0.1801
  Batch 4460/8556, Loss: 0.4354
  Batch 4480/8556, Loss: 0.1903
  Batch 4500/8556, Loss: 0.3348
  Batch 4520/8556, Loss: 1.0438
  Batch 4540/8556, Loss: 0.4385
  Batch 4560/8556, Loss: 0.3809
  Batch 4580/8556, Loss: 0.5433
  Batch 4600/8556, Loss: 0.1607
  Batch 4620/8556, Loss: 0.4411
  Batch 4640/8556, Loss: 0.7063
  Batch 4660/8556, Loss: 0.3080
  Batch 4680/8556, Loss: 0.2464
  Batch 4700/8556, Loss: 0.3778
  Batch 4720/8556, Loss: 0.4607
  Batch 4740/8556, Loss: 0.5043
  Batch 4760/8556, Loss: 0.3315
  Batch 4780/8556, Loss: 0.2872
  Batch 4800/8556, Loss: 0.2186
  Batch 4820/8556, Loss: 0.1272
  Batch 4840/8556, Loss: 0.3903
  Batch 4860/8556, Loss: 0.3845
  Batch 4880/8556, Loss: 0.3800
  Batch 4900/8556, Loss: 0.2288
  Batch 4920/8556, Loss: 0.4256
  Batch 4940/8556, Loss: 0.5446
  Batch 4960/8556, Loss: 0.1397
  Batch 4980/8556, Loss: 0.8014
  Batch 5000/8556, Loss: 0.4009
  Batch 5020/8556, Loss: 0.0629
  Batch 5040/8556, Loss: 0.2197
  Batch 5060/8556, Loss: 0.7336
  Batch 5080/8556, Loss: 0.5562
  Batch 5100/8556, Loss: 0.9597
  Batch 5120/8556, Loss: 0.2312
  Batch 5140/8556, Loss: 0.4486
  Batch 5160/8556, Loss: 0.5583
  Batch 5180/8556, Loss: 0.7972
  Batch 5200/8556, Loss: 0.3937
  Batch 5220/8556, Loss: 0.3379
  Batch 5240/8556, Loss: 0.3494
  Batch 5260/8556, Loss: 0.4434
  Batch 5280/8556, Loss: 0.4616
  Batch 5300/8556, Loss: 1.0516
  Batch 5320/8556, Loss: 0.2284
  Batch 5340/8556, Loss: 0.1919
  Batch 5360/8556, Loss: 0.3184
  Batch 5380/8556, Loss: 0.6396
  Batch 5400/8556, Loss: 0.2412
  Batch 5420/8556, Loss: 0.1977
  Batch 5440/8556, Loss: 0.5194
  Batch 5460/8556, Loss: 0.4523
  Batch 5480/8556, Loss: 0.6202
  Batch 5500/8556, Loss: 0.7042
  Batch 5520/8556, Loss: 0.0497
  Batch 5540/8556, Loss: 0.3658
  Batch 5560/8556, Loss: 0.2176
  Batch 5580/8556, Loss: 0.5539
  Batch 5600/8556, Loss: 0.2039
  Batch 5620/8556, Loss: 0.5394
  Batch 5640/8556, Loss: 0.2168
  Batch 5660/8556, Loss: 0.2041
  Batch 5680/8556, Loss: 0.2587
  Batch 5700/8556, Loss: 0.3061
  Batch 5720/8556, Loss: 0.0950
  Batch 5740/8556, Loss: 0.6589
  Batch 5760/8556, Loss: 0.4200
  Batch 5780/8556, Loss: 0.0668
  Batch 5800/8556, Loss: 0.3668
  Batch 5820/8556, Loss: 0.2059
  Batch 5840/8556, Loss: 0.1319
  Batch 5860/8556, Loss: 0.3252
  Batch 5880/8556, Loss: 0.2730
  Batch 5900/8556, Loss: 0.9444
  Batch 5920/8556, Loss: 0.3654
  Batch 5940/8556, Loss: 0.4454
  Batch 5960/8556, Loss: 0.3483
  Batch 5980/8556, Loss: 0.1621
  Batch 6000/8556, Loss: 0.5412
  Batch 6020/8556, Loss: 0.6568
  Batch 6040/8556, Loss: 0.4137
  Batch 6060/8556, Loss: 0.1265
  Batch 6080/8556, Loss: 0.5250
  Batch 6100/8556, Loss: 0.7094
  Batch 6120/8556, Loss: 0.2316
  Batch 6140/8556, Loss: 0.4408
  Batch 6160/8556, Loss: 0.2433
  Batch 6180/8556, Loss: 0.7007
  Batch 6200/8556, Loss: 0.4810
  Batch 6220/8556, Loss: 0.4947
  Batch 6240/8556, Loss: 0.3430
  Batch 6260/8556, Loss: 0.5711
  Batch 6280/8556, Loss: 0.0694
  Batch 6300/8556, Loss: 0.6127
  Batch 6320/8556, Loss: 0.7187
  Batch 6340/8556, Loss: 0.2701
  Batch 6360/8556, Loss: 0.1888
  Batch 6380/8556, Loss: 0.1410
  Batch 6400/8556, Loss: 0.1528
  Batch 6420/8556, Loss: 0.2074
  Batch 6440/8556, Loss: 0.4655
  Batch 6460/8556, Loss: 0.1027
  Batch 6480/8556, Loss: 0.6435
  Batch 6500/8556, Loss: 0.1391
  Batch 6520/8556, Loss: 0.6378
  Batch 6540/8556, Loss: 0.1301
  Batch 6560/8556, Loss: 0.4885
  Batch 6580/8556, Loss: 0.1864
  Batch 6600/8556, Loss: 0.1347
  Batch 6620/8556, Loss: 0.0818
  Batch 6640/8556, Loss: 0.0553
  Batch 6660/8556, Loss: 0.4394
  Batch 6680/8556, Loss: 0.3914
  Batch 6700/8556, Loss: 0.3350
  Batch 6720/8556, Loss: 0.0969
  Batch 6740/8556, Loss: 0.2375
  Batch 6760/8556, Loss: 0.4972
  Batch 6780/8556, Loss: 0.4020
  Batch 6800/8556, Loss: 0.1918
  Batch 6820/8556, Loss: 0.1184
  Batch 6840/8556, Loss: 0.5182
  Batch 6860/8556, Loss: 0.1838
  Batch 6880/8556, Loss: 0.2428
  Batch 6900/8556, Loss: 0.5125
  Batch 6920/8556, Loss: 0.5907
  Batch 6940/8556, Loss: 1.4194
  Batch 6960/8556, Loss: 0.6204
  Batch 6980/8556, Loss: 0.1520
  Batch 7000/8556, Loss: 0.2797
  Batch 7020/8556, Loss: 0.0638
  Batch 7040/8556, Loss: 0.1490
  Batch 7060/8556, Loss: 0.2816
  Batch 7080/8556, Loss: 0.5052
  Batch 7100/8556, Loss: 0.6416
  Batch 7120/8556, Loss: 0.4323
  Batch 7140/8556, Loss: 1.0655
  Batch 7160/8556, Loss: 0.1522
  Batch 7180/8556, Loss: 0.7875
  Batch 7200/8556, Loss: 0.4001
  Batch 7220/8556, Loss: 0.6969
  Batch 7240/8556, Loss: 0.4331
  Batch 7260/8556, Loss: 0.1226
  Batch 7280/8556, Loss: 0.2121
  Batch 7300/8556, Loss: 0.4681
  Batch 7320/8556, Loss: 0.1200
  Batch 7340/8556, Loss: 0.6469
  Batch 7360/8556, Loss: 0.7832
  Batch 7380/8556, Loss: 0.0453
  Batch 7400/8556, Loss: 0.2316
  Batch 7420/8556, Loss: 1.3192
  Batch 7440/8556, Loss: 0.2784
  Batch 7460/8556, Loss: 0.1248
  Batch 7480/8556, Loss: 0.7614
  Batch 7500/8556, Loss: 0.4071
  Batch 7520/8556, Loss: 0.1523
  Batch 7540/8556, Loss: 0.4000
  Batch 7560/8556, Loss: 0.2567
  Batch 7580/8556, Loss: 0.1657
  Batch 7600/8556, Loss: 0.2992
  Batch 7620/8556, Loss: 0.1676
  Batch 7640/8556, Loss: 0.1207
  Batch 7660/8556, Loss: 0.3944
  Batch 7680/8556, Loss: 0.2333
  Batch 7700/8556, Loss: 0.1655
  Batch 7720/8556, Loss: 0.3650
  Batch 7740/8556, Loss: 0.1873
  Batch 7760/8556, Loss: 0.3609
  Batch 7780/8556, Loss: 0.5526
  Batch 7800/8556, Loss: 0.2483
  Batch 7820/8556, Loss: 0.4954
  Batch 7840/8556, Loss: 0.1182
  Batch 7860/8556, Loss: 0.1761
  Batch 7880/8556, Loss: 0.3000
  Batch 7900/8556, Loss: 0.0708
  Batch 7920/8556, Loss: 0.0757
  Batch 7940/8556, Loss: 0.2518
  Batch 7960/8556, Loss: 0.6282
  Batch 7980/8556, Loss: 0.6783
  Batch 8000/8556, Loss: 1.0979
  Batch 8020/8556, Loss: 0.4534
  Batch 8040/8556, Loss: 0.4501
  Batch 8060/8556, Loss: 0.3971
  Batch 8080/8556, Loss: 0.5642
  Batch 8100/8556, Loss: 0.5993
  Batch 8120/8556, Loss: 0.9463
  Batch 8140/8556, Loss: 0.3218
  Batch 8160/8556, Loss: 0.3543
  Batch 8180/8556, Loss: 0.1022
  Batch 8200/8556, Loss: 0.4072
  Batch 8220/8556, Loss: 0.5488
  Batch 8240/8556, Loss: 0.5546
  Batch 8260/8556, Loss: 0.6297
  Batch 8280/8556, Loss: 0.1721
  Batch 8300/8556, Loss: 0.2594
  Batch 8320/8556, Loss: 0.6197
  Batch 8340/8556, Loss: 0.3861
  Batch 8360/8556, Loss: 0.4547
  Batch 8380/8556, Loss: 0.2903
  Batch 8400/8556, Loss: 0.3886
  Batch 8420/8556, Loss: 0.4809
  Batch 8440/8556, Loss: 0.7212
  Batch 8460/8556, Loss: 0.1871
  Batch 8480/8556, Loss: 0.3291
  Batch 8500/8556, Loss: 0.1762
  Batch 8520/8556, Loss: 0.2949
  Batch 8540/8556, Loss: 1.4201
Epoch 2/30 (343.9s)
  Train Loss: 0.4249, Acc: 0.7164
  Val Loss: 0.9413, Acc: 0.6123
  Best Val Acc: 0.6123
  LR: 5.00e-05
------------------------------------------------------------
  Batch 0/8556, Loss: 0.2242
  Batch 20/8556, Loss: 0.0680
  Batch 40/8556, Loss: 0.6230
  Batch 60/8556, Loss: 0.2192
  Batch 80/8556, Loss: 0.4359
  Batch 100/8556, Loss: 0.3193
  Batch 120/8556, Loss: 0.4858
  Batch 140/8556, Loss: 0.5728
  Batch 160/8556, Loss: 0.3678
  Batch 180/8556, Loss: 0.8063
  Batch 200/8556, Loss: 0.2540
  Batch 220/8556, Loss: 0.6117
  Batch 240/8556, Loss: 0.3720
  Batch 260/8556, Loss: 0.1113
  Batch 280/8556, Loss: 0.1646
  Batch 300/8556, Loss: 0.4497
  Batch 320/8556, Loss: 0.7608
  Batch 340/8556, Loss: 0.4400
  Batch 360/8556, Loss: 0.1507
  Batch 380/8556, Loss: 0.0896
  Batch 400/8556, Loss: 0.0651
  Batch 420/8556, Loss: 0.3628
  Batch 440/8556, Loss: 1.1215
  Batch 460/8556, Loss: 0.5468
  Batch 480/8556, Loss: 0.3434
  Batch 500/8556, Loss: 0.1188
  Batch 520/8556, Loss: 0.1716
  Batch 540/8556, Loss: 0.9845
  Batch 560/8556, Loss: 0.1639
  Batch 580/8556, Loss: 0.2435
  Batch 600/8556, Loss: 0.2005
  Batch 620/8556, Loss: 0.1912
  Batch 640/8556, Loss: 0.2536
  Batch 660/8556, Loss: 0.4209
  Batch 680/8556, Loss: 0.1874
  Batch 700/8556, Loss: 0.6120
  Batch 720/8556, Loss: 0.4236
  Batch 740/8556, Loss: 0.3508
  Batch 760/8556, Loss: 0.0672
  Batch 780/8556, Loss: 0.1588
  Batch 800/8556, Loss: 0.1531
  Batch 820/8556, Loss: 0.2477
  Batch 840/8556, Loss: 0.4829
  Batch 860/8556, Loss: 0.3449
  Batch 880/8556, Loss: 0.8933
  Batch 900/8556, Loss: 0.1816
  Batch 920/8556, Loss: 0.0973
  Batch 940/8556, Loss: 0.2473
  Batch 960/8556, Loss: 0.1238
  Batch 980/8556, Loss: 0.6167
  Batch 1000/8556, Loss: 0.0745
  Batch 1020/8556, Loss: 0.8128
  Batch 1040/8556, Loss: 0.1116
  Batch 1060/8556, Loss: 0.6137
  Batch 1080/8556, Loss: 0.4669
  Batch 1100/8556, Loss: 0.3938
  Batch 1120/8556, Loss: 0.1669
  Batch 1140/8556, Loss: 0.0894
  Batch 1160/8556, Loss: 0.1620
  Batch 1180/8556, Loss: 0.0652
  Batch 1200/8556, Loss: 0.6258
  Batch 1220/8556, Loss: 0.2920
  Batch 1240/8556, Loss: 0.6433
  Batch 1260/8556, Loss: 0.0665
  Batch 1280/8556, Loss: 0.1004
  Batch 1300/8556, Loss: 0.3233
  Batch 1320/8556, Loss: 0.3510
  Batch 1340/8556, Loss: 0.3484
  Batch 1360/8556, Loss: 0.1451
  Batch 1380/8556, Loss: 0.1348
  Batch 1400/8556, Loss: 0.1660
  Batch 1420/8556, Loss: 0.2594
  Batch 1440/8556, Loss: 0.9273
  Batch 1460/8556, Loss: 0.8704
  Batch 1480/8556, Loss: 0.4347
  Batch 1500/8556, Loss: 0.6224
  Batch 1520/8556, Loss: 0.0792
  Batch 1540/8556, Loss: 0.9299
  Batch 1560/8556, Loss: 0.9133
  Batch 1580/8556, Loss: 0.1137
  Batch 1600/8556, Loss: 0.0943
  Batch 1620/8556, Loss: 0.2434
  Batch 1640/8556, Loss: 0.1808
  Batch 1660/8556, Loss: 0.4190
  Batch 1680/8556, Loss: 0.1990
  Batch 1700/8556, Loss: 0.9476
  Batch 1720/8556, Loss: 0.7818
  Batch 1740/8556, Loss: 0.4650
  Batch 1760/8556, Loss: 0.2782
  Batch 1780/8556, Loss: 0.0938
  Batch 1800/8556, Loss: 0.1098
  Batch 1820/8556, Loss: 0.0689
  Batch 1840/8556, Loss: 0.1432
  Batch 1860/8556, Loss: 0.2665
  Batch 1880/8556, Loss: 0.1089
  Batch 1900/8556, Loss: 0.3323
  Batch 1920/8556, Loss: 0.2116
  Batch 1940/8556, Loss: 0.5914
  Batch 1960/8556, Loss: 0.6326
  Batch 1980/8556, Loss: 0.0414
  Batch 2000/8556, Loss: 0.0535
  Batch 2020/8556, Loss: 0.1289
  Batch 2040/8556, Loss: 0.7228
  Batch 2060/8556, Loss: 0.1020
  Batch 2080/8556, Loss: 0.3379
  Batch 2100/8556, Loss: 0.0548
  Batch 2120/8556, Loss: 0.4336
  Batch 2140/8556, Loss: 0.3466
  Batch 2160/8556, Loss: 0.0837
  Batch 2180/8556, Loss: 0.1798
  Batch 2200/8556, Loss: 0.2248
  Batch 2220/8556, Loss: 0.7046
  Batch 2240/8556, Loss: 0.6743
  Batch 2260/8556, Loss: 0.1152
  Batch 2280/8556, Loss: 0.2506
  Batch 2300/8556, Loss: 0.1659
  Batch 2320/8556, Loss: 0.8061
  Batch 2340/8556, Loss: 0.3325
  Batch 2360/8556, Loss: 0.0785
  Batch 2380/8556, Loss: 0.1959
  Batch 2400/8556, Loss: 0.1246
  Batch 2420/8556, Loss: 0.6708
  Batch 2440/8556, Loss: 0.7536
  Batch 2460/8556, Loss: 0.3016
  Batch 2480/8556, Loss: 0.5123
  Batch 2500/8556, Loss: 0.1649
  Batch 2520/8556, Loss: 0.3432
  Batch 2540/8556, Loss: 0.2209
  Batch 2560/8556, Loss: 0.1793
  Batch 2580/8556, Loss: 0.0754
  Batch 2600/8556, Loss: 0.7427
  Batch 2620/8556, Loss: 0.2611
  Batch 2640/8556, Loss: 0.2515
  Batch 2660/8556, Loss: 0.3065
  Batch 2680/8556, Loss: 0.3404
  Batch 2700/8556, Loss: 0.3815
  Batch 2720/8556, Loss: 0.2168
  Batch 2740/8556, Loss: 0.2075
  Batch 2760/8556, Loss: 0.6475
  Batch 2780/8556, Loss: 0.0446
  Batch 2800/8556, Loss: 0.1412
  Batch 2820/8556, Loss: 0.2670
  Batch 2840/8556, Loss: 0.7311
  Batch 2860/8556, Loss: 0.4379
  Batch 2880/8556, Loss: 0.0918
  Batch 2900/8556, Loss: 0.7563
  Batch 2920/8556, Loss: 0.2294
  Batch 2940/8556, Loss: 0.1203
  Batch 2960/8556, Loss: 0.4287
  Batch 2980/8556, Loss: 0.2779
  Batch 3000/8556, Loss: 1.2906
  Batch 3020/8556, Loss: 0.1374
  Batch 3040/8556, Loss: 0.2150
  Batch 3060/8556, Loss: 1.3543
  Batch 3080/8556, Loss: 0.1049
  Batch 3100/8556, Loss: 0.3539
  Batch 3120/8556, Loss: 0.8912
  Batch 3140/8556, Loss: 0.1005
  Batch 3160/8556, Loss: 0.6300
  Batch 3180/8556, Loss: 0.0446
  Batch 3200/8556, Loss: 0.7080
  Batch 3220/8556, Loss: 0.0676
  Batch 3240/8556, Loss: 0.8503
  Batch 3260/8556, Loss: 0.2070
  Batch 3280/8556, Loss: 0.2348
  Batch 3300/8556, Loss: 0.0729
  Batch 3320/8556, Loss: 0.0920
  Batch 3340/8556, Loss: 0.2918
  Batch 3360/8556, Loss: 0.0660
  Batch 3380/8556, Loss: 0.1142
  Batch 3400/8556, Loss: 0.1068
  Batch 3420/8556, Loss: 0.5105
  Batch 3440/8556, Loss: 0.1906
  Batch 3460/8556, Loss: 0.4290
  Batch 3480/8556, Loss: 0.1091
  Batch 3500/8556, Loss: 0.8357
  Batch 3520/8556, Loss: 0.3811
  Batch 3540/8556, Loss: 0.2237
  Batch 3560/8556, Loss: 0.2689
  Batch 3580/8556, Loss: 0.4202
  Batch 3600/8556, Loss: 0.3723
  Batch 3620/8556, Loss: 0.4181
  Batch 3640/8556, Loss: 0.2367
  Batch 3660/8556, Loss: 0.0551
  Batch 3680/8556, Loss: 0.2439
  Batch 3700/8556, Loss: 0.4860
  Batch 3720/8556, Loss: 0.0500
  Batch 3740/8556, Loss: 0.5232
  Batch 3760/8556, Loss: 0.6668
  Batch 3780/8556, Loss: 0.1782
  Batch 3800/8556, Loss: 0.7394
  Batch 3820/8556, Loss: 0.1341
  Batch 3840/8556, Loss: 0.0734
  Batch 3860/8556, Loss: 0.7734
  Batch 3880/8556, Loss: 0.2340
  Batch 3900/8556, Loss: 0.8381
  Batch 3920/8556, Loss: 1.3550
  Batch 3940/8556, Loss: 0.7770
  Batch 3960/8556, Loss: 0.6548
  Batch 3980/8556, Loss: 0.1339
  Batch 4000/8556, Loss: 0.1657
  Batch 4020/8556, Loss: 0.1787
  Batch 4040/8556, Loss: 0.3781
  Batch 4060/8556, Loss: 0.1733
  Batch 4080/8556, Loss: 0.9174
  Batch 4100/8556, Loss: 0.2196
  Batch 4120/8556, Loss: 0.3887
  Batch 4140/8556, Loss: 0.0845
  Batch 4160/8556, Loss: 0.4889
  Batch 4180/8556, Loss: 0.0788
  Batch 4200/8556, Loss: 0.6391
  Batch 4220/8556, Loss: 0.0618
  Batch 4240/8556, Loss: 0.7065
  Batch 4260/8556, Loss: 0.0500
  Batch 4280/8556, Loss: 0.7981
  Batch 4300/8556, Loss: 0.2460
  Batch 4320/8556, Loss: 0.2662
  Batch 4340/8556, Loss: 0.1439
  Batch 4360/8556, Loss: 0.2414
  Batch 4380/8556, Loss: 0.0904
  Batch 4400/8556, Loss: 0.0510
  Batch 4420/8556, Loss: 0.8168
  Batch 4440/8556, Loss: 0.2785
  Batch 4460/8556, Loss: 0.0839
  Batch 4480/8556, Loss: 0.1955
  Batch 4500/8556, Loss: 0.2786
  Batch 4520/8556, Loss: 0.3933
  Batch 4540/8556, Loss: 0.0679
  Batch 4560/8556, Loss: 0.6776
  Batch 4580/8556, Loss: 0.4250
  Batch 4600/8556, Loss: 0.1413
  Batch 4620/8556, Loss: 0.3255
  Batch 4640/8556, Loss: 0.1733
  Batch 4660/8556, Loss: 0.7553
  Batch 4680/8556, Loss: 0.2201
  Batch 4700/8556, Loss: 0.0619
  Batch 4720/8556, Loss: 0.5749
  Batch 4740/8556, Loss: 0.4671
  Batch 4760/8556, Loss: 0.3501
  Batch 4780/8556, Loss: 0.0620
  Batch 4800/8556, Loss: 0.1885
  Batch 4820/8556, Loss: 0.2510
  Batch 4840/8556, Loss: 0.0495
  Batch 4860/8556, Loss: 0.1228
  Batch 4880/8556, Loss: 0.1338
  Batch 4900/8556, Loss: 0.0565
  Batch 4920/8556, Loss: 0.2616
  Batch 4940/8556, Loss: 0.5145
  Batch 4960/8556, Loss: 0.0694
  Batch 4980/8556, Loss: 0.5272
  Batch 5000/8556, Loss: 0.8419
  Batch 5020/8556, Loss: 0.1753
  Batch 5040/8556, Loss: 0.6021
  Batch 5060/8556, Loss: 0.0837
  Batch 5080/8556, Loss: 0.4727
  Batch 5100/8556, Loss: 0.2930
  Batch 5120/8556, Loss: 0.1197
  Batch 5140/8556, Loss: 0.7846
  Batch 5160/8556, Loss: 0.9251
  Batch 5180/8556, Loss: 0.4083
  Batch 5200/8556, Loss: 0.5999
  Batch 5220/8556, Loss: 0.3807
  Batch 5240/8556, Loss: 0.1670
  Batch 5260/8556, Loss: 0.5028
  Batch 5280/8556, Loss: 0.4707
  Batch 5300/8556, Loss: 0.5820
  Batch 5320/8556, Loss: 0.4245
  Batch 5340/8556, Loss: 1.0351
  Batch 5360/8556, Loss: 0.0520
  Batch 5380/8556, Loss: 0.1835
  Batch 5400/8556, Loss: 0.3543
  Batch 5420/8556, Loss: 0.0939
  Batch 5440/8556, Loss: 0.1320
  Batch 5460/8556, Loss: 0.2201
  Batch 5480/8556, Loss: 0.2960
  Batch 5500/8556, Loss: 0.0290
  Batch 5520/8556, Loss: 0.0677
  Batch 5540/8556, Loss: 0.4080
  Batch 5560/8556, Loss: 0.5370
  Batch 5580/8556, Loss: 0.0608
  Batch 5600/8556, Loss: 0.1043
  Batch 5620/8556, Loss: 0.3451
  Batch 5640/8556, Loss: 0.9406
  Batch 5660/8556, Loss: 0.3469
  Batch 5680/8556, Loss: 0.8909
  Batch 5700/8556, Loss: 0.3312
  Batch 5720/8556, Loss: 0.4837
  Batch 5740/8556, Loss: 0.2187
  Batch 5760/8556, Loss: 0.4321
  Batch 5780/8556, Loss: 0.5961
  Batch 5800/8556, Loss: 0.5482
  Batch 5820/8556, Loss: 0.4279
  Batch 5840/8556, Loss: 0.0551
  Batch 5860/8556, Loss: 0.2460
  Batch 5880/8556, Loss: 0.3205
  Batch 5900/8556, Loss: 0.1757
  Batch 5920/8556, Loss: 0.2016
  Batch 5940/8556, Loss: 0.8501
  Batch 5960/8556, Loss: 0.6205
  Batch 5980/8556, Loss: 0.4502
  Batch 6000/8556, Loss: 0.0856
  Batch 6020/8556, Loss: 0.4138
  Batch 6040/8556, Loss: 0.2895
  Batch 6060/8556, Loss: 0.3498
  Batch 6080/8556, Loss: 0.7099
  Batch 6100/8556, Loss: 0.5032
  Batch 6120/8556, Loss: 0.1141
  Batch 6140/8556, Loss: 0.6154
  Batch 6160/8556, Loss: 0.4195
  Batch 6180/8556, Loss: 0.0818
  Batch 6200/8556, Loss: 0.4544
  Batch 6220/8556, Loss: 0.1957
  Batch 6240/8556, Loss: 0.7181
  Batch 6260/8556, Loss: 0.5376
  Batch 6280/8556, Loss: 0.3678
  Batch 6300/8556, Loss: 0.2485
  Batch 6320/8556, Loss: 0.2343
  Batch 6340/8556, Loss: 0.5489
  Batch 6360/8556, Loss: 0.3418
  Batch 6380/8556, Loss: 0.1030
  Batch 6400/8556, Loss: 0.7716
  Batch 6420/8556, Loss: 0.5006
  Batch 6440/8556, Loss: 0.3023
  Batch 6460/8556, Loss: 0.1772
  Batch 6480/8556, Loss: 0.3774
  Batch 6500/8556, Loss: 0.2602
  Batch 6520/8556, Loss: 0.2916
  Batch 6540/8556, Loss: 0.2977
  Batch 6560/8556, Loss: 0.3089
  Batch 6580/8556, Loss: 0.0412
  Batch 6600/8556, Loss: 0.0844
  Batch 6620/8556, Loss: 0.4948
  Batch 6640/8556, Loss: 0.1679
  Batch 6660/8556, Loss: 0.0690
  Batch 6680/8556, Loss: 0.0720
  Batch 6700/8556, Loss: 0.4804
  Batch 6720/8556, Loss: 0.3807
  Batch 6740/8556, Loss: 0.0791
  Batch 6760/8556, Loss: 0.3485
  Batch 6780/8556, Loss: 0.0967
  Batch 6800/8556, Loss: 0.8287
  Batch 6820/8556, Loss: 0.4100
  Batch 6840/8556, Loss: 0.0700
  Batch 6860/8556, Loss: 0.0889
  Batch 6880/8556, Loss: 0.0975
  Batch 6900/8556, Loss: 0.0787
  Batch 6920/8556, Loss: 0.2938
  Batch 6940/8556, Loss: 0.2107
  Batch 6960/8556, Loss: 0.0408
  Batch 6980/8556, Loss: 0.1665
  Batch 7000/8556, Loss: 0.0415
  Batch 7020/8556, Loss: 0.4833
  Batch 7040/8556, Loss: 0.0735
  Batch 7060/8556, Loss: 0.1318
  Batch 7080/8556, Loss: 0.3287
  Batch 7100/8556, Loss: 0.0931
  Batch 7120/8556, Loss: 0.0564
  Batch 7140/8556, Loss: 0.0227
  Batch 7160/8556, Loss: 0.3616
  Batch 7180/8556, Loss: 0.0682
  Batch 7200/8556, Loss: 0.0687
  Batch 7220/8556, Loss: 0.6732
  Batch 7240/8556, Loss: 0.1342
  Batch 7260/8556, Loss: 0.4506
  Batch 7280/8556, Loss: 0.4114
  Batch 7300/8556, Loss: 0.5902
  Batch 7320/8556, Loss: 0.9416
  Batch 7340/8556, Loss: 0.0590
  Batch 7360/8556, Loss: 0.0893
  Batch 7380/8556, Loss: 0.1380
  Batch 7400/8556, Loss: 0.0907
  Batch 7420/8556, Loss: 0.0885
  Batch 7440/8556, Loss: 0.2931
  Batch 7460/8556, Loss: 0.3862
  Batch 7480/8556, Loss: 0.7191
  Batch 7500/8556, Loss: 0.5614
  Batch 7520/8556, Loss: 0.2711
  Batch 7540/8556, Loss: 0.3347
  Batch 7560/8556, Loss: 0.0632
  Batch 7580/8556, Loss: 0.1297
  Batch 7600/8556, Loss: 0.4179
  Batch 7620/8556, Loss: 0.0546
  Batch 7640/8556, Loss: 0.4783
  Batch 7660/8556, Loss: 1.2215
  Batch 7680/8556, Loss: 0.2718
  Batch 7700/8556, Loss: 0.2990
  Batch 7720/8556, Loss: 0.7889
  Batch 7740/8556, Loss: 0.3328
  Batch 7760/8556, Loss: 0.1147
  Batch 7780/8556, Loss: 0.3408
  Batch 7800/8556, Loss: 0.6978
  Batch 7820/8556, Loss: 0.0988
  Batch 7840/8556, Loss: 0.0747
  Batch 7860/8556, Loss: 0.0323
  Batch 7880/8556, Loss: 0.2213
  Batch 7900/8556, Loss: 0.2814
  Batch 7920/8556, Loss: 0.3105
  Batch 7940/8556, Loss: 0.2284
  Batch 7960/8556, Loss: 0.4150
  Batch 7980/8556, Loss: 0.4329
  Batch 8000/8556, Loss: 0.0707
  Batch 8020/8556, Loss: 0.2580
  Batch 8040/8556, Loss: 0.0551
  Batch 8060/8556, Loss: 0.1599
  Batch 8080/8556, Loss: 0.6053
  Batch 8100/8556, Loss: 0.1612
  Batch 8120/8556, Loss: 0.2240
  Batch 8140/8556, Loss: 0.5422
  Batch 8160/8556, Loss: 0.3172
  Batch 8180/8556, Loss: 0.4797
  Batch 8200/8556, Loss: 0.1400
  Batch 8220/8556, Loss: 0.0791
  Batch 8240/8556, Loss: 0.2232
  Batch 8260/8556, Loss: 0.9686
  Batch 8280/8556, Loss: 0.1428
  Batch 8300/8556, Loss: 0.0598
  Batch 8320/8556, Loss: 0.1208
  Batch 8340/8556, Loss: 0.8127
  Batch 8360/8556, Loss: 0.1539
  Batch 8380/8556, Loss: 0.0598
  Batch 8400/8556, Loss: 0.3046
  Batch 8420/8556, Loss: 0.5221
  Batch 8440/8556, Loss: 0.3100
  Batch 8460/8556, Loss: 0.3432
  Batch 8480/8556, Loss: 0.2587
  Batch 8500/8556, Loss: 0.2246
  Batch 8520/8556, Loss: 0.2803
  Batch 8540/8556, Loss: 0.2701
Epoch 3/30 (347.8s)
  Train Loss: 0.3589, Acc: 0.7351
  Val Loss: 1.0914, Acc: 0.6166
  Best Val Acc: 0.6166
  LR: 5.00e-05
------------------------------------------------------------
  Batch 0/8556, Loss: 0.4080
  Batch 20/8556, Loss: 0.5393
  Batch 40/8556, Loss: 0.4913
  Batch 60/8556, Loss: 0.3498
  Batch 80/8556, Loss: 0.0304
  Batch 100/8556, Loss: 0.6629
  Batch 120/8556, Loss: 0.1349
  Batch 140/8556, Loss: 0.3647
  Batch 160/8556, Loss: 0.7196
  Batch 180/8556, Loss: 0.8949
  Batch 200/8556, Loss: 0.4219
  Batch 220/8556, Loss: 0.0693
  Batch 240/8556, Loss: 0.5050
  Batch 260/8556, Loss: 0.6375
  Batch 280/8556, Loss: 0.3111
  Batch 300/8556, Loss: 0.0422
  Batch 320/8556, Loss: 0.9235
  Batch 340/8556, Loss: 0.7833
  Batch 360/8556, Loss: 0.7981
  Batch 380/8556, Loss: 0.0478
  Batch 400/8556, Loss: 0.3631
  Batch 420/8556, Loss: 0.4417
  Batch 440/8556, Loss: 0.0872
  Batch 460/8556, Loss: 0.0437
  Batch 480/8556, Loss: 0.7247
  Batch 500/8556, Loss: 0.3778
  Batch 520/8556, Loss: 0.1035
  Batch 540/8556, Loss: 0.2216
  Batch 560/8556, Loss: 0.3170
  Batch 580/8556, Loss: 0.6142
  Batch 600/8556, Loss: 0.2414
  Batch 620/8556, Loss: 0.0980
  Batch 640/8556, Loss: 0.2549
  Batch 660/8556, Loss: 0.4106
  Batch 680/8556, Loss: 0.1592
  Batch 700/8556, Loss: 0.3053
  Batch 720/8556, Loss: 0.2328
  Batch 740/8556, Loss: 0.8217
  Batch 760/8556, Loss: 0.0277
  Batch 780/8556, Loss: 0.1470
  Batch 800/8556, Loss: 0.5688
  Batch 820/8556, Loss: 0.9007
  Batch 840/8556, Loss: 0.2482
  Batch 860/8556, Loss: 0.1860
  Batch 880/8556, Loss: 0.0448
  Batch 900/8556, Loss: 0.4736
  Batch 920/8556, Loss: 0.1880
  Batch 940/8556, Loss: 0.2206
  Batch 960/8556, Loss: 0.0448
  Batch 980/8556, Loss: 0.1569
  Batch 1000/8556, Loss: 0.1271
  Batch 1020/8556, Loss: 0.5304
  Batch 1040/8556, Loss: 0.0286
  Batch 1060/8556, Loss: 0.0943
  Batch 1080/8556, Loss: 0.2282
  Batch 1100/8556, Loss: 0.3386
  Batch 1120/8556, Loss: 0.5133
  Batch 1140/8556, Loss: 0.8721
  Batch 1160/8556, Loss: 0.8376
  Batch 1180/8556, Loss: 0.4323
  Batch 1200/8556, Loss: 0.0587
  Batch 1220/8556, Loss: 0.0359
  Batch 1240/8556, Loss: 0.1624
  Batch 1260/8556, Loss: 0.2828
  Batch 1280/8556, Loss: 0.4770
  Batch 1300/8556, Loss: 0.1354
  Batch 1320/8556, Loss: 0.0640
  Batch 1340/8556, Loss: 1.2088
  Batch 1360/8556, Loss: 0.0832
  Batch 1380/8556, Loss: 0.3338
  Batch 1400/8556, Loss: 0.0551
  Batch 1420/8556, Loss: 0.0560
  Batch 1440/8556, Loss: 0.2644
  Batch 1460/8556, Loss: 0.0514
  Batch 1480/8556, Loss: 0.2849
  Batch 1500/8556, Loss: 0.1729
  Batch 1520/8556, Loss: 0.1224
  Batch 1540/8556, Loss: 0.1265
  Batch 1560/8556, Loss: 0.2459
  Batch 1580/8556, Loss: 0.1062
  Batch 1600/8556, Loss: 0.5507
  Batch 1620/8556, Loss: 0.2263
  Batch 1640/8556, Loss: 0.5238
  Batch 1660/8556, Loss: 0.1890
  Batch 1680/8556, Loss: 0.5874
  Batch 1700/8556, Loss: 0.3449
  Batch 1720/8556, Loss: 0.2908
  Batch 1740/8556, Loss: 0.0294
  Batch 1760/8556, Loss: 0.7523
  Batch 1780/8556, Loss: 0.4499
  Batch 1800/8556, Loss: 0.4852
  Batch 1820/8556, Loss: 0.0823
  Batch 1840/8556, Loss: 0.2163
  Batch 1860/8556, Loss: 0.2836
  Batch 1880/8556, Loss: 0.3108
  Batch 1900/8556, Loss: 0.0732
  Batch 1920/8556, Loss: 0.1090
  Batch 1940/8556, Loss: 0.5145
  Batch 1960/8556, Loss: 0.6690
  Batch 1980/8556, Loss: 0.2118
  Batch 2000/8556, Loss: 0.3834
  Batch 2020/8556, Loss: 0.2069
  Batch 2040/8556, Loss: 0.2169
  Batch 2060/8556, Loss: 0.2948
  Batch 2080/8556, Loss: 0.1683
  Batch 2100/8556, Loss: 0.1845
  Batch 2120/8556, Loss: 0.0915
  Batch 2140/8556, Loss: 0.5579
  Batch 2160/8556, Loss: 0.1408
  Batch 2180/8556, Loss: 0.2238
  Batch 2200/8556, Loss: 0.1819
  Batch 2220/8556, Loss: 0.1073
  Batch 2240/8556, Loss: 0.8070
  Batch 2260/8556, Loss: 0.1301
  Batch 2280/8556, Loss: 0.7660
  Batch 2300/8556, Loss: 0.2315
  Batch 2320/8556, Loss: 0.1307
  Batch 2340/8556, Loss: 0.0761
  Batch 2360/8556, Loss: 0.6960
  Batch 2380/8556, Loss: 0.3613
  Batch 2400/8556, Loss: 0.3866
  Batch 2420/8556, Loss: 0.8231
  Batch 2440/8556, Loss: 0.3031
  Batch 2460/8556, Loss: 0.7537
  Batch 2480/8556, Loss: 0.1340
  Batch 2500/8556, Loss: 0.6886
  Batch 2520/8556, Loss: 0.5491
  Batch 2540/8556, Loss: 0.1613
  Batch 2560/8556, Loss: 0.3363
  Batch 2580/8556, Loss: 0.0205
  Batch 2600/8556, Loss: 0.0281
  Batch 2620/8556, Loss: 0.2652
  Batch 2640/8556, Loss: 0.5369
  Batch 2660/8556, Loss: 0.0264
  Batch 2680/8556, Loss: 0.2299
  Batch 2700/8556, Loss: 0.1872
  Batch 2720/8556, Loss: 0.4865
  Batch 2740/8556, Loss: 0.3570
  Batch 2760/8556, Loss: 0.0214
  Batch 2780/8556, Loss: 0.0340
  Batch 2800/8556, Loss: 0.3979
  Batch 2820/8556, Loss: 0.1283
  Batch 2840/8556, Loss: 0.0274
  Batch 2860/8556, Loss: 0.7564
  Batch 2880/8556, Loss: 0.1291
  Batch 2900/8556, Loss: 0.1952
  Batch 2920/8556, Loss: 0.3613
  Batch 2940/8556, Loss: 0.0732
  Batch 2960/8556, Loss: 0.2115
  Batch 2980/8556, Loss: 0.7149
  Batch 3000/8556, Loss: 0.6346
  Batch 3020/8556, Loss: 0.0946
  Batch 3040/8556, Loss: 0.2971
  Batch 3060/8556, Loss: 0.2829
  Batch 3080/8556, Loss: 0.0142
  Batch 3100/8556, Loss: 0.1793
  Batch 3120/8556, Loss: 0.3963
  Batch 3140/8556, Loss: 0.1080
  Batch 3160/8556, Loss: 0.6423
  Batch 3180/8556, Loss: 0.6680
  Batch 3200/8556, Loss: 0.7091
  Batch 3220/8556, Loss: 0.6565
  Batch 3240/8556, Loss: 0.4240
  Batch 3260/8556, Loss: 0.1066
  Batch 3280/8556, Loss: 0.0955
  Batch 3300/8556, Loss: 0.2072
  Batch 3320/8556, Loss: 0.5671
  Batch 3340/8556, Loss: 0.2767
  Batch 3360/8556, Loss: 0.1659
  Batch 3380/8556, Loss: 0.5975
  Batch 3400/8556, Loss: 0.0324
  Batch 3420/8556, Loss: 0.3951
  Batch 3440/8556, Loss: 0.2039
  Batch 3460/8556, Loss: 1.1091
  Batch 3480/8556, Loss: 0.9592
  Batch 3500/8556, Loss: 1.0833
  Batch 3520/8556, Loss: 0.3698
  Batch 3540/8556, Loss: 0.3657
  Batch 3560/8556, Loss: 0.3691
  Batch 3580/8556, Loss: 0.1850
  Batch 3600/8556, Loss: 0.2137
  Batch 3620/8556, Loss: 0.0997
  Batch 3640/8556, Loss: 0.4689
  Batch 3660/8556, Loss: 0.0671
  Batch 3680/8556, Loss: 0.0858
  Batch 3700/8556, Loss: 0.4079
  Batch 3720/8556, Loss: 0.1269
  Batch 3740/8556, Loss: 0.1921
  Batch 3760/8556, Loss: 0.2984
  Batch 3780/8556, Loss: 0.0580
  Batch 3800/8556, Loss: 0.0202
  Batch 3820/8556, Loss: 0.1247
  Batch 3840/8556, Loss: 0.2504
  Batch 3860/8556, Loss: 0.8139
  Batch 3880/8556, Loss: 0.2933
  Batch 3900/8556, Loss: 0.2590
  Batch 3920/8556, Loss: 0.3275
  Batch 3940/8556, Loss: 0.0541
  Batch 3960/8556, Loss: 0.8877
  Batch 3980/8556, Loss: 0.4690
  Batch 4000/8556, Loss: 0.2670
  Batch 4020/8556, Loss: 0.5623
  Batch 4040/8556, Loss: 0.9276
  Batch 4060/8556, Loss: 0.1709
  Batch 4080/8556, Loss: 0.1632
  Batch 4100/8556, Loss: 0.5112
  Batch 4120/8556, Loss: 0.5988
  Batch 4140/8556, Loss: 0.1900
  Batch 4160/8556, Loss: 0.1372
  Batch 4180/8556, Loss: 0.0458
  Batch 4200/8556, Loss: 0.2376
  Batch 4220/8556, Loss: 1.0748
  Batch 4240/8556, Loss: 0.2751
  Batch 4260/8556, Loss: 0.0568
  Batch 4280/8556, Loss: 0.2068
  Batch 4300/8556, Loss: 1.0157
  Batch 4320/8556, Loss: 0.0461
  Batch 4340/8556, Loss: 0.2669
  Batch 4360/8556, Loss: 0.5936
  Batch 4380/8556, Loss: 0.0585
  Batch 4400/8556, Loss: 0.1304
  Batch 4420/8556, Loss: 0.4013
  Batch 4440/8556, Loss: 0.1274
  Batch 4460/8556, Loss: 0.5719
  Batch 4480/8556, Loss: 1.2269
  Batch 4500/8556, Loss: 0.5641
  Batch 4520/8556, Loss: 0.4174
  Batch 4540/8556, Loss: 0.7433
  Batch 4560/8556, Loss: 0.1115
  Batch 4580/8556, Loss: 0.0897
  Batch 4600/8556, Loss: 0.2905
  Batch 4620/8556, Loss: 0.2263
  Batch 4640/8556, Loss: 0.3045
  Batch 4660/8556, Loss: 1.2481
  Batch 4680/8556, Loss: 0.0797
  Batch 4700/8556, Loss: 0.0294
  Batch 4720/8556, Loss: 0.1157
  Batch 4740/8556, Loss: 0.3762
  Batch 4760/8556, Loss: 0.0968
  Batch 4780/8556, Loss: 0.1619
  Batch 4800/8556, Loss: 0.4244
  Batch 4820/8556, Loss: 0.3779
  Batch 4840/8556, Loss: 0.1240
  Batch 4860/8556, Loss: 0.3515
  Batch 4880/8556, Loss: 0.1715
  Batch 4900/8556, Loss: 1.1966
  Batch 4920/8556, Loss: 0.1048
  Batch 4940/8556, Loss: 0.2139
  Batch 4960/8556, Loss: 0.4387
  Batch 4980/8556, Loss: 0.3841
  Batch 5000/8556, Loss: 0.1051
  Batch 5020/8556, Loss: 0.0366
  Batch 5040/8556, Loss: 0.0510
  Batch 5060/8556, Loss: 0.6087
  Batch 5080/8556, Loss: 0.1401
  Batch 5100/8556, Loss: 0.2512
  Batch 5120/8556, Loss: 0.3693
  Batch 5140/8556, Loss: 0.1663
  Batch 5160/8556, Loss: 0.0362
  Batch 5180/8556, Loss: 0.0274
  Batch 5200/8556, Loss: 0.2048
  Batch 5220/8556, Loss: 0.2466
  Batch 5240/8556, Loss: 0.9287
  Batch 5260/8556, Loss: 0.2862
  Batch 5280/8556, Loss: 0.1803
  Batch 5300/8556, Loss: 0.3255
  Batch 5320/8556, Loss: 0.0711
  Batch 5340/8556, Loss: 0.2551
  Batch 5360/8556, Loss: 0.4884
  Batch 5380/8556, Loss: 0.1387
  Batch 5400/8556, Loss: 0.9690
  Batch 5420/8556, Loss: 0.0509
  Batch 5440/8556, Loss: 0.2723
  Batch 5460/8556, Loss: 0.3393
  Batch 5480/8556, Loss: 0.0947
  Batch 5500/8556, Loss: 0.0318
  Batch 5520/8556, Loss: 0.5262
  Batch 5540/8556, Loss: 0.0658
  Batch 5560/8556, Loss: 0.3939
  Batch 5580/8556, Loss: 0.3966
  Batch 5600/8556, Loss: 0.7125
  Batch 5620/8556, Loss: 0.1650
  Batch 5640/8556, Loss: 0.1769
  Batch 5660/8556, Loss: 0.0397
  Batch 5680/8556, Loss: 0.5327
  Batch 5700/8556, Loss: 0.0365
  Batch 5720/8556, Loss: 0.1381
  Batch 5740/8556, Loss: 0.0540
  Batch 5760/8556, Loss: 0.5130
  Batch 5780/8556, Loss: 0.2767
  Batch 5800/8556, Loss: 0.4536
  Batch 5820/8556, Loss: 0.0465
  Batch 5840/8556, Loss: 0.3859
  Batch 5860/8556, Loss: 0.2112
  Batch 5880/8556, Loss: 0.6760
  Batch 5900/8556, Loss: 0.9087
  Batch 5920/8556, Loss: 0.0749
  Batch 5940/8556, Loss: 0.0575
  Batch 5960/8556, Loss: 0.3555
  Batch 5980/8556, Loss: 0.7071
  Batch 6000/8556, Loss: 0.3228
  Batch 6020/8556, Loss: 0.1392
  Batch 6040/8556, Loss: 0.0451
  Batch 6060/8556, Loss: 0.1380
  Batch 6080/8556, Loss: 0.1688
  Batch 6100/8556, Loss: 0.2302
  Batch 6120/8556, Loss: 0.1341
  Batch 6140/8556, Loss: 0.1385
  Batch 6160/8556, Loss: 0.8958
  Batch 6180/8556, Loss: 0.1673
  Batch 6200/8556, Loss: 0.1258
  Batch 6220/8556, Loss: 0.2637
  Batch 6240/8556, Loss: 0.3232
  Batch 6260/8556, Loss: 0.2152
  Batch 6280/8556, Loss: 0.3134
  Batch 6300/8556, Loss: 0.5647
  Batch 6320/8556, Loss: 0.6954
  Batch 6340/8556, Loss: 0.1969
  Batch 6360/8556, Loss: 0.5199
  Batch 6380/8556, Loss: 0.4812
  Batch 6400/8556, Loss: 0.1736
  Batch 6420/8556, Loss: 0.0248
  Batch 6440/8556, Loss: 0.7605
  Batch 6460/8556, Loss: 0.0653
  Batch 6480/8556, Loss: 0.1625
  Batch 6500/8556, Loss: 0.9108
  Batch 6520/8556, Loss: 0.2983
  Batch 6540/8556, Loss: 0.0299
  Batch 6560/8556, Loss: 0.1577
  Batch 6580/8556, Loss: 0.1568
  Batch 6600/8556, Loss: 0.1190
  Batch 6620/8556, Loss: 0.0743
  Batch 6640/8556, Loss: 0.1142
  Batch 6660/8556, Loss: 0.0177
  Batch 6680/8556, Loss: 0.6517
  Batch 6700/8556, Loss: 0.2216
  Batch 6720/8556, Loss: 0.2376
  Batch 6740/8556, Loss: 0.2236
  Batch 6760/8556, Loss: 0.1174
  Batch 6780/8556, Loss: 0.0542
  Batch 6800/8556, Loss: 0.7366
  Batch 6820/8556, Loss: 0.6533
  Batch 6840/8556, Loss: 0.7637
  Batch 6860/8556, Loss: 0.2100
  Batch 6880/8556, Loss: 0.1930
  Batch 6900/8556, Loss: 0.2037
  Batch 6920/8556, Loss: 0.0761
  Batch 6940/8556, Loss: 0.0184
  Batch 6960/8556, Loss: 0.7075
  Batch 6980/8556, Loss: 0.3018
  Batch 7000/8556, Loss: 0.6502
  Batch 7020/8556, Loss: 0.3591
  Batch 7040/8556, Loss: 0.2666
  Batch 7060/8556, Loss: 0.1150
  Batch 7080/8556, Loss: 0.0440
  Batch 7100/8556, Loss: 0.7334
  Batch 7120/8556, Loss: 0.3426
  Batch 7140/8556, Loss: 0.4148
  Batch 7160/8556, Loss: 0.1351
  Batch 7180/8556, Loss: 0.1232
  Batch 7200/8556, Loss: 0.4491
  Batch 7220/8556, Loss: 0.6614
  Batch 7240/8556, Loss: 0.1541
  Batch 7260/8556, Loss: 0.1642
  Batch 7280/8556, Loss: 0.2477
  Batch 7300/8556, Loss: 0.4638
  Batch 7320/8556, Loss: 0.6138
  Batch 7340/8556, Loss: 0.3357
  Batch 7360/8556, Loss: 0.0762
  Batch 7380/8556, Loss: 0.7801
  Batch 7400/8556, Loss: 0.1215
  Batch 7420/8556, Loss: 0.7404
  Batch 7440/8556, Loss: 0.7740
  Batch 7460/8556, Loss: 0.0413
  Batch 7480/8556, Loss: 1.1881
  Batch 7500/8556, Loss: 0.2428
  Batch 7520/8556, Loss: 0.1353
  Batch 7540/8556, Loss: 0.0598
  Batch 7560/8556, Loss: 0.2106
  Batch 7580/8556, Loss: 0.1873
  Batch 7600/8556, Loss: 0.1496
  Batch 7620/8556, Loss: 0.1811
  Batch 7640/8556, Loss: 0.6718
  Batch 7660/8556, Loss: 0.0721
  Batch 7680/8556, Loss: 0.1143
  Batch 7700/8556, Loss: 0.5433
  Batch 7720/8556, Loss: 0.2528
  Batch 7740/8556, Loss: 0.0179
  Batch 7760/8556, Loss: 0.1056
  Batch 7780/8556, Loss: 0.0606
  Batch 7800/8556, Loss: 0.1814
  Batch 7820/8556, Loss: 0.0441
  Batch 7840/8556, Loss: 0.2961
  Batch 7860/8556, Loss: 0.1415
  Batch 7880/8556, Loss: 0.1132
  Batch 7900/8556, Loss: 0.0254
  Batch 7920/8556, Loss: 0.0335
  Batch 7940/8556, Loss: 0.2056
  Batch 7960/8556, Loss: 0.3153
  Batch 7980/8556, Loss: 0.8497
  Batch 8000/8556, Loss: 0.0422
  Batch 8020/8556, Loss: 0.5704
  Batch 8040/8556, Loss: 0.1883
  Batch 8060/8556, Loss: 0.0563
  Batch 8080/8556, Loss: 0.9556
  Batch 8100/8556, Loss: 0.3705
  Batch 8120/8556, Loss: 0.4200
  Batch 8140/8556, Loss: 1.0151
  Batch 8160/8556, Loss: 0.0296
  Batch 8180/8556, Loss: 0.0350
  Batch 8200/8556, Loss: 0.0655
  Batch 8220/8556, Loss: 0.0707
  Batch 8240/8556, Loss: 0.0827
  Batch 8260/8556, Loss: 0.0612
  Batch 8280/8556, Loss: 0.0736
  Batch 8300/8556, Loss: 1.1353
  Batch 8320/8556, Loss: 1.3260
  Batch 8340/8556, Loss: 0.7896
  Batch 8360/8556, Loss: 0.0693
  Batch 8380/8556, Loss: 0.0544
  Batch 8400/8556, Loss: 0.1101
  Batch 8420/8556, Loss: 0.1445
  Batch 8440/8556, Loss: 0.3426
  Batch 8460/8556, Loss: 0.3511
  Batch 8480/8556, Loss: 0.7615
  Batch 8500/8556, Loss: 0.0855
  Batch 8520/8556, Loss: 0.0490
  Batch 8540/8556, Loss: 0.0444
Epoch 4/30 (348.0s)
  Train Loss: 0.3270, Acc: 0.7463
  Val Loss: 1.1238, Acc: 0.6239
  Best Val Acc: 0.6239
  LR: 5.00e-05
------------------------------------------------------------
  Batch 0/8556, Loss: 0.2119
  Batch 20/8556, Loss: 0.0948
  Batch 40/8556, Loss: 0.0567
  Batch 60/8556, Loss: 0.4491
  Batch 80/8556, Loss: 0.9949
  Batch 100/8556, Loss: 0.0236
  Batch 120/8556, Loss: 0.2538
  Batch 140/8556, Loss: 0.0834
  Batch 160/8556, Loss: 0.1318
  Batch 180/8556, Loss: 0.2208
  Batch 200/8556, Loss: 0.1125
  Batch 220/8556, Loss: 0.2779
  Batch 240/8556, Loss: 0.1720
  Batch 260/8556, Loss: 0.1772
  Batch 280/8556, Loss: 0.3424
  Batch 300/8556, Loss: 0.1610
  Batch 320/8556, Loss: 0.2844
  Batch 340/8556, Loss: 0.1538
  Batch 360/8556, Loss: 0.5831
  Batch 380/8556, Loss: 0.0370
  Batch 400/8556, Loss: 0.1099
  Batch 420/8556, Loss: 0.0702
  Batch 440/8556, Loss: 0.1418
  Batch 460/8556, Loss: 0.7694
  Batch 480/8556, Loss: 0.2947
  Batch 500/8556, Loss: 0.0420
  Batch 520/8556, Loss: 0.4171
  Batch 540/8556, Loss: 0.1219
  Batch 560/8556, Loss: 0.6199
  Batch 580/8556, Loss: 0.1728
  Batch 600/8556, Loss: 0.1794
  Batch 620/8556, Loss: 0.3604
  Batch 640/8556, Loss: 0.2565
  Batch 660/8556, Loss: 1.6023
  Batch 680/8556, Loss: 0.0372
  Batch 700/8556, Loss: 0.0918
  Batch 720/8556, Loss: 0.1021
  Batch 740/8556, Loss: 0.5955
  Batch 760/8556, Loss: 0.3426
  Batch 780/8556, Loss: 0.5011
  Batch 800/8556, Loss: 0.1802
  Batch 820/8556, Loss: 0.0981
  Batch 840/8556, Loss: 0.2551
  Batch 860/8556, Loss: 0.3618
  Batch 880/8556, Loss: 0.1048
  Batch 900/8556, Loss: 0.0452
  Batch 920/8556, Loss: 0.1102
  Batch 940/8556, Loss: 0.0948
  Batch 960/8556, Loss: 0.6703
  Batch 980/8556, Loss: 1.0570
  Batch 1000/8556, Loss: 0.0916
  Batch 1020/8556, Loss: 0.0629
  Batch 1040/8556, Loss: 0.0599
  Batch 1060/8556, Loss: 0.4431
  Batch 1080/8556, Loss: 0.2507
  Batch 1100/8556, Loss: 0.8377
  Batch 1120/8556, Loss: 1.0380
  Batch 1140/8556, Loss: 0.9389
  Batch 1160/8556, Loss: 0.3045
  Batch 1180/8556, Loss: 0.2352
  Batch 1200/8556, Loss: 0.7184
  Batch 1220/8556, Loss: 0.2077
  Batch 1240/8556, Loss: 0.6255
  Batch 1260/8556, Loss: 0.1833
  Batch 1280/8556, Loss: 0.5455
  Batch 1300/8556, Loss: 0.1583
  Batch 1320/8556, Loss: 0.1329
  Batch 1340/8556, Loss: 0.0440
  Batch 1360/8556, Loss: 0.2016
  Batch 1380/8556, Loss: 0.1072
  Batch 1400/8556, Loss: 0.9651
  Batch 1420/8556, Loss: 0.5823
  Batch 1440/8556, Loss: 0.0253
  Batch 1460/8556, Loss: 0.1885
  Batch 1480/8556, Loss: 0.3000
  Batch 1500/8556, Loss: 0.7143
  Batch 1520/8556, Loss: 0.0316
  Batch 1540/8556, Loss: 0.1185
  Batch 1560/8556, Loss: 0.4511
  Batch 1580/8556, Loss: 0.5334
  Batch 1600/8556, Loss: 0.0881
  Batch 1620/8556, Loss: 0.1199
  Batch 1640/8556, Loss: 0.0779
  Batch 1660/8556, Loss: 0.1033
  Batch 1680/8556, Loss: 0.3294
  Batch 1700/8556, Loss: 0.3447
  Batch 1720/8556, Loss: 0.3990
  Batch 1740/8556, Loss: 0.4821
  Batch 1760/8556, Loss: 0.8338
  Batch 1780/8556, Loss: 0.5689
  Batch 1800/8556, Loss: 0.2279
  Batch 1820/8556, Loss: 0.8888
  Batch 1840/8556, Loss: 0.2917
  Batch 1860/8556, Loss: 0.0311
  Batch 1880/8556, Loss: 0.1233
  Batch 1900/8556, Loss: 0.2144
  Batch 1920/8556, Loss: 0.2400
  Batch 1940/8556, Loss: 0.1097
  Batch 1960/8556, Loss: 0.0637
  Batch 1980/8556, Loss: 0.7121
  Batch 2000/8556, Loss: 0.0557
  Batch 2020/8556, Loss: 0.2991
  Batch 2040/8556, Loss: 0.0347
  Batch 2060/8556, Loss: 0.1138
  Batch 2080/8556, Loss: 0.4769
  Batch 2100/8556, Loss: 0.0827
  Batch 2120/8556, Loss: 0.5423
  Batch 2140/8556, Loss: 0.2863
  Batch 2160/8556, Loss: 0.2723
  Batch 2180/8556, Loss: 0.1008
  Batch 2200/8556, Loss: 0.0825
  Batch 2220/8556, Loss: 0.2554
  Batch 2240/8556, Loss: 0.0736
  Batch 2260/8556, Loss: 0.2915
  Batch 2280/8556, Loss: 1.3887
  Batch 2300/8556, Loss: 0.1862
  Batch 2320/8556, Loss: 0.1612
  Batch 2340/8556, Loss: 0.3977
  Batch 2360/8556, Loss: 0.1200
  Batch 2380/8556, Loss: 0.0707
  Batch 2400/8556, Loss: 0.0702
  Batch 2420/8556, Loss: 0.0910
  Batch 2440/8556, Loss: 0.0691
  Batch 2460/8556, Loss: 0.1678
  Batch 2480/8556, Loss: 0.1808
  Batch 2500/8556, Loss: 0.1144
  Batch 2520/8556, Loss: 0.1682
  Batch 2540/8556, Loss: 0.0389
  Batch 2560/8556, Loss: 0.0123
  Batch 2580/8556, Loss: 0.4266
  Batch 2600/8556, Loss: 0.0660
  Batch 2620/8556, Loss: 0.2121
  Batch 2640/8556, Loss: 0.8856
  Batch 2660/8556, Loss: 0.1324
  Batch 2680/8556, Loss: 0.4127
  Batch 2700/8556, Loss: 0.3943
  Batch 2720/8556, Loss: 0.0177
  Batch 2740/8556, Loss: 0.0442
  Batch 2760/8556, Loss: 0.2860
  Batch 2780/8556, Loss: 0.2637
  Batch 2800/8556, Loss: 0.1468
  Batch 2820/8556, Loss: 0.8446
  Batch 2840/8556, Loss: 0.5630
  Batch 2860/8556, Loss: 0.0978
  Batch 2880/8556, Loss: 0.1761
  Batch 2900/8556, Loss: 0.3929
  Batch 2920/8556, Loss: 0.1705
  Batch 2940/8556, Loss: 0.1292
  Batch 2960/8556, Loss: 0.2189
  Batch 2980/8556, Loss: 0.0524
  Batch 3000/8556, Loss: 0.0836
  Batch 3020/8556, Loss: 0.2622
  Batch 3040/8556, Loss: 0.1229
  Batch 3060/8556, Loss: 0.0865
  Batch 3080/8556, Loss: 0.4028
  Batch 3100/8556, Loss: 0.1405
  Batch 3120/8556, Loss: 0.1674
  Batch 3140/8556, Loss: 0.1392
  Batch 3160/8556, Loss: 0.6393
  Batch 3180/8556, Loss: 0.0513
  Batch 3200/8556, Loss: 0.0795
  Batch 3220/8556, Loss: 0.0458
  Batch 3240/8556, Loss: 0.0497
  Batch 3260/8556, Loss: 0.3449
  Batch 3280/8556, Loss: 0.1420
  Batch 3300/8556, Loss: 0.4122
  Batch 3320/8556, Loss: 0.2438
  Batch 3340/8556, Loss: 0.0890
  Batch 3360/8556, Loss: 0.0594
  Batch 3380/8556, Loss: 1.2624
  Batch 3400/8556, Loss: 0.3756
  Batch 3420/8556, Loss: 0.2344
  Batch 3440/8556, Loss: 0.0732
  Batch 3460/8556, Loss: 0.0568
  Batch 3480/8556, Loss: 0.4404
  Batch 3500/8556, Loss: 0.6889
  Batch 3520/8556, Loss: 0.2937
  Batch 3540/8556, Loss: 0.2745
  Batch 3560/8556, Loss: 0.5792
  Batch 3580/8556, Loss: 0.1926
  Batch 3600/8556, Loss: 0.2586
  Batch 3620/8556, Loss: 0.4650
  Batch 3640/8556, Loss: 0.5579
  Batch 3660/8556, Loss: 0.1137
  Batch 3680/8556, Loss: 0.5844
  Batch 3700/8556, Loss: 0.9021
  Batch 3720/8556, Loss: 0.0592
  Batch 3740/8556, Loss: 0.4629
  Batch 3760/8556, Loss: 0.2044
  Batch 3780/8556, Loss: 0.0425
  Batch 3800/8556, Loss: 0.4717
  Batch 3820/8556, Loss: 0.3517
  Batch 3840/8556, Loss: 0.0844
  Batch 3860/8556, Loss: 0.5905
  Batch 3880/8556, Loss: 0.0312
  Batch 3900/8556, Loss: 0.7033
  Batch 3920/8556, Loss: 0.3564
  Batch 3940/8556, Loss: 0.4705
  Batch 3960/8556, Loss: 0.5169
  Batch 3980/8556, Loss: 0.0509
  Batch 4000/8556, Loss: 0.1198
  Batch 4020/8556, Loss: 0.0806
  Batch 4040/8556, Loss: 0.2689
  Batch 4060/8556, Loss: 0.3452
  Batch 4080/8556, Loss: 0.1435
  Batch 4100/8556, Loss: 0.1734
  Batch 4120/8556, Loss: 0.2272
  Batch 4140/8556, Loss: 0.0392
  Batch 4160/8556, Loss: 0.1049
  Batch 4180/8556, Loss: 0.0155
  Batch 4200/8556, Loss: 0.0356
  Batch 4220/8556, Loss: 0.0623
  Batch 4240/8556, Loss: 0.5056
  Batch 4260/8556, Loss: 0.3928
  Batch 4280/8556, Loss: 0.5343
  Batch 4300/8556, Loss: 0.0451
  Batch 4320/8556, Loss: 0.0523
  Batch 4340/8556, Loss: 0.0555
  Batch 4360/8556, Loss: 0.0419
  Batch 4380/8556, Loss: 0.2182
  Batch 4400/8556, Loss: 0.3089
  Batch 4420/8556, Loss: 0.9528
  Batch 4440/8556, Loss: 0.2904
  Batch 4460/8556, Loss: 0.0683
  Batch 4480/8556, Loss: 0.1416
  Batch 4500/8556, Loss: 0.0521
  Batch 4520/8556, Loss: 0.2523
  Batch 4540/8556, Loss: 0.2374
  Batch 4560/8556, Loss: 0.5201
  Batch 4580/8556, Loss: 0.2057
  Batch 4600/8556, Loss: 0.4432
  Batch 4620/8556, Loss: 0.0963
  Batch 4640/8556, Loss: 0.0949
  Batch 4660/8556, Loss: 0.0837
  Batch 4680/8556, Loss: 0.1762
  Batch 4700/8556, Loss: 0.1041
  Batch 4720/8556, Loss: 0.0421
  Batch 4740/8556, Loss: 0.2170
  Batch 4760/8556, Loss: 0.6728
  Batch 4780/8556, Loss: 0.4912
  Batch 4800/8556, Loss: 0.0959
  Batch 4820/8556, Loss: 0.3760
  Batch 4840/8556, Loss: 0.3875
  Batch 4860/8556, Loss: 0.1397
  Batch 4880/8556, Loss: 0.2533
  Batch 4900/8556, Loss: 0.2590
  Batch 4920/8556, Loss: 0.1334
  Batch 4940/8556, Loss: 0.6365
  Batch 4960/8556, Loss: 0.5274
  Batch 4980/8556, Loss: 1.9337
  Batch 5000/8556, Loss: 1.5761
  Batch 5020/8556, Loss: 0.3333
  Batch 5040/8556, Loss: 0.7176
  Batch 5060/8556, Loss: 0.2414
  Batch 5080/8556, Loss: 0.0899
  Batch 5100/8556, Loss: 0.0920
  Batch 5120/8556, Loss: 0.1004
  Batch 5140/8556, Loss: 0.0399
  Batch 5160/8556, Loss: 0.1087
  Batch 5180/8556, Loss: 0.1318
  Batch 5200/8556, Loss: 0.0811
  Batch 5220/8556, Loss: 0.3930
  Batch 5240/8556, Loss: 0.0329
  Batch 5260/8556, Loss: 0.2148
  Batch 5280/8556, Loss: 0.4503
  Batch 5300/8556, Loss: 0.2041
  Batch 5320/8556, Loss: 0.2493
  Batch 5340/8556, Loss: 0.0345
  Batch 5360/8556, Loss: 0.0275
  Batch 5380/8556, Loss: 0.5612
  Batch 5400/8556, Loss: 0.2235
  Batch 5420/8556, Loss: 0.1659
  Batch 5440/8556, Loss: 0.4732
  Batch 5460/8556, Loss: 0.3137
  Batch 5480/8556, Loss: 0.2200
  Batch 5500/8556, Loss: 0.0565
  Batch 5520/8556, Loss: 0.0770
  Batch 5540/8556, Loss: 0.0779
  Batch 5560/8556, Loss: 0.0412
  Batch 5580/8556, Loss: 0.0146
  Batch 5600/8556, Loss: 0.1183
  Batch 5620/8556, Loss: 0.1911
  Batch 5640/8556, Loss: 0.0331
  Batch 5660/8556, Loss: 0.7911
  Batch 5680/8556, Loss: 0.0305
  Batch 5700/8556, Loss: 0.4994
  Batch 5720/8556, Loss: 0.0427
  Batch 5740/8556, Loss: 0.0714
  Batch 5760/8556, Loss: 0.0665
  Batch 5780/8556, Loss: 0.1897
  Batch 5800/8556, Loss: 1.8358
  Batch 5820/8556, Loss: 0.0378
  Batch 5840/8556, Loss: 0.0619
  Batch 5860/8556, Loss: 0.0458
  Batch 5880/8556, Loss: 0.0387
  Batch 5900/8556, Loss: 0.1103
  Batch 5920/8556, Loss: 0.0493
  Batch 5940/8556, Loss: 0.1918
  Batch 5960/8556, Loss: 0.2448
  Batch 5980/8556, Loss: 0.6045
  Batch 6000/8556, Loss: 0.5110
  Batch 6020/8556, Loss: 0.2865
  Batch 6040/8556, Loss: 0.3683
  Batch 6060/8556, Loss: 0.2391
  Batch 6080/8556, Loss: 0.3536
  Batch 6100/8556, Loss: 0.2087
  Batch 6120/8556, Loss: 0.1977
  Batch 6140/8556, Loss: 0.4740
  Batch 6160/8556, Loss: 0.4957
  Batch 6180/8556, Loss: 0.1440
  Batch 6200/8556, Loss: 0.2986
  Batch 6220/8556, Loss: 0.7516
  Batch 6240/8556, Loss: 0.0941
  Batch 6260/8556, Loss: 0.7962
  Batch 6280/8556, Loss: 0.0698
  Batch 6300/8556, Loss: 0.1578
  Batch 6320/8556, Loss: 0.4964
  Batch 6340/8556, Loss: 0.0945
  Batch 6360/8556, Loss: 0.0405
  Batch 6380/8556, Loss: 0.7948
  Batch 6400/8556, Loss: 0.1134
  Batch 6420/8556, Loss: 0.5618
  Batch 6440/8556, Loss: 0.8915
  Batch 6460/8556, Loss: 1.2200
  Batch 6480/8556, Loss: 0.3769
  Batch 6500/8556, Loss: 0.3348
  Batch 6520/8556, Loss: 0.1426
  Batch 6540/8556, Loss: 0.4176
  Batch 6560/8556, Loss: 0.3546
  Batch 6580/8556, Loss: 0.0560
  Batch 6600/8556, Loss: 0.2314
  Batch 6620/8556, Loss: 0.6026
  Batch 6640/8556, Loss: 0.1375
  Batch 6660/8556, Loss: 0.1933
  Batch 6680/8556, Loss: 0.0591
  Batch 6700/8556, Loss: 0.2782
  Batch 6720/8556, Loss: 0.6686
  Batch 6740/8556, Loss: 0.0915
  Batch 6760/8556, Loss: 0.7345
  Batch 6780/8556, Loss: 0.0438
  Batch 6800/8556, Loss: 0.0165
  Batch 6820/8556, Loss: 0.1385
  Batch 6840/8556, Loss: 0.5720
  Batch 6860/8556, Loss: 0.0613
  Batch 6880/8556, Loss: 0.0911
  Batch 6900/8556, Loss: 0.0337
  Batch 6920/8556, Loss: 0.0520
  Batch 6940/8556, Loss: 0.2478
  Batch 6960/8556, Loss: 0.5453
  Batch 6980/8556, Loss: 0.0306
  Batch 7000/8556, Loss: 0.9843
  Batch 7020/8556, Loss: 0.1296
  Batch 7040/8556, Loss: 0.2476
  Batch 7060/8556, Loss: 0.3193
  Batch 7080/8556, Loss: 0.6416
  Batch 7100/8556, Loss: 0.1586
  Batch 7120/8556, Loss: 0.2363
  Batch 7140/8556, Loss: 0.0535
  Batch 7160/8556, Loss: 0.1136
  Batch 7180/8556, Loss: 0.0324
  Batch 7200/8556, Loss: 0.3375
  Batch 7220/8556, Loss: 0.0423
  Batch 7240/8556, Loss: 0.0447
  Batch 7260/8556, Loss: 0.1227
  Batch 7280/8556, Loss: 0.7176
  Batch 7300/8556, Loss: 0.2943
  Batch 7320/8556, Loss: 0.3921
  Batch 7340/8556, Loss: 0.4072
  Batch 7360/8556, Loss: 0.8223
  Batch 7380/8556, Loss: 0.4052
  Batch 7400/8556, Loss: 0.2066
  Batch 7420/8556, Loss: 0.1088
  Batch 7440/8556, Loss: 0.1369
  Batch 7460/8556, Loss: 0.4373
  Batch 7480/8556, Loss: 0.7608
  Batch 7500/8556, Loss: 0.0603
  Batch 7520/8556, Loss: 2.2410
  Batch 7540/8556, Loss: 0.2090
  Batch 7560/8556, Loss: 0.2964
  Batch 7580/8556, Loss: 0.3113
  Batch 7600/8556, Loss: 0.4192
  Batch 7620/8556, Loss: 0.2878
  Batch 7640/8556, Loss: 0.2661
  Batch 7660/8556, Loss: 0.0515
  Batch 7680/8556, Loss: 0.7327
  Batch 7700/8556, Loss: 0.0598
  Batch 7720/8556, Loss: 0.1760
  Batch 7740/8556, Loss: 0.0752
  Batch 7760/8556, Loss: 0.1153
  Batch 7780/8556, Loss: 0.1257
  Batch 7800/8556, Loss: 0.7255
  Batch 7820/8556, Loss: 0.2513
  Batch 7840/8556, Loss: 0.2432
  Batch 7860/8556, Loss: 0.1240
  Batch 7880/8556, Loss: 0.2265
  Batch 7900/8556, Loss: 0.5727
  Batch 7920/8556, Loss: 0.0401
  Batch 7940/8556, Loss: 0.0373
  Batch 7960/8556, Loss: 0.0785
  Batch 7980/8556, Loss: 0.2886
  Batch 8000/8556, Loss: 0.0287
  Batch 8020/8556, Loss: 0.8291
  Batch 8040/8556, Loss: 1.3349
  Batch 8060/8556, Loss: 0.6614
  Batch 8080/8556, Loss: 0.4663
  Batch 8100/8556, Loss: 0.0170
  Batch 8120/8556, Loss: 0.4906
  Batch 8140/8556, Loss: 1.1705
  Batch 8160/8556, Loss: 0.1714
  Batch 8180/8556, Loss: 0.1830
  Batch 8200/8556, Loss: 0.9162
  Batch 8220/8556, Loss: 0.3529
  Batch 8240/8556, Loss: 0.0386
  Batch 8260/8556, Loss: 0.4674
  Batch 8280/8556, Loss: 0.0573
  Batch 8300/8556, Loss: 0.3368
  Batch 8320/8556, Loss: 0.0408
  Batch 8340/8556, Loss: 0.0664
  Batch 8360/8556, Loss: 0.0650
  Batch 8380/8556, Loss: 0.2918
  Batch 8400/8556, Loss: 0.0230
  Batch 8420/8556, Loss: 0.4909
  Batch 8440/8556, Loss: 1.7002
  Batch 8460/8556, Loss: 0.1826
  Batch 8480/8556, Loss: 0.3553
  Batch 8500/8556, Loss: 0.1341
  Batch 8520/8556, Loss: 0.2442
  Batch 8540/8556, Loss: 0.4638
Epoch 5/30 (347.9s)
  Train Loss: 0.3094, Acc: 0.7551
  Val Loss: 1.0799, Acc: 0.6468
  Best Val Acc: 0.6468
  LR: 1.50e-05
------------------------------------------------------------
  Batch 0/8556, Loss: 0.0107
  Batch 20/8556, Loss: 0.2330
  Batch 40/8556, Loss: 0.0199
  Batch 60/8556, Loss: 0.0192
  Batch 80/8556, Loss: 1.2210
  Batch 100/8556, Loss: 0.0368
  Batch 120/8556, Loss: 0.6107
  Batch 140/8556, Loss: 0.0406
  Batch 160/8556, Loss: 0.4914
  Batch 180/8556, Loss: 0.2229
  Batch 200/8556, Loss: 0.3828
  Batch 220/8556, Loss: 0.0618
  Batch 240/8556, Loss: 0.5321
  Batch 260/8556, Loss: 0.0415
  Batch 280/8556, Loss: 0.0208
  Batch 300/8556, Loss: 0.3970
  Batch 320/8556, Loss: 0.4054
  Batch 340/8556, Loss: 0.1900
  Batch 360/8556, Loss: 0.0838
  Batch 380/8556, Loss: 0.0716
  Batch 400/8556, Loss: 0.7727
  Batch 420/8556, Loss: 0.1078
  Batch 440/8556, Loss: 0.2102
  Batch 460/8556, Loss: 0.6749
  Batch 480/8556, Loss: 0.5648
  Batch 500/8556, Loss: 0.0401
  Batch 520/8556, Loss: 0.9034
  Batch 540/8556, Loss: 0.4034
  Batch 560/8556, Loss: 0.3127
  Batch 580/8556, Loss: 0.1444
  Batch 600/8556, Loss: 0.6029
  Batch 620/8556, Loss: 0.0425
  Batch 640/8556, Loss: 0.1281
  Batch 660/8556, Loss: 0.1265
  Batch 680/8556, Loss: 0.1857
  Batch 700/8556, Loss: 0.5508
  Batch 720/8556, Loss: 1.1010
  Batch 740/8556, Loss: 0.3997
  Batch 760/8556, Loss: 0.0778
  Batch 780/8556, Loss: 0.1719
  Batch 800/8556, Loss: 0.0997
  Batch 820/8556, Loss: 0.1352
  Batch 840/8556, Loss: 0.1156
  Batch 860/8556, Loss: 0.1231
  Batch 880/8556, Loss: 0.0525
  Batch 900/8556, Loss: 0.1148
  Batch 920/8556, Loss: 0.7552
  Batch 940/8556, Loss: 0.4303
  Batch 960/8556, Loss: 1.4455
  Batch 980/8556, Loss: 0.2876
  Batch 1000/8556, Loss: 0.2926
  Batch 1020/8556, Loss: 0.2628
  Batch 1040/8556, Loss: 0.9055
  Batch 1060/8556, Loss: 0.2577
  Batch 1080/8556, Loss: 0.3901
  Batch 1100/8556, Loss: 0.0786
  Batch 1120/8556, Loss: 0.0433
  Batch 1140/8556, Loss: 0.1494
  Batch 1160/8556, Loss: 0.0318
  Batch 1180/8556, Loss: 0.0984
  Batch 1200/8556, Loss: 0.2235
  Batch 1220/8556, Loss: 0.1816
  Batch 1240/8556, Loss: 0.2322
  Batch 1260/8556, Loss: 0.5463
  Batch 1280/8556, Loss: 0.0586
  Batch 1300/8556, Loss: 1.0487
  Batch 1320/8556, Loss: 0.2790
  Batch 1340/8556, Loss: 0.2685
  Batch 1360/8556, Loss: 0.0118
  Batch 1380/8556, Loss: 0.2469
  Batch 1400/8556, Loss: 0.0172
  Batch 1420/8556, Loss: 0.0151
  Batch 1440/8556, Loss: 0.3399
  Batch 1460/8556, Loss: 0.7533
  Batch 1480/8556, Loss: 0.3053
  Batch 1500/8556, Loss: 0.0734
  Batch 1520/8556, Loss: 0.1148
  Batch 1540/8556, Loss: 0.3531
  Batch 1560/8556, Loss: 0.2865
  Batch 1580/8556, Loss: 0.6311
  Batch 1600/8556, Loss: 0.3004
  Batch 1620/8556, Loss: 0.3952
  Batch 1640/8556, Loss: 0.6200
  Batch 1660/8556, Loss: 0.0483
  Batch 1680/8556, Loss: 1.4335
  Batch 1700/8556, Loss: 0.0714
  Batch 1720/8556, Loss: 0.8117
  Batch 1740/8556, Loss: 0.1204
  Batch 1760/8556, Loss: 0.0975
  Batch 1780/8556, Loss: 0.9529
  Batch 1800/8556, Loss: 0.4137
  Batch 1820/8556, Loss: 0.2199
  Batch 1840/8556, Loss: 0.0380
  Batch 1860/8556, Loss: 0.0371
  Batch 1880/8556, Loss: 0.2924
  Batch 1900/8556, Loss: 0.8631
  Batch 1920/8556, Loss: 0.1027
  Batch 1940/8556, Loss: 0.0898
  Batch 1960/8556, Loss: 0.1268
  Batch 1980/8556, Loss: 0.3315
  Batch 2000/8556, Loss: 1.1167
  Batch 2020/8556, Loss: 0.4944
  Batch 2040/8556, Loss: 0.0513
  Batch 2060/8556, Loss: 0.0157
  Batch 2080/8556, Loss: 0.0354
  Batch 2100/8556, Loss: 0.2894
  Batch 2120/8556, Loss: 0.0349
  Batch 2140/8556, Loss: 0.3478
  Batch 2160/8556, Loss: 0.5040
  Batch 2180/8556, Loss: 0.1427
  Batch 2200/8556, Loss: 0.0934
  Batch 2220/8556, Loss: 0.0639
  Batch 2240/8556, Loss: 0.0637
  Batch 2260/8556, Loss: 0.1538
  Batch 2280/8556, Loss: 0.7814
  Batch 2300/8556, Loss: 0.6618
  Batch 2320/8556, Loss: 0.2012
  Batch 2340/8556, Loss: 0.4852
  Batch 2360/8556, Loss: 0.0294
  Batch 2380/8556, Loss: 0.3355
  Batch 2400/8556, Loss: 0.3416
  Batch 2420/8556, Loss: 0.0183
  Batch 2440/8556, Loss: 0.3215
  Batch 2460/8556, Loss: 0.0985
  Batch 2480/8556, Loss: 0.0500
  Batch 2500/8556, Loss: 0.0805
  Batch 2520/8556, Loss: 0.3905
  Batch 2540/8556, Loss: 0.3045
  Batch 2560/8556, Loss: 0.1590
  Batch 2580/8556, Loss: 0.0060
  Batch 2600/8556, Loss: 0.3042
  Batch 2620/8556, Loss: 0.0479
  Batch 2640/8556, Loss: 0.0665
  Batch 2660/8556, Loss: 0.0305
  Batch 2680/8556, Loss: 0.3903
  Batch 2700/8556, Loss: 0.1803
  Batch 2720/8556, Loss: 0.1960
  Batch 2740/8556, Loss: 0.0539
  Batch 2760/8556, Loss: 0.2585
  Batch 2780/8556, Loss: 0.1899
  Batch 2800/8556, Loss: 0.1297
  Batch 2820/8556, Loss: 0.0529
  Batch 2840/8556, Loss: 0.1371
  Batch 2860/8556, Loss: 0.4464
  Batch 2880/8556, Loss: 0.0464
  Batch 2900/8556, Loss: 0.2362
  Batch 2920/8556, Loss: 0.0625
  Batch 2940/8556, Loss: 0.7320
  Batch 2960/8556, Loss: 0.1506
  Batch 2980/8556, Loss: 0.0224
  Batch 3000/8556, Loss: 0.3070
  Batch 3020/8556, Loss: 0.6843
  Batch 3040/8556, Loss: 0.2782
  Batch 3060/8556, Loss: 0.1074
  Batch 3080/8556, Loss: 0.0323
  Batch 3100/8556, Loss: 0.1007
  Batch 3120/8556, Loss: 0.0366
  Batch 3140/8556, Loss: 0.3961
  Batch 3160/8556, Loss: 0.5627
  Batch 3180/8556, Loss: 0.2238
  Batch 3200/8556, Loss: 0.3535
  Batch 3220/8556, Loss: 0.6923
  Batch 3240/8556, Loss: 0.0181
  Batch 3260/8556, Loss: 0.0421
  Batch 3280/8556, Loss: 0.4404
  Batch 3300/8556, Loss: 0.2404
  Batch 3320/8556, Loss: 0.2299
  Batch 3340/8556, Loss: 0.3911
  Batch 3360/8556, Loss: 0.1380
  Batch 3380/8556, Loss: 0.0433
  Batch 3400/8556, Loss: 0.0972
  Batch 3420/8556, Loss: 0.1914
  Batch 3440/8556, Loss: 0.0424
  Batch 3460/8556, Loss: 0.3035
  Batch 3480/8556, Loss: 0.1097
  Batch 3500/8556, Loss: 0.2539
  Batch 3520/8556, Loss: 0.4044
  Batch 3540/8556, Loss: 0.0361
  Batch 3560/8556, Loss: 0.7022
  Batch 3580/8556, Loss: 0.4627
  Batch 3600/8556, Loss: 0.0427
  Batch 3620/8556, Loss: 0.2808
  Batch 3640/8556, Loss: 0.0635
  Batch 3660/8556, Loss: 0.0496
  Batch 3680/8556, Loss: 0.1048
  Batch 3700/8556, Loss: 0.1527
  Batch 3720/8556, Loss: 0.1143
  Batch 3740/8556, Loss: 0.0344
  Batch 3760/8556, Loss: 0.0928
  Batch 3780/8556, Loss: 0.0246
  Batch 3800/8556, Loss: 0.0890
  Batch 3820/8556, Loss: 0.1694
  Batch 3840/8556, Loss: 0.0217
  Batch 3860/8556, Loss: 0.4937
  Batch 3880/8556, Loss: 0.5233
  Batch 3900/8556, Loss: 0.1099
  Batch 3920/8556, Loss: 0.0647
  Batch 3940/8556, Loss: 0.0983
  Batch 3960/8556, Loss: 0.0505
  Batch 3980/8556, Loss: 0.0365
  Batch 4000/8556, Loss: 0.7079
  Batch 4020/8556, Loss: 0.3297
  Batch 4040/8556, Loss: 0.0341
  Batch 4060/8556, Loss: 0.1120
  Batch 4080/8556, Loss: 0.7357
  Batch 4100/8556, Loss: 0.3533
  Batch 4120/8556, Loss: 0.6945
  Batch 4140/8556, Loss: 0.2460
  Batch 4160/8556, Loss: 0.3003
  Batch 4180/8556, Loss: 0.0457
  Batch 4200/8556, Loss: 0.8591
  Batch 4220/8556, Loss: 0.5030
  Batch 4240/8556, Loss: 0.4460
  Batch 4260/8556, Loss: 0.1810
  Batch 4280/8556, Loss: 0.1588
  Batch 4300/8556, Loss: 0.0403
  Batch 4320/8556, Loss: 0.2024
  Batch 4340/8556, Loss: 0.1206
  Batch 4360/8556, Loss: 0.0534
  Batch 4380/8556, Loss: 0.5794
  Batch 4400/8556, Loss: 0.7396
  Batch 4420/8556, Loss: 0.0486
  Batch 4440/8556, Loss: 0.3706
  Batch 4460/8556, Loss: 0.1711
  Batch 4480/8556, Loss: 0.4281
  Batch 4500/8556, Loss: 0.0198
  Batch 4520/8556, Loss: 0.0789
  Batch 4540/8556, Loss: 0.3858
  Batch 4560/8556, Loss: 0.4623
  Batch 4580/8556, Loss: 0.1489
  Batch 4600/8556, Loss: 0.7927
  Batch 4620/8556, Loss: 0.1699
  Batch 4640/8556, Loss: 0.9036
  Batch 4660/8556, Loss: 0.1214
  Batch 4680/8556, Loss: 0.7071
  Batch 4700/8556, Loss: 0.0497
  Batch 4720/8556, Loss: 0.3962
  Batch 4740/8556, Loss: 0.2401
  Batch 4760/8556, Loss: 0.5777
  Batch 4780/8556, Loss: 0.0849
  Batch 4800/8556, Loss: 0.1483
  Batch 4820/8556, Loss: 1.0348
  Batch 4840/8556, Loss: 0.3495
  Batch 4860/8556, Loss: 0.0603
  Batch 4880/8556, Loss: 0.0274
  Batch 4900/8556, Loss: 0.2285
  Batch 4920/8556, Loss: 0.0290
  Batch 4940/8556, Loss: 0.1233
  Batch 4960/8556, Loss: 0.1021
  Batch 4980/8556, Loss: 0.3706
  Batch 5000/8556, Loss: 0.0501
  Batch 5020/8556, Loss: 0.0596
  Batch 5040/8556, Loss: 0.0585
  Batch 5060/8556, Loss: 0.3120
  Batch 5080/8556, Loss: 0.0412
  Batch 5100/8556, Loss: 0.3692
  Batch 5120/8556, Loss: 0.2768
  Batch 5140/8556, Loss: 0.1756
  Batch 5160/8556, Loss: 0.3220
  Batch 5180/8556, Loss: 0.4427
  Batch 5200/8556, Loss: 0.0282
  Batch 5220/8556, Loss: 0.5932
  Batch 5240/8556, Loss: 0.0384
  Batch 5260/8556, Loss: 0.0471
  Batch 5280/8556, Loss: 0.9319
  Batch 5300/8556, Loss: 0.2048
  Batch 5320/8556, Loss: 0.3672
  Batch 5340/8556, Loss: 0.1661
  Batch 5360/8556, Loss: 0.5940
  Batch 5380/8556, Loss: 0.3135
  Batch 5400/8556, Loss: 0.0618
  Batch 5420/8556, Loss: 0.9300
  Batch 5440/8556, Loss: 0.0189
  Batch 5460/8556, Loss: 1.1064
  Batch 5480/8556, Loss: 0.0219
  Batch 5500/8556, Loss: 0.0686
  Batch 5520/8556, Loss: 0.0977
  Batch 5540/8556, Loss: 1.1229
  Batch 5560/8556, Loss: 0.0613
  Batch 5580/8556, Loss: 0.2848
  Batch 5600/8556, Loss: 0.0710
  Batch 5620/8556, Loss: 0.1078
  Batch 5640/8556, Loss: 0.0516
  Batch 5660/8556, Loss: 0.0681
  Batch 5680/8556, Loss: 0.0364
  Batch 5700/8556, Loss: 0.3705
  Batch 5720/8556, Loss: 0.1488
  Batch 5740/8556, Loss: 0.6206
  Batch 5760/8556, Loss: 0.0629
  Batch 5780/8556, Loss: 0.2732
  Batch 5800/8556, Loss: 0.7689
  Batch 5820/8556, Loss: 0.1541
  Batch 5840/8556, Loss: 0.3048
  Batch 5860/8556, Loss: 0.0682
  Batch 5880/8556, Loss: 0.1650
  Batch 5900/8556, Loss: 0.2030
  Batch 5920/8556, Loss: 0.5726
  Batch 5940/8556, Loss: 0.5131
  Batch 5960/8556, Loss: 0.3584
  Batch 5980/8556, Loss: 0.2754
  Batch 6000/8556, Loss: 0.0701
  Batch 6020/8556, Loss: 0.3317
  Batch 6040/8556, Loss: 1.8850
  Batch 6060/8556, Loss: 0.5014
  Batch 6080/8556, Loss: 0.1890
  Batch 6100/8556, Loss: 0.8923
  Batch 6120/8556, Loss: 0.1508
  Batch 6140/8556, Loss: 0.0296
  Batch 6160/8556, Loss: 0.4212
  Batch 6180/8556, Loss: 0.2473
  Batch 6200/8556, Loss: 0.0219
  Batch 6220/8556, Loss: 0.2827
  Batch 6240/8556, Loss: 0.0720
  Batch 6260/8556, Loss: 0.2960
  Batch 6280/8556, Loss: 0.3065
  Batch 6300/8556, Loss: 0.6279
  Batch 6320/8556, Loss: 0.3595
  Batch 6340/8556, Loss: 0.1623
  Batch 6360/8556, Loss: 0.0457
  Batch 6380/8556, Loss: 0.1981
  Batch 6400/8556, Loss: 0.1329
  Batch 6420/8556, Loss: 0.0275
  Batch 6440/8556, Loss: 0.0336
  Batch 6460/8556, Loss: 0.2119
  Batch 6480/8556, Loss: 0.8869
  Batch 6500/8556, Loss: 0.0278
  Batch 6520/8556, Loss: 0.5958
  Batch 6540/8556, Loss: 0.1533
  Batch 6560/8556, Loss: 0.1924
  Batch 6580/8556, Loss: 0.1492
  Batch 6600/8556, Loss: 0.4814
  Batch 6620/8556, Loss: 0.4957
  Batch 6640/8556, Loss: 0.2233
  Batch 6660/8556, Loss: 0.2063
  Batch 6680/8556, Loss: 0.3007
  Batch 6700/8556, Loss: 0.9929
  Batch 6720/8556, Loss: 0.7124
  Batch 6740/8556, Loss: 0.5712
  Batch 6760/8556, Loss: 0.0191
  Batch 6780/8556, Loss: 0.0900
  Batch 6800/8556, Loss: 0.1274
  Batch 6820/8556, Loss: 0.0577
  Batch 6840/8556, Loss: 0.5473
  Batch 6860/8556, Loss: 0.4485
  Batch 6880/8556, Loss: 0.3285
  Batch 6900/8556, Loss: 0.6677
  Batch 6920/8556, Loss: 1.0361
  Batch 6940/8556, Loss: 0.7737
  Batch 6960/8556, Loss: 0.0113
  Batch 6980/8556, Loss: 0.3338
  Batch 7000/8556, Loss: 0.0241
  Batch 7020/8556, Loss: 0.3645
  Batch 7040/8556, Loss: 0.2705
  Batch 7060/8556, Loss: 0.0125
  Batch 7080/8556, Loss: 0.0460
  Batch 7100/8556, Loss: 0.2449
  Batch 7120/8556, Loss: 0.1464
  Batch 7140/8556, Loss: 0.0442
  Batch 7160/8556, Loss: 0.1550
  Batch 7180/8556, Loss: 0.0304
  Batch 7200/8556, Loss: 0.2110
  Batch 7220/8556, Loss: 0.7778
  Batch 7240/8556, Loss: 0.8377
  Batch 7260/8556, Loss: 0.6498
  Batch 7280/8556, Loss: 0.3858
  Batch 7300/8556, Loss: 0.0976
  Batch 7320/8556, Loss: 0.2573
  Batch 7340/8556, Loss: 0.0543
  Batch 7360/8556, Loss: 0.1179
  Batch 7380/8556, Loss: 0.2091
  Batch 7400/8556, Loss: 0.6739
  Batch 7420/8556, Loss: 0.5320
  Batch 7440/8556, Loss: 0.2324
  Batch 7460/8556, Loss: 0.7513
  Batch 7480/8556, Loss: 0.3353
  Batch 7500/8556, Loss: 0.2487
  Batch 7520/8556, Loss: 0.1013
  Batch 7540/8556, Loss: 0.1797
  Batch 7560/8556, Loss: 0.0576
  Batch 7580/8556, Loss: 0.2622
  Batch 7600/8556, Loss: 0.1964
  Batch 7620/8556, Loss: 0.0258
  Batch 7640/8556, Loss: 0.2080
  Batch 7660/8556, Loss: 0.7252
  Batch 7680/8556, Loss: 0.0768
  Batch 7700/8556, Loss: 0.0590
  Batch 7720/8556, Loss: 0.0340
  Batch 7740/8556, Loss: 0.3608
  Batch 7760/8556, Loss: 0.3226
  Batch 7780/8556, Loss: 0.1567
  Batch 7800/8556, Loss: 0.0599
  Batch 7820/8556, Loss: 0.3352
  Batch 7840/8556, Loss: 0.1181
  Batch 7860/8556, Loss: 0.0343
  Batch 7880/8556, Loss: 0.2070
  Batch 7900/8556, Loss: 1.6458
  Batch 7920/8556, Loss: 0.2307
  Batch 7940/8556, Loss: 0.0720
  Batch 7960/8556, Loss: 0.1871
  Batch 7980/8556, Loss: 0.1931
  Batch 8000/8556, Loss: 0.5060
  Batch 8020/8556, Loss: 0.0859
  Batch 8040/8556, Loss: 0.9021
  Batch 8060/8556, Loss: 0.1092
  Batch 8080/8556, Loss: 0.3285
  Batch 8100/8556, Loss: 0.0382
  Batch 8120/8556, Loss: 0.5812
  Batch 8140/8556, Loss: 0.0264
  Batch 8160/8556, Loss: 0.3150
  Batch 8180/8556, Loss: 0.7512
  Batch 8200/8556, Loss: 0.1461
  Batch 8220/8556, Loss: 0.0493
  Batch 8240/8556, Loss: 0.0465
  Batch 8260/8556, Loss: 0.6478
  Batch 8280/8556, Loss: 0.0522
  Batch 8300/8556, Loss: 0.9970
  Batch 8320/8556, Loss: 0.4493
  Batch 8340/8556, Loss: 0.5327
  Batch 8360/8556, Loss: 0.0628
  Batch 8380/8556, Loss: 0.1789
  Batch 8400/8556, Loss: 0.1019
  Batch 8420/8556, Loss: 0.1127
  Batch 8440/8556, Loss: 0.3504
  Batch 8460/8556, Loss: 0.0211
  Batch 8480/8556, Loss: 0.3616
  Batch 8500/8556, Loss: 0.1430
  Batch 8520/8556, Loss: 0.1310
  Batch 8540/8556, Loss: 0.1465
Epoch 6/30 (352.4s)
  Train Loss: 0.2916, Acc: 0.7574
  Val Loss: 1.1634, Acc: 0.6323
  Best Val Acc: 0.6468
  LR: 1.50e-05
------------------------------------------------------------
  Batch 0/8556, Loss: 0.2837
  Batch 20/8556, Loss: 0.6185
  Batch 40/8556, Loss: 0.0139
  Batch 60/8556, Loss: 0.6547
  Batch 80/8556, Loss: 0.0323
  Batch 100/8556, Loss: 0.0973
  Batch 120/8556, Loss: 0.1336
  Batch 140/8556, Loss: 0.1843
  Batch 160/8556, Loss: 0.4535
  Batch 180/8556, Loss: 0.0068
  Batch 200/8556, Loss: 0.1217
  Batch 220/8556, Loss: 0.0934
  Batch 240/8556, Loss: 0.6340
  Batch 260/8556, Loss: 0.1645
  Batch 280/8556, Loss: 0.0616
  Batch 300/8556, Loss: 0.3139
  Batch 320/8556, Loss: 0.0874
  Batch 340/8556, Loss: 0.0306
  Batch 360/8556, Loss: 0.2792
  Batch 380/8556, Loss: 0.1388
  Batch 400/8556, Loss: 0.0721
  Batch 420/8556, Loss: 0.0233
  Batch 440/8556, Loss: 1.0809
  Batch 460/8556, Loss: 0.2158
  Batch 480/8556, Loss: 0.4688
  Batch 500/8556, Loss: 0.4077
  Batch 520/8556, Loss: 1.3361
  Batch 540/8556, Loss: 0.7778
  Batch 560/8556, Loss: 0.0227
  Batch 580/8556, Loss: 0.1070
  Batch 600/8556, Loss: 0.7092
  Batch 620/8556, Loss: 0.0298
  Batch 640/8556, Loss: 0.2368
  Batch 660/8556, Loss: 0.1873
  Batch 680/8556, Loss: 0.0461
  Batch 700/8556, Loss: 0.1967
  Batch 720/8556, Loss: 0.5898
  Batch 740/8556, Loss: 0.4752
  Batch 760/8556, Loss: 0.6652
  Batch 780/8556, Loss: 0.0643
  Batch 800/8556, Loss: 0.6538
  Batch 820/8556, Loss: 0.3075
  Batch 840/8556, Loss: 0.0412
  Batch 860/8556, Loss: 0.2044
  Batch 880/8556, Loss: 0.0263
  Batch 900/8556, Loss: 0.7601
  Batch 920/8556, Loss: 0.0915
  Batch 940/8556, Loss: 0.0902
  Batch 960/8556, Loss: 0.2434
  Batch 980/8556, Loss: 0.1196
  Batch 1000/8556, Loss: 0.1415
  Batch 1020/8556, Loss: 0.1969
  Batch 1040/8556, Loss: 0.1200
  Batch 1060/8556, Loss: 0.0489
  Batch 1080/8556, Loss: 0.7321
  Batch 1100/8556, Loss: 0.1643
  Batch 1120/8556, Loss: 0.4461
  Batch 1140/8556, Loss: 0.0674
  Batch 1160/8556, Loss: 0.0401
  Batch 1180/8556, Loss: 0.0449
  Batch 1200/8556, Loss: 0.0524
  Batch 1220/8556, Loss: 0.3743
  Batch 1240/8556, Loss: 0.2949
  Batch 1260/8556, Loss: 0.0458
  Batch 1280/8556, Loss: 0.0157
  Batch 1300/8556, Loss: 0.1057
  Batch 1320/8556, Loss: 0.0745
  Batch 1340/8556, Loss: 0.1560
  Batch 1360/8556, Loss: 0.8529
  Batch 1380/8556, Loss: 0.1296
  Batch 1400/8556, Loss: 0.0981
  Batch 1420/8556, Loss: 0.3533
  Batch 1440/8556, Loss: 0.2781
  Batch 1460/8556, Loss: 1.3988
  Batch 1480/8556, Loss: 0.7399
  Batch 1500/8556, Loss: 0.2966
  Batch 1520/8556, Loss: 0.2130
  Batch 1540/8556, Loss: 0.1895
  Batch 1560/8556, Loss: 0.1060
  Batch 1580/8556, Loss: 0.0233
  Batch 1600/8556, Loss: 1.2691
  Batch 1620/8556, Loss: 0.0392
  Batch 1640/8556, Loss: 0.0305
  Batch 1660/8556, Loss: 0.2493
  Batch 1680/8556, Loss: 0.3784
  Batch 1700/8556, Loss: 0.5923
  Batch 1720/8556, Loss: 0.6691
  Batch 1740/8556, Loss: 0.8667
  Batch 1760/8556, Loss: 0.3706
  Batch 1780/8556, Loss: 0.0516
  Batch 1800/8556, Loss: 0.1278
  Batch 1820/8556, Loss: 0.1245
  Batch 1840/8556, Loss: 0.0596
  Batch 1860/8556, Loss: 0.0781
  Batch 1880/8556, Loss: 0.0464
  Batch 1900/8556, Loss: 1.2066
  Batch 1920/8556, Loss: 0.1795
  Batch 1940/8556, Loss: 0.1865
  Batch 1960/8556, Loss: 0.0215
  Batch 1980/8556, Loss: 0.8626
  Batch 2000/8556, Loss: 0.0201
  Batch 2020/8556, Loss: 0.3959
  Batch 2040/8556, Loss: 0.7375
  Batch 2060/8556, Loss: 0.3992
  Batch 2080/8556, Loss: 0.1320
  Batch 2100/8556, Loss: 0.0533
  Batch 2120/8556, Loss: 0.3835
  Batch 2140/8556, Loss: 1.0928
  Batch 2160/8556, Loss: 0.2542
  Batch 2180/8556, Loss: 0.1571
  Batch 2200/8556, Loss: 0.1580
  Batch 2220/8556, Loss: 0.1738
  Batch 2240/8556, Loss: 0.4572
  Batch 2260/8556, Loss: 0.6902
  Batch 2280/8556, Loss: 0.0876
  Batch 2300/8556, Loss: 0.2851
  Batch 2320/8556, Loss: 0.0933
  Batch 2340/8556, Loss: 0.4096
  Batch 2360/8556, Loss: 0.2519
  Batch 2380/8556, Loss: 0.4467
  Batch 2400/8556, Loss: 0.1935
  Batch 2420/8556, Loss: 0.5033
  Batch 2440/8556, Loss: 0.4025
  Batch 2460/8556, Loss: 0.2362
  Batch 2480/8556, Loss: 0.0659
  Batch 2500/8556, Loss: 0.6819
  Batch 2520/8556, Loss: 0.6019
  Batch 2540/8556, Loss: 0.0122
  Batch 2560/8556, Loss: 0.2083
  Batch 2580/8556, Loss: 0.6065
  Batch 2600/8556, Loss: 0.6593
  Batch 2620/8556, Loss: 0.0991
  Batch 2640/8556, Loss: 1.0894
  Batch 2660/8556, Loss: 0.5788
  Batch 2680/8556, Loss: 0.4475
  Batch 2700/8556, Loss: 0.0448
  Batch 2720/8556, Loss: 0.0872
  Batch 2740/8556, Loss: 0.0716
  Batch 2760/8556, Loss: 0.0542
  Batch 2780/8556, Loss: 0.5480
  Batch 2800/8556, Loss: 1.0130
  Batch 2820/8556, Loss: 0.6587
  Batch 2840/8556, Loss: 0.0370
  Batch 2860/8556, Loss: 0.3264
  Batch 2880/8556, Loss: 0.1166
  Batch 2900/8556, Loss: 0.0904
  Batch 2920/8556, Loss: 0.0121
  Batch 2940/8556, Loss: 0.8487
  Batch 2960/8556, Loss: 0.5033
  Batch 2980/8556, Loss: 0.0214
  Batch 3000/8556, Loss: 0.0722
  Batch 3020/8556, Loss: 0.2216
  Batch 3040/8556, Loss: 0.1298
  Batch 3060/8556, Loss: 0.2056
  Batch 3080/8556, Loss: 0.0168
  Batch 3100/8556, Loss: 0.0122
  Batch 3120/8556, Loss: 0.2752
  Batch 3140/8556, Loss: 0.1672
  Batch 3160/8556, Loss: 0.1429
  Batch 3180/8556, Loss: 0.0729
  Batch 3200/8556, Loss: 0.0876
  Batch 3220/8556, Loss: 0.1770
  Batch 3240/8556, Loss: 0.3238
  Batch 3260/8556, Loss: 0.5054
  Batch 3280/8556, Loss: 0.2774
  Batch 3300/8556, Loss: 1.0048
  Batch 3320/8556, Loss: 0.5948
  Batch 3340/8556, Loss: 1.0766
  Batch 3360/8556, Loss: 0.9077
  Batch 3380/8556, Loss: 0.3292
  Batch 3400/8556, Loss: 0.3140
  Batch 3420/8556, Loss: 0.1884
  Batch 3440/8556, Loss: 0.1483
  Batch 3460/8556, Loss: 0.1596
  Batch 3480/8556, Loss: 0.1476
  Batch 3500/8556, Loss: 0.5400
  Batch 3520/8556, Loss: 0.3186
  Batch 3540/8556, Loss: 0.0499
  Batch 3560/8556, Loss: 0.1638
  Batch 3580/8556, Loss: 0.5044
  Batch 3600/8556, Loss: 0.0611
  Batch 3620/8556, Loss: 0.0601
  Batch 3640/8556, Loss: 1.6783
  Batch 3660/8556, Loss: 0.1026
  Batch 3680/8556, Loss: 0.1709
  Batch 3700/8556, Loss: 0.0598
  Batch 3720/8556, Loss: 0.2154
  Batch 3740/8556, Loss: 0.3140
  Batch 3760/8556, Loss: 0.0531
  Batch 3780/8556, Loss: 0.0773
  Batch 3800/8556, Loss: 0.0663
  Batch 3820/8556, Loss: 0.1991
  Batch 3840/8556, Loss: 1.3214
  Batch 3860/8556, Loss: 0.0345
  Batch 3880/8556, Loss: 0.0333
  Batch 3900/8556, Loss: 0.3093
  Batch 3920/8556, Loss: 0.4157
  Batch 3940/8556, Loss: 0.0483
  Batch 3960/8556, Loss: 0.5969
  Batch 3980/8556, Loss: 0.1585
  Batch 4000/8556, Loss: 0.5134
  Batch 4020/8556, Loss: 0.0349
  Batch 4040/8556, Loss: 0.1166
  Batch 4060/8556, Loss: 0.2677
  Batch 4080/8556, Loss: 0.0317
  Batch 4100/8556, Loss: 0.0819
  Batch 4120/8556, Loss: 0.1972
  Batch 4140/8556, Loss: 0.0563
  Batch 4160/8556, Loss: 0.5561
  Batch 4180/8556, Loss: 0.0845
  Batch 4200/8556, Loss: 0.0124
  Batch 4220/8556, Loss: 0.0461
  Batch 4240/8556, Loss: 0.0899
  Batch 4260/8556, Loss: 0.0720
  Batch 4280/8556, Loss: 0.4278
  Batch 4300/8556, Loss: 0.0531
  Batch 4320/8556, Loss: 0.3387
  Batch 4340/8556, Loss: 0.1959
  Batch 4360/8556, Loss: 0.2413
  Batch 4380/8556, Loss: 0.6836
  Batch 4400/8556, Loss: 0.0516
  Batch 4420/8556, Loss: 0.1568
  Batch 4440/8556, Loss: 0.0896
  Batch 4460/8556, Loss: 0.4231
  Batch 4480/8556, Loss: 0.3532
  Batch 4500/8556, Loss: 0.0747
  Batch 4520/8556, Loss: 0.1327
  Batch 4540/8556, Loss: 1.3042
  Batch 4560/8556, Loss: 0.0674
  Batch 4580/8556, Loss: 0.0683
  Batch 4600/8556, Loss: 0.6646
  Batch 4620/8556, Loss: 0.7385
  Batch 4640/8556, Loss: 0.1097
  Batch 4660/8556, Loss: 0.6134
  Batch 4680/8556, Loss: 0.2292
  Batch 4700/8556, Loss: 0.0273
  Batch 4720/8556, Loss: 0.0860
  Batch 4740/8556, Loss: 0.7668
  Batch 4760/8556, Loss: 0.0740
  Batch 4780/8556, Loss: 0.0355
  Batch 4800/8556, Loss: 0.0432
  Batch 4820/8556, Loss: 0.0909
  Batch 4840/8556, Loss: 0.0358
  Batch 4860/8556, Loss: 0.0631
  Batch 4880/8556, Loss: 0.0674
  Batch 4900/8556, Loss: 0.1017
  Batch 4920/8556, Loss: 0.2722
  Batch 4940/8556, Loss: 0.0548
  Batch 4960/8556, Loss: 0.0193
  Batch 4980/8556, Loss: 0.2281
  Batch 5000/8556, Loss: 0.2971
  Batch 5020/8556, Loss: 0.1690
  Batch 5040/8556, Loss: 0.1290
  Batch 5060/8556, Loss: 0.0474
  Batch 5080/8556, Loss: 0.3743
  Batch 5100/8556, Loss: 0.0178
  Batch 5120/8556, Loss: 0.0689
  Batch 5140/8556, Loss: 1.2085
  Batch 5160/8556, Loss: 0.1597
  Batch 5180/8556, Loss: 0.7898
  Batch 5200/8556, Loss: 0.0264
  Batch 5220/8556, Loss: 0.5882
  Batch 5240/8556, Loss: 0.8894
  Batch 5260/8556, Loss: 0.5050
  Batch 5280/8556, Loss: 0.0988
  Batch 5300/8556, Loss: 0.0705
  Batch 5320/8556, Loss: 0.5886
  Batch 5340/8556, Loss: 0.1163
  Batch 5360/8556, Loss: 0.0118
  Batch 5380/8556, Loss: 0.3316
  Batch 5400/8556, Loss: 0.0668
  Batch 5420/8556, Loss: 0.0174
  Batch 5440/8556, Loss: 1.0249
  Batch 5460/8556, Loss: 0.1741
  Batch 5480/8556, Loss: 0.1267
  Batch 5500/8556, Loss: 0.1122
  Batch 5520/8556, Loss: 0.3053
  Batch 5540/8556, Loss: 0.4407
  Batch 5560/8556, Loss: 1.1212
  Batch 5580/8556, Loss: 0.2607
  Batch 5600/8556, Loss: 0.7247
  Batch 5620/8556, Loss: 0.0735
  Batch 5640/8556, Loss: 0.1753
  Batch 5660/8556, Loss: 0.7975
  Batch 5680/8556, Loss: 0.5712
  Batch 5700/8556, Loss: 0.5059
  Batch 5720/8556, Loss: 0.3721
  Batch 5740/8556, Loss: 0.0315
  Batch 5760/8556, Loss: 0.0163
  Batch 5780/8556, Loss: 0.7866
  Batch 5800/8556, Loss: 1.0144
  Batch 5820/8556, Loss: 0.1410
  Batch 5840/8556, Loss: 0.0438
  Batch 5860/8556, Loss: 0.4883
  Batch 5880/8556, Loss: 0.1788
  Batch 5900/8556, Loss: 0.9425
  Batch 5920/8556, Loss: 0.1762
  Batch 5940/8556, Loss: 0.1192
  Batch 5960/8556, Loss: 0.8005
  Batch 5980/8556, Loss: 0.5483
  Batch 6000/8556, Loss: 1.0933
  Batch 6020/8556, Loss: 0.3433
  Batch 6040/8556, Loss: 0.6064
  Batch 6060/8556, Loss: 0.2078
  Batch 6080/8556, Loss: 0.3387
  Batch 6100/8556, Loss: 0.3766
  Batch 6120/8556, Loss: 0.3496
  Batch 6140/8556, Loss: 0.0755
  Batch 6160/8556, Loss: 0.1145
  Batch 6180/8556, Loss: 0.9984
  Batch 6200/8556, Loss: 0.0982
  Batch 6220/8556, Loss: 1.0687
  Batch 6240/8556, Loss: 0.0617
  Batch 6260/8556, Loss: 0.0186
  Batch 6280/8556, Loss: 0.3342
  Batch 6300/8556, Loss: 0.0567
  Batch 6320/8556, Loss: 0.0646
  Batch 6340/8556, Loss: 1.1950
  Batch 6360/8556, Loss: 0.4073
  Batch 6380/8556, Loss: 0.0515
  Batch 6400/8556, Loss: 0.5742
  Batch 6420/8556, Loss: 0.1539
  Batch 6440/8556, Loss: 0.1305
  Batch 6460/8556, Loss: 0.0937
  Batch 6480/8556, Loss: 0.4310
  Batch 6500/8556, Loss: 0.0396
  Batch 6520/8556, Loss: 0.1743
  Batch 6540/8556, Loss: 0.2989
  Batch 6560/8556, Loss: 0.3639
  Batch 6580/8556, Loss: 0.3373
  Batch 6600/8556, Loss: 0.2340
  Batch 6620/8556, Loss: 0.0205
  Batch 6640/8556, Loss: 0.0908
  Batch 6660/8556, Loss: 0.0249
  Batch 6680/8556, Loss: 0.2315
  Batch 6700/8556, Loss: 0.3602
  Batch 6720/8556, Loss: 0.3530
  Batch 6740/8556, Loss: 1.0919
  Batch 6760/8556, Loss: 0.0155
  Batch 6780/8556, Loss: 0.7995
  Batch 6800/8556, Loss: 0.0342
  Batch 6820/8556, Loss: 0.2664
  Batch 6840/8556, Loss: 0.0591
  Batch 6860/8556, Loss: 0.0295
  Batch 6880/8556, Loss: 0.3879
  Batch 6900/8556, Loss: 0.3241
  Batch 6920/8556, Loss: 0.7008
  Batch 6940/8556, Loss: 0.0100
  Batch 6960/8556, Loss: 0.2423
  Batch 6980/8556, Loss: 0.0712
  Batch 7000/8556, Loss: 0.7559
  Batch 7020/8556, Loss: 0.0574
  Batch 7040/8556, Loss: 0.0173
  Batch 7060/8556, Loss: 0.6255
  Batch 7080/8556, Loss: 0.3210
  Batch 7100/8556, Loss: 0.1213
  Batch 7120/8556, Loss: 0.0655
  Batch 7140/8556, Loss: 0.0135
  Batch 7160/8556, Loss: 0.0198
  Batch 7180/8556, Loss: 0.1462
  Batch 7200/8556, Loss: 0.0253
  Batch 7220/8556, Loss: 0.0354
  Batch 7240/8556, Loss: 0.2354
  Batch 7260/8556, Loss: 0.0786
  Batch 7280/8556, Loss: 0.1215
  Batch 7300/8556, Loss: 0.0234
  Batch 7320/8556, Loss: 0.2606
  Batch 7340/8556, Loss: 0.1724
  Batch 7360/8556, Loss: 0.0321
  Batch 7380/8556, Loss: 0.3215
  Batch 7400/8556, Loss: 0.0539
  Batch 7420/8556, Loss: 0.6887
  Batch 7440/8556, Loss: 0.2261
  Batch 7460/8556, Loss: 0.0249
  Batch 7480/8556, Loss: 0.2778
  Batch 7500/8556, Loss: 0.0594
  Batch 7520/8556, Loss: 0.3605
  Batch 7540/8556, Loss: 0.2426
  Batch 7560/8556, Loss: 0.1802
  Batch 7580/8556, Loss: 0.2482
  Batch 7600/8556, Loss: 0.1230
  Batch 7620/8556, Loss: 0.0640
  Batch 7640/8556, Loss: 0.3084
  Batch 7660/8556, Loss: 0.2914
  Batch 7680/8556, Loss: 0.3974
  Batch 7700/8556, Loss: 0.0761
  Batch 7720/8556, Loss: 0.6203
  Batch 7740/8556, Loss: 0.0158
  Batch 7760/8556, Loss: 0.2188
  Batch 7780/8556, Loss: 0.6506
  Batch 7800/8556, Loss: 0.0457
  Batch 7820/8556, Loss: 0.1501
  Batch 7840/8556, Loss: 0.0683
  Batch 7860/8556, Loss: 0.4182
  Batch 7880/8556, Loss: 0.0533
  Batch 7900/8556, Loss: 0.2174
  Batch 7920/8556, Loss: 0.0639
  Batch 7940/8556, Loss: 0.0708
  Batch 7960/8556, Loss: 0.1154
  Batch 7980/8556, Loss: 0.0782
  Batch 8000/8556, Loss: 0.2151
  Batch 8020/8556, Loss: 0.1046
  Batch 8040/8556, Loss: 0.2605
  Batch 8060/8556, Loss: 0.0149
  Batch 8080/8556, Loss: 0.0564
  Batch 8100/8556, Loss: 0.0995
  Batch 8120/8556, Loss: 0.2752
  Batch 8140/8556, Loss: 0.0303
  Batch 8160/8556, Loss: 0.2261
  Batch 8180/8556, Loss: 0.5867
  Batch 8200/8556, Loss: 0.4046
  Batch 8220/8556, Loss: 0.0865
  Batch 8240/8556, Loss: 0.0610
  Batch 8260/8556, Loss: 0.2719
  Batch 8280/8556, Loss: 0.1376
  Batch 8300/8556, Loss: 0.5944
  Batch 8320/8556, Loss: 0.0892
  Batch 8340/8556, Loss: 0.3857
  Batch 8360/8556, Loss: 0.1551
  Batch 8380/8556, Loss: 0.2277
  Batch 8400/8556, Loss: 0.1682
  Batch 8420/8556, Loss: 0.0157
  Batch 8440/8556, Loss: 0.7883
  Batch 8460/8556, Loss: 0.0868
  Batch 8480/8556, Loss: 0.1237
  Batch 8500/8556, Loss: 0.0612
  Batch 8520/8556, Loss: 0.1158
  Batch 8540/8556, Loss: 0.0210
Epoch 7/30 (360.2s)
  Train Loss: 0.2845, Acc: 0.7604
  Val Loss: 1.1337, Acc: 0.6260
  Best Val Acc: 0.6468
  LR: 1.50e-05
------------------------------------------------------------
Early stopping triggered at epoch 7
Training complete! Best validation accuracy: 0.6468
Model saved as 'best_model_final.pth'
=== Final Training Complete ===
Job finished: Thu Jul 17 12:06:39 AM EDT 2025
✅ Final model saved successfully
-rw-r--r--+ 1 akoongbo akoongbo 236K Jul 16 23:54 best_model_final.pth
✅ Final training curves saved
-rw-r--r--+ 1 akoongbo akoongbo 42K Jul 17 00:06 final_training_curves.png
=== Model Comparison ===
Previous model size: 1.1M
Final model size: 236K
