=== GESTURE Seizure Detection Training ===
Job started: Wed Jul 16 08:08:03 PM EDT 2025
Node: qa-a10-026.crc.nd.edu
=== Environment Check ===
PyTorch version: 2.5.1+cu121
CUDA available: True
GPU: NVIDIA A10
GPU memory: 23.7 GB
=== Starting Training ===
/users/akoongbo/miniconda3/envs/hiera-seizure/lib/python3.12/site-packages/torch/utils/data/dataloader.py:617: UserWarning: This DataLoader will create 4 worker processes in total. Our suggested max number of worker in current system is 1, which is smaller than what this DataLoader is going to create. Please be aware that excessive worker creation might get DataLoader running slow or even freeze, lower the worker number to avoid potential slowness/freeze if necessary.
  warnings.warn(
/users/akoongbo/miniconda3/envs/hiera-seizure/lib/python3.12/site-packages/torch/utils/data/dataloader.py:617: UserWarning: This DataLoader will create 4 worker processes in total. Our suggested max number of worker in current system is 1, which is smaller than what this DataLoader is going to create. Please be aware that excessive worker creation might get DataLoader running slow or even freeze, lower the worker number to avoid potential slowness/freeze if necessary.
  warnings.warn(
=== GESTURE Dataset Training with Hiera Architecture ===
Device: cuda
GPU: NVIDIA A10
GPU memory: 23.7 GB
Loaded 220 seizures
Train: 54 subjects, 184 seizures
Val: 14 subjects, 36 seizures
Dataset created: 12686 samples from 177 seizures
Dataset created: 2918 samples from 35 seizures
Model parameters: 2,542,466
------------------------------------------------------------
  Batch 0/397, Loss: 1.2289
  Batch 10/397, Loss: 0.7001
  Batch 20/397, Loss: 0.5218
  Batch 30/397, Loss: 0.5686
  Batch 40/397, Loss: 0.5119
  Batch 50/397, Loss: 0.5643
  Batch 60/397, Loss: 0.4816
  Batch 70/397, Loss: 0.5299
  Batch 80/397, Loss: 0.6006
  Batch 90/397, Loss: 0.3909
  Batch 100/397, Loss: 0.2991
  Batch 110/397, Loss: 0.3959
  Batch 120/397, Loss: 0.4154
  Batch 130/397, Loss: 0.3003
  Batch 140/397, Loss: 0.5571
  Batch 150/397, Loss: 0.3251
  Batch 160/397, Loss: 0.3343
  Batch 170/397, Loss: 0.2923
  Batch 180/397, Loss: 0.2640
  Batch 190/397, Loss: 0.3132
  Batch 200/397, Loss: 0.3709
  Batch 210/397, Loss: 0.5881
  Batch 220/397, Loss: 0.3411
  Batch 230/397, Loss: 0.3790
  Batch 240/397, Loss: 0.2959
  Batch 250/397, Loss: 0.3844
  Batch 260/397, Loss: 0.1966
  Batch 270/397, Loss: 0.2235
  Batch 280/397, Loss: 0.2015
  Batch 290/397, Loss: 0.2041
  Batch 300/397, Loss: 0.0883
  Batch 310/397, Loss: 0.1907
  Batch 320/397, Loss: 0.3954
  Batch 330/397, Loss: 0.3059
  Batch 340/397, Loss: 0.2922
  Batch 350/397, Loss: 0.1679
  Batch 360/397, Loss: 0.2040
  Batch 370/397, Loss: 0.5937
  Batch 380/397, Loss: 0.4126
  Batch 390/397, Loss: 0.3785
Epoch 1/30 (257.1s)
  Train Loss: 0.3715, Acc: 0.8293
  Val Loss: 0.7789, Acc: 0.6744
  Best Val Acc: 0.6744
  LR: 9.97e-05
------------------------------------------------------------
  Batch 0/397, Loss: 0.1876
  Batch 10/397, Loss: 0.1370
  Batch 20/397, Loss: 0.1220
  Batch 30/397, Loss: 0.1628
  Batch 40/397, Loss: 0.1347
  Batch 50/397, Loss: 0.2729
  Batch 60/397, Loss: 0.2453
  Batch 70/397, Loss: 0.2018
  Batch 80/397, Loss: 0.0803
  Batch 90/397, Loss: 0.1347
  Batch 100/397, Loss: 0.1813
  Batch 110/397, Loss: 0.2192
  Batch 120/397, Loss: 0.1557
  Batch 130/397, Loss: 0.1391
  Batch 140/397, Loss: 0.1693
  Batch 150/397, Loss: 0.3165
  Batch 160/397, Loss: 0.3814
  Batch 170/397, Loss: 0.0847
  Batch 180/397, Loss: 0.0823
  Batch 190/397, Loss: 0.0937
  Batch 200/397, Loss: 0.2375
  Batch 210/397, Loss: 0.1068
  Batch 220/397, Loss: 0.0448
  Batch 230/397, Loss: 0.1210
  Batch 240/397, Loss: 0.2262
  Batch 250/397, Loss: 0.0983
  Batch 260/397, Loss: 0.0824
  Batch 270/397, Loss: 0.2506
  Batch 280/397, Loss: 0.0690
  Batch 290/397, Loss: 0.0837
  Batch 300/397, Loss: 0.0901
  Batch 310/397, Loss: 0.0369
  Batch 320/397, Loss: 0.2555
  Batch 330/397, Loss: 0.0471
  Batch 340/397, Loss: 0.3358
  Batch 350/397, Loss: 0.0582
  Batch 360/397, Loss: 0.0831
  Batch 370/397, Loss: 0.1085
  Batch 380/397, Loss: 0.1646
  Batch 390/397, Loss: 0.2237
Epoch 2/30 (156.4s)
  Train Loss: 0.1731, Acc: 0.9317
  Val Loss: 1.5785, Acc: 0.5216
  Best Val Acc: 0.6744
  LR: 9.89e-05
------------------------------------------------------------
  Batch 0/397, Loss: 0.1487
  Batch 10/397, Loss: 0.0744
  Batch 20/397, Loss: 0.0309
  Batch 30/397, Loss: 0.3069
  Batch 40/397, Loss: 0.0306
  Batch 50/397, Loss: 0.1106
  Batch 60/397, Loss: 0.0137
  Batch 70/397, Loss: 0.1745
  Batch 80/397, Loss: 0.2751
  Batch 90/397, Loss: 0.0231
  Batch 100/397, Loss: 0.1235
  Batch 110/397, Loss: 0.0785
  Batch 120/397, Loss: 0.1435
  Batch 130/397, Loss: 0.0657
  Batch 140/397, Loss: 0.0211
  Batch 150/397, Loss: 0.0599
  Batch 160/397, Loss: 0.0473
  Batch 170/397, Loss: 0.2895
  Batch 180/397, Loss: 0.0212
  Batch 190/397, Loss: 0.0626
  Batch 200/397, Loss: 0.0277
  Batch 210/397, Loss: 0.0521
  Batch 220/397, Loss: 0.1133
  Batch 230/397, Loss: 0.1344
  Batch 240/397, Loss: 0.0691
  Batch 250/397, Loss: 0.0117
  Batch 260/397, Loss: 0.0088
  Batch 270/397, Loss: 0.0462
  Batch 280/397, Loss: 0.0978
  Batch 290/397, Loss: 0.0347
  Batch 300/397, Loss: 0.0400
  Batch 310/397, Loss: 0.0868
  Batch 320/397, Loss: 0.0132
  Batch 330/397, Loss: 0.1174
  Batch 340/397, Loss: 0.0919
  Batch 350/397, Loss: 0.0588
  Batch 360/397, Loss: 0.0218
  Batch 370/397, Loss: 0.2112
  Batch 380/397, Loss: 0.0075
  Batch 390/397, Loss: 0.0228
Epoch 3/30 (158.0s)
  Train Loss: 0.1034, Acc: 0.9607
  Val Loss: 1.7288, Acc: 0.6011
  Best Val Acc: 0.6744
  LR: 9.76e-05
------------------------------------------------------------
  Batch 0/397, Loss: 0.0239
  Batch 10/397, Loss: 0.0992
  Batch 20/397, Loss: 0.1546
  Batch 30/397, Loss: 0.0718
  Batch 40/397, Loss: 0.1391
  Batch 50/397, Loss: 0.0171
  Batch 60/397, Loss: 0.0194
  Batch 70/397, Loss: 0.1353
  Batch 80/397, Loss: 0.0600
  Batch 90/397, Loss: 0.0878
  Batch 100/397, Loss: 0.2245
  Batch 110/397, Loss: 0.0161
  Batch 120/397, Loss: 0.0094
  Batch 130/397, Loss: 0.0633
  Batch 140/397, Loss: 0.0226
  Batch 150/397, Loss: 0.1021
  Batch 160/397, Loss: 0.0387
  Batch 170/397, Loss: 0.0042
  Batch 180/397, Loss: 0.2633
  Batch 190/397, Loss: 0.0085
  Batch 200/397, Loss: 0.0312
  Batch 210/397, Loss: 0.0195
  Batch 220/397, Loss: 0.0592
  Batch 230/397, Loss: 0.0519
  Batch 240/397, Loss: 0.1086
  Batch 250/397, Loss: 0.0062
  Batch 260/397, Loss: 0.0373
  Batch 270/397, Loss: 0.0654
  Batch 280/397, Loss: 0.0448
  Batch 290/397, Loss: 0.1079
  Batch 300/397, Loss: 0.0388
  Batch 310/397, Loss: 0.2767
  Batch 320/397, Loss: 0.1103
  Batch 330/397, Loss: 0.0565
  Batch 340/397, Loss: 0.0216
  Batch 350/397, Loss: 0.0129
  Batch 360/397, Loss: 0.0013
  Batch 370/397, Loss: 0.1221
  Batch 380/397, Loss: 0.0171
  Batch 390/397, Loss: 0.0453
Epoch 4/30 (157.1s)
  Train Loss: 0.0760, Acc: 0.9712
  Val Loss: 1.7556, Acc: 0.6103
  Best Val Acc: 0.6744
  LR: 9.57e-05
------------------------------------------------------------
  Batch 0/397, Loss: 0.0241
  Batch 10/397, Loss: 0.0378
  Batch 20/397, Loss: 0.0737
  Batch 30/397, Loss: 0.1229
  Batch 40/397, Loss: 0.0078
  Batch 50/397, Loss: 0.0064
  Batch 60/397, Loss: 0.0012
  Batch 70/397, Loss: 0.0464
  Batch 80/397, Loss: 0.0041
  Batch 90/397, Loss: 0.0214
  Batch 100/397, Loss: 0.0244
  Batch 110/397, Loss: 0.0184
  Batch 120/397, Loss: 0.0264
  Batch 130/397, Loss: 0.0659
  Batch 140/397, Loss: 0.1161
  Batch 150/397, Loss: 0.0040
  Batch 160/397, Loss: 0.0987
  Batch 170/397, Loss: 0.0207
  Batch 180/397, Loss: 0.0512
  Batch 190/397, Loss: 0.0424
  Batch 200/397, Loss: 0.1510
  Batch 210/397, Loss: 0.0162
  Batch 220/397, Loss: 0.2247
  Batch 230/397, Loss: 0.0033
  Batch 240/397, Loss: 0.0788
  Batch 250/397, Loss: 0.1074
  Batch 260/397, Loss: 0.0033
  Batch 270/397, Loss: 0.0047
  Batch 280/397, Loss: 0.0041
  Batch 290/397, Loss: 0.1649
  Batch 300/397, Loss: 0.2855
  Batch 310/397, Loss: 0.0013
  Batch 320/397, Loss: 0.0229
  Batch 330/397, Loss: 0.1473
  Batch 340/397, Loss: 0.0046
  Batch 350/397, Loss: 0.0119
  Batch 360/397, Loss: 0.0553
  Batch 370/397, Loss: 0.0431
  Batch 380/397, Loss: 0.0086
  Batch 390/397, Loss: 0.0418
Epoch 5/30 (159.0s)
  Train Loss: 0.0532, Acc: 0.9816
  Val Loss: 2.0386, Acc: 0.5936
  Best Val Acc: 0.6744
  LR: 9.33e-05
------------------------------------------------------------
  Batch 0/397, Loss: 0.0090
  Batch 10/397, Loss: 0.0236
  Batch 20/397, Loss: 0.0880
  Batch 30/397, Loss: 0.2660
  Batch 40/397, Loss: 0.0179
  Batch 50/397, Loss: 0.0144
  Batch 60/397, Loss: 0.0045
  Batch 70/397, Loss: 0.0011
  Batch 80/397, Loss: 0.0405
  Batch 90/397, Loss: 0.0013
  Batch 100/397, Loss: 0.0053
  Batch 110/397, Loss: 0.0008
  Batch 120/397, Loss: 0.0003
  Batch 130/397, Loss: 0.0168
  Batch 140/397, Loss: 0.1293
  Batch 150/397, Loss: 0.0007
  Batch 160/397, Loss: 0.0097
  Batch 170/397, Loss: 0.0811
  Batch 180/397, Loss: 0.0411
  Batch 190/397, Loss: 0.0049
  Batch 200/397, Loss: 0.0019
  Batch 210/397, Loss: 0.0043
  Batch 220/397, Loss: 0.0007
  Batch 230/397, Loss: 0.0023
  Batch 240/397, Loss: 0.0142
  Batch 250/397, Loss: 0.1071
  Batch 260/397, Loss: 0.1919
  Batch 270/397, Loss: 0.0134
  Batch 280/397, Loss: 0.0059
  Batch 290/397, Loss: 0.0059
  Batch 300/397, Loss: 0.0225
  Batch 310/397, Loss: 0.2009
  Batch 320/397, Loss: 0.0009
  Batch 330/397, Loss: 0.0015
  Batch 340/397, Loss: 0.0018
  Batch 350/397, Loss: 0.0661
  Batch 360/397, Loss: 0.0244
  Batch 370/397, Loss: 0.1202
  Batch 380/397, Loss: 0.0049
  Batch 390/397, Loss: 0.0094
Epoch 6/30 (161.6s)
  Train Loss: 0.0411, Acc: 0.9854
  Val Loss: 2.7858, Acc: 0.5487
  Best Val Acc: 0.6744
  LR: 9.05e-05
------------------------------------------------------------
  Batch 0/397, Loss: 0.0000
  Batch 10/397, Loss: 0.0758
  Batch 20/397, Loss: 0.0000
  Batch 30/397, Loss: 0.0037
  Batch 40/397, Loss: 0.0139
  Batch 50/397, Loss: 0.0112
  Batch 60/397, Loss: 0.1286
  Batch 70/397, Loss: 0.0020
  Batch 80/397, Loss: 0.0005
  Batch 90/397, Loss: 0.0596
  Batch 100/397, Loss: 0.0025
  Batch 110/397, Loss: 0.0006
  Batch 120/397, Loss: 0.3485
  Batch 130/397, Loss: 0.0043
  Batch 140/397, Loss: 0.1209
  Batch 150/397, Loss: 0.0009
  Batch 160/397, Loss: 0.0141
  Batch 170/397, Loss: 0.0053
  Batch 180/397, Loss: 0.0548
  Batch 190/397, Loss: 0.0059
  Batch 200/397, Loss: 0.0293
  Batch 210/397, Loss: 0.0072
  Batch 220/397, Loss: 0.0199
  Batch 230/397, Loss: 0.0312
  Batch 240/397, Loss: 0.0708
  Batch 250/397, Loss: 0.0014
  Batch 260/397, Loss: 0.0455
  Batch 270/397, Loss: 0.0129
  Batch 280/397, Loss: 0.0690
  Batch 290/397, Loss: 0.0001
  Batch 300/397, Loss: 0.0165
  Batch 310/397, Loss: 0.0035
  Batch 320/397, Loss: 0.0053
  Batch 330/397, Loss: 0.0012
  Batch 340/397, Loss: 0.0007
  Batch 350/397, Loss: 0.0004
  Batch 360/397, Loss: 0.0010
  Batch 370/397, Loss: 0.0081
  Batch 380/397, Loss: 0.0034
  Batch 390/397, Loss: 0.0008
Epoch 7/30 (155.7s)
  Train Loss: 0.0322, Acc: 0.9883
  Val Loss: 2.3057, Acc: 0.6035
  Best Val Acc: 0.6744
  LR: 8.72e-05
------------------------------------------------------------
  Batch 0/397, Loss: 0.0828
  Batch 10/397, Loss: 0.1172
  Batch 20/397, Loss: 0.0031
  Batch 30/397, Loss: 0.0003
  Batch 40/397, Loss: 0.0003
  Batch 50/397, Loss: 0.0229
  Batch 60/397, Loss: 0.0009
  Batch 70/397, Loss: 0.0053
  Batch 80/397, Loss: 0.0002
  Batch 90/397, Loss: 0.0023
  Batch 100/397, Loss: 0.0004
  Batch 110/397, Loss: 0.0011
  Batch 120/397, Loss: 0.0359
  Batch 130/397, Loss: 0.0238
  Batch 140/397, Loss: 0.0003
  Batch 150/397, Loss: 0.0015
  Batch 160/397, Loss: 0.0008
  Batch 170/397, Loss: 0.0474
  Batch 180/397, Loss: 0.0017
  Batch 190/397, Loss: 0.0002
  Batch 200/397, Loss: 0.0001
  Batch 210/397, Loss: 0.0004
  Batch 220/397, Loss: 0.0085
  Batch 230/397, Loss: 0.0132
  Batch 240/397, Loss: 0.0002
  Batch 250/397, Loss: 0.0002
  Batch 260/397, Loss: 0.1874
  Batch 270/397, Loss: 0.0005
  Batch 280/397, Loss: 0.0001
  Batch 290/397, Loss: 0.0172
  Batch 300/397, Loss: 0.0874
  Batch 310/397, Loss: 0.0048
  Batch 320/397, Loss: 0.0009
  Batch 330/397, Loss: 0.0031
  Batch 340/397, Loss: 0.0001
  Batch 350/397, Loss: 0.0194
  Batch 360/397, Loss: 0.0015
  Batch 370/397, Loss: 0.0159
  Batch 380/397, Loss: 0.0733
  Batch 390/397, Loss: 0.1171
Epoch 8/30 (155.0s)
  Train Loss: 0.0246, Acc: 0.9913
  Val Loss: 2.3323, Acc: 0.6025
  Best Val Acc: 0.6744
  LR: 8.35e-05
------------------------------------------------------------
  Batch 0/397, Loss: 0.0033
  Batch 10/397, Loss: 0.0004
  Batch 20/397, Loss: 0.0023
  Batch 30/397, Loss: 0.0001
  Batch 40/397, Loss: 0.0004
  Batch 50/397, Loss: 0.0008
  Batch 60/397, Loss: 0.0548
  Batch 70/397, Loss: 0.0000
  Batch 80/397, Loss: 0.0374
  Batch 90/397, Loss: 0.0750
  Batch 100/397, Loss: 0.0001
  Batch 110/397, Loss: 0.0030
  Batch 120/397, Loss: 0.0145
  Batch 130/397, Loss: 0.0009
  Batch 140/397, Loss: 0.0145
  Batch 150/397, Loss: 0.0182
  Batch 160/397, Loss: 0.0006
  Batch 170/397, Loss: 0.0002
  Batch 180/397, Loss: 0.0034
  Batch 190/397, Loss: 0.0011
  Batch 200/397, Loss: 0.0001
  Batch 210/397, Loss: 0.0003
  Batch 220/397, Loss: 0.0005
  Batch 230/397, Loss: 0.0012
  Batch 240/397, Loss: 0.0007
  Batch 250/397, Loss: 0.0003
  Batch 260/397, Loss: 0.0007
  Batch 270/397, Loss: 0.0014
  Batch 280/397, Loss: 0.0014
  Batch 290/397, Loss: 0.0002
  Batch 300/397, Loss: 0.0001
  Batch 310/397, Loss: 0.0074
  Batch 320/397, Loss: 0.0077
  Batch 330/397, Loss: 0.0000
  Batch 340/397, Loss: 0.0007
  Batch 350/397, Loss: 0.0013
  Batch 360/397, Loss: 0.0000
  Batch 370/397, Loss: 0.0002
  Batch 380/397, Loss: 0.0001
  Batch 390/397, Loss: 0.0156
Epoch 9/30 (160.3s)
  Train Loss: 0.0240, Acc: 0.9920
  Val Loss: 2.5559, Acc: 0.6350
  Best Val Acc: 0.6744
  LR: 7.94e-05
------------------------------------------------------------
  Batch 0/397, Loss: 0.0035
  Batch 10/397, Loss: 0.0703
  Batch 20/397, Loss: 0.0002
  Batch 30/397, Loss: 0.0001
  Batch 40/397, Loss: 0.0024
  Batch 50/397, Loss: 0.0003
  Batch 60/397, Loss: 0.0003
  Batch 70/397, Loss: 0.0019
  Batch 80/397, Loss: 0.0002
  Batch 90/397, Loss: 0.1372
  Batch 100/397, Loss: 0.0172
  Batch 110/397, Loss: 0.0091
  Batch 120/397, Loss: 0.0000
  Batch 130/397, Loss: 0.0033
  Batch 140/397, Loss: 0.0000
  Batch 150/397, Loss: 0.0004
  Batch 160/397, Loss: 0.0023
  Batch 170/397, Loss: 0.0010
  Batch 180/397, Loss: 0.0064
  Batch 190/397, Loss: 0.0006
  Batch 200/397, Loss: 0.0157
  Batch 210/397, Loss: 0.1416
  Batch 220/397, Loss: 0.0000
  Batch 230/397, Loss: 0.0041
  Batch 240/397, Loss: 0.0019
  Batch 250/397, Loss: 0.0057
  Batch 260/397, Loss: 0.0025
  Batch 270/397, Loss: 0.0003
  Batch 280/397, Loss: 0.0001
  Batch 290/397, Loss: 0.0000
  Batch 300/397, Loss: 0.3557
  Batch 310/397, Loss: 0.0027
  Batch 320/397, Loss: 0.0001
  Batch 330/397, Loss: 0.0003
  Batch 340/397, Loss: 0.0007
  Batch 350/397, Loss: 0.0005
  Batch 360/397, Loss: 0.0139
  Batch 370/397, Loss: 0.0020
  Batch 380/397, Loss: 0.0000
  Batch 390/397, Loss: 0.0576
Epoch 10/30 (154.1s)
  Train Loss: 0.0174, Acc: 0.9946
  Val Loss: 3.1820, Acc: 0.5960
  Best Val Acc: 0.6744
  LR: 7.50e-05
------------------------------------------------------------
  Batch 0/397, Loss: 0.0001
  Batch 10/397, Loss: 0.0000
  Batch 20/397, Loss: 0.0000
  Batch 30/397, Loss: 0.0014
  Batch 40/397, Loss: 0.0008
  Batch 50/397, Loss: 0.0020
  Batch 60/397, Loss: 0.0001
  Batch 70/397, Loss: 0.0002
  Batch 80/397, Loss: 0.0005
  Batch 90/397, Loss: 0.0001
  Batch 100/397, Loss: 0.0000
  Batch 110/397, Loss: 0.0001
  Batch 120/397, Loss: 0.0122
  Batch 130/397, Loss: 0.0000
  Batch 140/397, Loss: 0.0000
  Batch 150/397, Loss: 0.0120
  Batch 160/397, Loss: 0.0068
  Batch 170/397, Loss: 0.0000
  Batch 180/397, Loss: 0.0014
  Batch 190/397, Loss: 0.0002
  Batch 200/397, Loss: 0.0091
  Batch 210/397, Loss: 0.0000
  Batch 220/397, Loss: 0.0000
  Batch 230/397, Loss: 0.0001
  Batch 240/397, Loss: 0.1656
  Batch 250/397, Loss: 0.0000
  Batch 260/397, Loss: 0.0015
  Batch 270/397, Loss: 0.0012
  Batch 280/397, Loss: 0.0165
  Batch 290/397, Loss: 0.0000
  Batch 300/397, Loss: 0.0372
  Batch 310/397, Loss: 0.0003
  Batch 320/397, Loss: 0.0013
  Batch 330/397, Loss: 0.0003
  Batch 340/397, Loss: 0.0008
  Batch 350/397, Loss: 0.0001
  Batch 360/397, Loss: 0.0001
  Batch 370/397, Loss: 0.0000
  Batch 380/397, Loss: 0.0014
  Batch 390/397, Loss: 0.0007
Epoch 11/30 (153.6s)
  Train Loss: 0.0099, Acc: 0.9968
  Val Loss: 3.0266, Acc: 0.5936
  Best Val Acc: 0.6744
  LR: 7.03e-05
------------------------------------------------------------
  Batch 0/397, Loss: 0.0489
  Batch 10/397, Loss: 0.0000
  Batch 20/397, Loss: 0.0003
  Batch 30/397, Loss: 0.0000
  Batch 40/397, Loss: 0.0009
  Batch 50/397, Loss: 0.0000
  Batch 60/397, Loss: 0.0000
  Batch 70/397, Loss: 0.0001
  Batch 80/397, Loss: 0.0001
  Batch 90/397, Loss: 0.0000
  Batch 100/397, Loss: 0.0018
  Batch 110/397, Loss: 0.0014
  Batch 120/397, Loss: 0.0000
  Batch 130/397, Loss: 0.0007
  Batch 140/397, Loss: 0.0010
  Batch 150/397, Loss: 0.0000
  Batch 160/397, Loss: 0.0002
  Batch 170/397, Loss: 0.0000
  Batch 180/397, Loss: 0.0090
  Batch 190/397, Loss: 0.0001
  Batch 200/397, Loss: 0.0001
  Batch 210/397, Loss: 0.0003
  Batch 220/397, Loss: 0.0371
  Batch 230/397, Loss: 0.0001
  Batch 240/397, Loss: 0.0000
  Batch 250/397, Loss: 0.0001
  Batch 260/397, Loss: 0.0000
  Batch 270/397, Loss: 0.0000
  Batch 280/397, Loss: 0.0000
  Batch 290/397, Loss: 0.0004
  Batch 300/397, Loss: 0.0000
  Batch 310/397, Loss: 0.0000
  Batch 320/397, Loss: 0.0022
  Batch 330/397, Loss: 0.0002
  Batch 340/397, Loss: 0.0000
  Batch 350/397, Loss: 0.0002
  Batch 360/397, Loss: 0.0000
  Batch 370/397, Loss: 0.0000
  Batch 380/397, Loss: 0.0003
  Batch 390/397, Loss: 0.0002
Epoch 12/30 (154.6s)
  Train Loss: 0.0064, Acc: 0.9978
  Val Loss: 3.4564, Acc: 0.6069
  Best Val Acc: 0.6744
  LR: 6.55e-05
------------------------------------------------------------
  Batch 0/397, Loss: 0.0000
  Batch 10/397, Loss: 0.0001
  Batch 20/397, Loss: 0.0001
  Batch 30/397, Loss: 0.0000
  Batch 40/397, Loss: 0.1412
  Batch 50/397, Loss: 0.0888
  Batch 60/397, Loss: 0.0005
  Batch 70/397, Loss: 0.0000
  Batch 80/397, Loss: 0.0017
  Batch 90/397, Loss: 0.0001
  Batch 100/397, Loss: 0.0000
  Batch 110/397, Loss: 0.0001
  Batch 120/397, Loss: 0.0003
  Batch 130/397, Loss: 0.0441
  Batch 140/397, Loss: 0.0000
  Batch 150/397, Loss: 0.0005
  Batch 160/397, Loss: 0.0000
  Batch 170/397, Loss: 0.0001
  Batch 180/397, Loss: 0.0000
  Batch 190/397, Loss: 0.0000
  Batch 200/397, Loss: 0.0000
  Batch 210/397, Loss: 0.0000
  Batch 220/397, Loss: 0.0001
  Batch 230/397, Loss: 0.0000
  Batch 240/397, Loss: 0.0000
  Batch 250/397, Loss: 0.0001
  Batch 260/397, Loss: 0.0000
  Batch 270/397, Loss: 0.0107
  Batch 280/397, Loss: 0.0002
  Batch 290/397, Loss: 0.0000
  Batch 300/397, Loss: 0.0000
  Batch 310/397, Loss: 0.0000
  Batch 320/397, Loss: 0.0050
  Batch 330/397, Loss: 0.0002
  Batch 340/397, Loss: 0.0003
  Batch 350/397, Loss: 0.0001
  Batch 360/397, Loss: 0.0000
  Batch 370/397, Loss: 0.0000
  Batch 380/397, Loss: 0.0097
  Batch 390/397, Loss: 0.0010
Epoch 13/30 (154.9s)
  Train Loss: 0.0068, Acc: 0.9975
  Val Loss: 3.2251, Acc: 0.6234
  Best Val Acc: 0.6744
  LR: 6.04e-05
------------------------------------------------------------
  Batch 0/397, Loss: 0.0004
  Batch 10/397, Loss: 0.0002
  Batch 20/397, Loss: 0.0002
  Batch 30/397, Loss: 0.0016
  Batch 40/397, Loss: 0.0000
  Batch 50/397, Loss: 0.0000
  Batch 60/397, Loss: 0.0000
  Batch 70/397, Loss: 0.0000
  Batch 80/397, Loss: 0.0014
  Batch 90/397, Loss: 0.0000
  Batch 100/397, Loss: 0.0000
  Batch 110/397, Loss: 0.0000
  Batch 120/397, Loss: 0.0022
  Batch 130/397, Loss: 0.0000
  Batch 140/397, Loss: 0.1527
  Batch 150/397, Loss: 0.0000
  Batch 160/397, Loss: 0.0000
  Batch 170/397, Loss: 0.0002
  Batch 180/397, Loss: 0.0084
  Batch 190/397, Loss: 0.0009
  Batch 200/397, Loss: 0.0002
  Batch 210/397, Loss: 0.0000
  Batch 220/397, Loss: 0.0000
  Batch 230/397, Loss: 0.0108
  Batch 240/397, Loss: 0.0002
  Batch 250/397, Loss: 0.0000
  Batch 260/397, Loss: 0.0000
  Batch 270/397, Loss: 0.0076
  Batch 280/397, Loss: 0.0000
  Batch 290/397, Loss: 0.0000
  Batch 300/397, Loss: 0.0253
  Batch 310/397, Loss: 0.0002
  Batch 320/397, Loss: 0.0148
  Batch 330/397, Loss: 0.0039
  Batch 340/397, Loss: 0.0185
  Batch 350/397, Loss: 0.0000
  Batch 360/397, Loss: 0.0000
  Batch 370/397, Loss: 0.0025
  Batch 380/397, Loss: 0.0000
  Batch 390/397, Loss: 0.0000
Epoch 14/30 (156.3s)
  Train Loss: 0.0069, Acc: 0.9978
  Val Loss: 3.2895, Acc: 0.6148
  Best Val Acc: 0.6744
  LR: 5.52e-05
------------------------------------------------------------
  Batch 0/397, Loss: 0.0031
  Batch 10/397, Loss: 0.0000
  Batch 20/397, Loss: 0.0000
  Batch 30/397, Loss: 0.0000
  Batch 40/397, Loss: 0.0002
  Batch 50/397, Loss: 0.0000
  Batch 60/397, Loss: 0.0000
  Batch 70/397, Loss: 0.0000
  Batch 80/397, Loss: 0.0003
  Batch 90/397, Loss: 0.0000
  Batch 100/397, Loss: 0.0000
  Batch 110/397, Loss: 0.0001
  Batch 120/397, Loss: 0.0000
  Batch 130/397, Loss: 0.0000
  Batch 140/397, Loss: 0.0000
  Batch 150/397, Loss: 0.0000
  Batch 160/397, Loss: 0.0000
  Batch 170/397, Loss: 0.0006
  Batch 180/397, Loss: 0.0000
  Batch 190/397, Loss: 0.0000
  Batch 200/397, Loss: 0.0213
  Batch 210/397, Loss: 0.0017
  Batch 220/397, Loss: 0.0000
  Batch 230/397, Loss: 0.3107
  Batch 240/397, Loss: 0.0003
  Batch 250/397, Loss: 0.0082
  Batch 260/397, Loss: 0.0004
  Batch 270/397, Loss: 0.0099
  Batch 280/397, Loss: 0.0006
  Batch 290/397, Loss: 0.0000
  Batch 300/397, Loss: 0.0000
  Batch 310/397, Loss: 0.0016
  Batch 320/397, Loss: 0.0001
  Batch 330/397, Loss: 0.0000
  Batch 340/397, Loss: 0.0000
  Batch 350/397, Loss: 0.0000
  Batch 360/397, Loss: 0.0000
  Batch 370/397, Loss: 0.0000
  Batch 380/397, Loss: 0.0002
  Batch 390/397, Loss: 0.0000
Epoch 15/30 (155.9s)
  Train Loss: 0.0045, Acc: 0.9991
  Val Loss: 3.5016, Acc: 0.6285
  Best Val Acc: 0.6744
  LR: 5.00e-05
------------------------------------------------------------
  Batch 0/397, Loss: 0.0000
  Batch 10/397, Loss: 0.0000
  Batch 20/397, Loss: 0.0000
  Batch 30/397, Loss: 0.0000
  Batch 40/397, Loss: 0.0000
  Batch 50/397, Loss: 0.0000
  Batch 60/397, Loss: 0.0000
  Batch 70/397, Loss: 0.0000
  Batch 80/397, Loss: 0.0000
  Batch 90/397, Loss: 0.0036
  Batch 100/397, Loss: 0.0000
  Batch 110/397, Loss: 0.0000
  Batch 120/397, Loss: 0.0000
  Batch 130/397, Loss: 0.0000
  Batch 140/397, Loss: 0.0000
  Batch 150/397, Loss: 0.0000
  Batch 160/397, Loss: 0.0000
  Batch 170/397, Loss: 0.0000
  Batch 180/397, Loss: 0.0000
  Batch 190/397, Loss: 0.0000
  Batch 200/397, Loss: 0.0000
  Batch 210/397, Loss: 0.0000
  Batch 220/397, Loss: 0.0000
  Batch 230/397, Loss: 0.0000
  Batch 240/397, Loss: 0.0000
  Batch 250/397, Loss: 0.0000
  Batch 260/397, Loss: 0.0006
  Batch 270/397, Loss: 0.0000
  Batch 280/397, Loss: 0.0000
  Batch 290/397, Loss: 0.0000
  Batch 300/397, Loss: 0.0000
  Batch 310/397, Loss: 0.0000
  Batch 320/397, Loss: 0.0001
  Batch 330/397, Loss: 0.0017
  Batch 340/397, Loss: 0.0000
  Batch 350/397, Loss: 0.0003
  Batch 360/397, Loss: 0.0000
  Batch 370/397, Loss: 0.0197
  Batch 380/397, Loss: 0.0000
  Batch 390/397, Loss: 0.0000
Epoch 16/30 (154.6s)
  Train Loss: 0.0017, Acc: 0.9995
  Val Loss: 3.1269, Acc: 0.6302
  Best Val Acc: 0.6744
  LR: 4.48e-05
------------------------------------------------------------
  Batch 0/397, Loss: 0.0000
  Batch 10/397, Loss: 0.0001
  Batch 20/397, Loss: 0.0000
  Batch 30/397, Loss: 0.0014
  Batch 40/397, Loss: 0.0000
  Batch 50/397, Loss: 0.0000
  Batch 60/397, Loss: 0.0006
  Batch 70/397, Loss: 0.0005
  Batch 80/397, Loss: 0.0001
  Batch 90/397, Loss: 0.0000
  Batch 100/397, Loss: 0.0000
  Batch 110/397, Loss: 0.0001
  Batch 120/397, Loss: 0.0000
  Batch 130/397, Loss: 0.0001
  Batch 140/397, Loss: 0.0001
  Batch 150/397, Loss: 0.0001
  Batch 160/397, Loss: 0.0000
  Batch 170/397, Loss: 0.0000
  Batch 180/397, Loss: 0.0000
  Batch 190/397, Loss: 0.0000
  Batch 200/397, Loss: 0.0000
  Batch 210/397, Loss: 0.0002
  Batch 220/397, Loss: 0.0000
  Batch 230/397, Loss: 0.0000
  Batch 240/397, Loss: 0.0000
  Batch 250/397, Loss: 0.0000
  Batch 260/397, Loss: 0.0007
  Batch 270/397, Loss: 0.0000
  Batch 280/397, Loss: 0.0000
  Batch 290/397, Loss: 0.0000
  Batch 300/397, Loss: 0.0000
  Batch 310/397, Loss: 0.0014
  Batch 320/397, Loss: 0.0000
  Batch 330/397, Loss: 0.0002
  Batch 340/397, Loss: 0.0000
  Batch 350/397, Loss: 0.0000
  Batch 360/397, Loss: 0.0000
  Batch 370/397, Loss: 0.0000
  Batch 380/397, Loss: 0.0000
  Batch 390/397, Loss: 0.0001
Epoch 17/30 (153.8s)
  Train Loss: 0.0015, Acc: 0.9994
  Val Loss: 3.5327, Acc: 0.6234
  Best Val Acc: 0.6744
  LR: 3.96e-05
------------------------------------------------------------
  Batch 0/397, Loss: 0.0000
  Batch 10/397, Loss: 0.0000
  Batch 20/397, Loss: 0.0000
  Batch 30/397, Loss: 0.0000
  Batch 40/397, Loss: 0.0000
  Batch 50/397, Loss: 0.0002
  Batch 60/397, Loss: 0.0004
  Batch 70/397, Loss: 0.0000
  Batch 80/397, Loss: 0.0000
  Batch 90/397, Loss: 0.0002
  Batch 100/397, Loss: 0.0000
  Batch 110/397, Loss: 0.0000
  Batch 120/397, Loss: 0.0000
  Batch 130/397, Loss: 0.0000
  Batch 140/397, Loss: 0.0000
  Batch 150/397, Loss: 0.0002
  Batch 160/397, Loss: 0.0000
  Batch 170/397, Loss: 0.0000
  Batch 180/397, Loss: 0.0000
  Batch 190/397, Loss: 0.0000
  Batch 200/397, Loss: 0.0000
  Batch 210/397, Loss: 0.0000
  Batch 220/397, Loss: 0.0000
  Batch 230/397, Loss: 0.0000
  Batch 240/397, Loss: 0.0000
  Batch 250/397, Loss: 0.0000
  Batch 260/397, Loss: 0.0000
  Batch 270/397, Loss: 0.0000
  Batch 280/397, Loss: 0.0000
  Batch 290/397, Loss: 0.0000
  Batch 300/397, Loss: 0.0000
  Batch 310/397, Loss: 0.0000
  Batch 320/397, Loss: 0.0000
  Batch 330/397, Loss: 0.0000
  Batch 340/397, Loss: 0.0000
  Batch 350/397, Loss: 0.0002
  Batch 360/397, Loss: 0.0000
  Batch 370/397, Loss: 0.0000
  Batch 380/397, Loss: 0.0000
  Batch 390/397, Loss: 0.0000
Epoch 18/30 (155.1s)
  Train Loss: 0.0004, Acc: 0.9998
  Val Loss: 3.8682, Acc: 0.5949
  Best Val Acc: 0.6744
  LR: 3.45e-05
------------------------------------------------------------
  Batch 0/397, Loss: 0.0000
  Batch 10/397, Loss: 0.0000
  Batch 20/397, Loss: 0.0000
  Batch 30/397, Loss: 0.0000
  Batch 40/397, Loss: 0.0000
  Batch 50/397, Loss: 0.0000
  Batch 60/397, Loss: 0.0000
  Batch 70/397, Loss: 0.0000
  Batch 80/397, Loss: 0.0000
  Batch 90/397, Loss: 0.0000
  Batch 100/397, Loss: 0.0000
  Batch 110/397, Loss: 0.0000
  Batch 120/397, Loss: 0.0000
  Batch 130/397, Loss: 0.0000
  Batch 140/397, Loss: 0.0000
  Batch 150/397, Loss: 0.0000
  Batch 160/397, Loss: 0.0000
  Batch 170/397, Loss: 0.0000
  Batch 180/397, Loss: 0.0000
  Batch 190/397, Loss: 0.0000
  Batch 200/397, Loss: 0.0000
  Batch 210/397, Loss: 0.0000
  Batch 220/397, Loss: 0.0000
  Batch 230/397, Loss: 0.0000
  Batch 240/397, Loss: 0.0000
  Batch 250/397, Loss: 0.0000
  Batch 260/397, Loss: 0.0000
  Batch 270/397, Loss: 0.0000
  Batch 280/397, Loss: 0.0000
  Batch 290/397, Loss: 0.0000
  Batch 300/397, Loss: 0.0000
  Batch 310/397, Loss: 0.0000
  Batch 320/397, Loss: 0.0000
  Batch 330/397, Loss: 0.0000
  Batch 340/397, Loss: 0.0000
  Batch 350/397, Loss: 0.0000
  Batch 360/397, Loss: 0.0000
  Batch 370/397, Loss: 0.0000
  Batch 380/397, Loss: 0.0000
  Batch 390/397, Loss: 0.0000
Epoch 19/30 (153.0s)
  Train Loss: 0.0000, Acc: 1.0000
  Val Loss: 3.7460, Acc: 0.6127
  Best Val Acc: 0.6744
  LR: 2.97e-05
------------------------------------------------------------
  Batch 0/397, Loss: 0.0000
  Batch 10/397, Loss: 0.0000
  Batch 20/397, Loss: 0.0000
  Batch 30/397, Loss: 0.0000
  Batch 40/397, Loss: 0.0000
  Batch 50/397, Loss: 0.0000
  Batch 60/397, Loss: 0.0000
  Batch 70/397, Loss: 0.0000
  Batch 80/397, Loss: 0.0001
  Batch 90/397, Loss: 0.0000
  Batch 100/397, Loss: 0.0000
  Batch 110/397, Loss: 0.0000
  Batch 120/397, Loss: 0.0000
  Batch 130/397, Loss: 0.0000
  Batch 140/397, Loss: 0.0000
  Batch 150/397, Loss: 0.0000
  Batch 160/397, Loss: 0.0000
  Batch 170/397, Loss: 0.0000
  Batch 180/397, Loss: 0.0000
  Batch 190/397, Loss: 0.0000
  Batch 200/397, Loss: 0.0000
  Batch 210/397, Loss: 0.0000
  Batch 220/397, Loss: 0.0000
  Batch 230/397, Loss: 0.0000
  Batch 240/397, Loss: 0.0000
  Batch 250/397, Loss: 0.0000
  Batch 260/397, Loss: 0.0000
  Batch 270/397, Loss: 0.0000
  Batch 280/397, Loss: 0.0000
  Batch 290/397, Loss: 0.0000
  Batch 300/397, Loss: 0.0004
  Batch 310/397, Loss: 0.0000
  Batch 320/397, Loss: 0.0003
  Batch 330/397, Loss: 0.0000
  Batch 340/397, Loss: 0.0000
  Batch 350/397, Loss: 0.0002
  Batch 360/397, Loss: 0.0000
  Batch 370/397, Loss: 0.0000
  Batch 380/397, Loss: 0.0000
  Batch 390/397, Loss: 0.0000
Epoch 20/30 (154.9s)
  Train Loss: 0.0013, Acc: 0.9996
  Val Loss: 3.7502, Acc: 0.6295
  Best Val Acc: 0.6744
  LR: 2.50e-05
------------------------------------------------------------
  Batch 0/397, Loss: 0.0000
  Batch 10/397, Loss: 0.0000
  Batch 20/397, Loss: 0.0000
  Batch 30/397, Loss: 0.0000
  Batch 40/397, Loss: 0.0000
  Batch 50/397, Loss: 0.0000
  Batch 60/397, Loss: 0.0006
  Batch 70/397, Loss: 0.0000
  Batch 80/397, Loss: 0.0000
  Batch 90/397, Loss: 0.0001
  Batch 100/397, Loss: 0.0000
  Batch 110/397, Loss: 0.0000
  Batch 120/397, Loss: 0.0000
  Batch 130/397, Loss: 0.0000
  Batch 140/397, Loss: 0.0000
  Batch 150/397, Loss: 0.0000
  Batch 160/397, Loss: 0.0000
  Batch 170/397, Loss: 0.0000
  Batch 180/397, Loss: 0.0000
  Batch 190/397, Loss: 0.0000
  Batch 200/397, Loss: 0.0000
  Batch 210/397, Loss: 0.0000
  Batch 220/397, Loss: 0.0001
  Batch 230/397, Loss: 0.0000
  Batch 240/397, Loss: 0.0001
  Batch 250/397, Loss: 0.0000
  Batch 260/397, Loss: 0.0000
  Batch 270/397, Loss: 0.0000
  Batch 280/397, Loss: 0.0000
  Batch 290/397, Loss: 0.0000
  Batch 300/397, Loss: 0.0000
  Batch 310/397, Loss: 0.0151
  Batch 320/397, Loss: 0.0000
  Batch 330/397, Loss: 0.0000
  Batch 340/397, Loss: 0.0000
  Batch 350/397, Loss: 0.0000
  Batch 360/397, Loss: 0.0001
  Batch 370/397, Loss: 0.0000
  Batch 380/397, Loss: 0.0000
  Batch 390/397, Loss: 0.0023
Epoch 21/30 (158.2s)
  Train Loss: 0.0006, Acc: 0.9997
  Val Loss: 3.7811, Acc: 0.6278
  Best Val Acc: 0.6744
  LR: 2.06e-05
------------------------------------------------------------
  Batch 0/397, Loss: 0.0000
  Batch 10/397, Loss: 0.0000
  Batch 20/397, Loss: 0.0000
  Batch 30/397, Loss: 0.0000
  Batch 40/397, Loss: 0.0000
  Batch 50/397, Loss: 0.0000
  Batch 60/397, Loss: 0.0000
  Batch 70/397, Loss: 0.0000
  Batch 80/397, Loss: 0.0000
  Batch 90/397, Loss: 0.0000
  Batch 100/397, Loss: 0.0000
  Batch 110/397, Loss: 0.0000
  Batch 120/397, Loss: 0.0000
  Batch 130/397, Loss: 0.0000
  Batch 140/397, Loss: 0.0000
  Batch 150/397, Loss: 0.0000
  Batch 160/397, Loss: 0.0000
  Batch 170/397, Loss: 0.0000
  Batch 180/397, Loss: 0.0000
  Batch 190/397, Loss: 0.0001
  Batch 200/397, Loss: 0.0000
  Batch 210/397, Loss: 0.0000
  Batch 220/397, Loss: 0.0000
  Batch 230/397, Loss: 0.0000
  Batch 240/397, Loss: 0.0000
  Batch 250/397, Loss: 0.0000
  Batch 260/397, Loss: 0.0000
  Batch 270/397, Loss: 0.0000
  Batch 280/397, Loss: 0.0000
  Batch 290/397, Loss: 0.0000
  Batch 300/397, Loss: 0.0000
  Batch 310/397, Loss: 0.0000
  Batch 320/397, Loss: 0.0000
  Batch 330/397, Loss: 0.0000
  Batch 340/397, Loss: 0.0000
  Batch 350/397, Loss: 0.0000
  Batch 360/397, Loss: 0.0000
  Batch 370/397, Loss: 0.0000
  Batch 380/397, Loss: 0.0000
  Batch 390/397, Loss: 0.0002
Epoch 22/30 (156.9s)
  Train Loss: 0.0004, Acc: 0.9999
  Val Loss: 4.0195, Acc: 0.6169
  Best Val Acc: 0.6744
  LR: 1.65e-05
------------------------------------------------------------
  Batch 0/397, Loss: 0.0000
  Batch 10/397, Loss: 0.0000
  Batch 20/397, Loss: 0.0001
  Batch 30/397, Loss: 0.0000
  Batch 40/397, Loss: 0.0000
  Batch 50/397, Loss: 0.0000
  Batch 60/397, Loss: 0.0000
  Batch 70/397, Loss: 0.0000
  Batch 80/397, Loss: 0.0000
  Batch 90/397, Loss: 0.0000
  Batch 100/397, Loss: 0.0000
  Batch 110/397, Loss: 0.0000
  Batch 120/397, Loss: 0.0000
  Batch 130/397, Loss: 0.0000
  Batch 140/397, Loss: 0.0000
  Batch 150/397, Loss: 0.0000
  Batch 160/397, Loss: 0.0000
  Batch 170/397, Loss: 0.0000
  Batch 180/397, Loss: 0.0000
  Batch 190/397, Loss: 0.0000
  Batch 200/397, Loss: 0.0000
  Batch 210/397, Loss: 0.0000
  Batch 220/397, Loss: 0.0000
  Batch 230/397, Loss: 0.0000
  Batch 240/397, Loss: 0.0000
  Batch 250/397, Loss: 0.0000
  Batch 260/397, Loss: 0.0000
  Batch 270/397, Loss: 0.0000
  Batch 280/397, Loss: 0.0000
  Batch 290/397, Loss: 0.0000
  Batch 300/397, Loss: 0.0000
  Batch 310/397, Loss: 0.0000
  Batch 320/397, Loss: 0.0000
  Batch 330/397, Loss: 0.0000
  Batch 340/397, Loss: 0.0000
  Batch 350/397, Loss: 0.0000
  Batch 360/397, Loss: 0.0000
  Batch 370/397, Loss: 0.0000
  Batch 380/397, Loss: 0.0000
  Batch 390/397, Loss: 0.0000
Epoch 23/30 (156.2s)
  Train Loss: 0.0000, Acc: 1.0000
  Val Loss: 4.1291, Acc: 0.5840
  Best Val Acc: 0.6744
  LR: 1.28e-05
------------------------------------------------------------
  Batch 0/397, Loss: 0.0000
  Batch 10/397, Loss: 0.0000
  Batch 20/397, Loss: 0.0000
  Batch 30/397, Loss: 0.0000
  Batch 40/397, Loss: 0.0000
  Batch 50/397, Loss: 0.0000
  Batch 60/397, Loss: 0.0000
  Batch 70/397, Loss: 0.0000
  Batch 80/397, Loss: 0.0000
  Batch 90/397, Loss: 0.0000
  Batch 100/397, Loss: 0.0000
  Batch 110/397, Loss: 0.0000
  Batch 120/397, Loss: 0.0000
  Batch 130/397, Loss: 0.0000
  Batch 140/397, Loss: 0.0000
  Batch 150/397, Loss: 0.0000
  Batch 160/397, Loss: 0.0000
  Batch 170/397, Loss: 0.0000
  Batch 180/397, Loss: 0.0000
  Batch 190/397, Loss: 0.0000
  Batch 200/397, Loss: 0.0000
  Batch 210/397, Loss: 0.0000
  Batch 220/397, Loss: 0.0000
  Batch 230/397, Loss: 0.0000
  Batch 240/397, Loss: 0.0000
  Batch 250/397, Loss: 0.0000
  Batch 260/397, Loss: 0.0000
  Batch 270/397, Loss: 0.0000
  Batch 280/397, Loss: 0.0000
  Batch 290/397, Loss: 0.0000
  Batch 300/397, Loss: 0.0000
  Batch 310/397, Loss: 0.0000
  Batch 320/397, Loss: 0.0000
  Batch 330/397, Loss: 0.0000
  Batch 340/397, Loss: 0.0000
  Batch 350/397, Loss: 0.0000
  Batch 360/397, Loss: 0.0000
  Batch 370/397, Loss: 0.0000
  Batch 380/397, Loss: 0.0000
  Batch 390/397, Loss: 0.0000
Epoch 24/30 (273.8s)
  Train Loss: 0.0000, Acc: 1.0000
  Val Loss: 4.2191, Acc: 0.5744
  Best Val Acc: 0.6744
  LR: 9.55e-06
------------------------------------------------------------
  Batch 0/397, Loss: 0.0000
  Batch 10/397, Loss: 0.0000
  Batch 20/397, Loss: 0.0000
  Batch 30/397, Loss: 0.0000
  Batch 40/397, Loss: 0.0000
  Batch 50/397, Loss: 0.0000
  Batch 60/397, Loss: 0.0000
  Batch 70/397, Loss: 0.0000
  Batch 80/397, Loss: 0.0000
  Batch 90/397, Loss: 0.0000
  Batch 100/397, Loss: 0.0000
  Batch 110/397, Loss: 0.0000
  Batch 120/397, Loss: 0.0000
  Batch 130/397, Loss: 0.0000
  Batch 140/397, Loss: 0.0000
  Batch 150/397, Loss: 0.0000
  Batch 160/397, Loss: 0.0000
  Batch 170/397, Loss: 0.0000
  Batch 180/397, Loss: 0.0000
  Batch 190/397, Loss: 0.0000
  Batch 200/397, Loss: 0.0000
  Batch 210/397, Loss: 0.0000
  Batch 220/397, Loss: 0.0000
  Batch 230/397, Loss: 0.0000
  Batch 240/397, Loss: 0.0000
  Batch 250/397, Loss: 0.0000
  Batch 260/397, Loss: 0.0001
  Batch 270/397, Loss: 0.0000
  Batch 280/397, Loss: 0.0000
  Batch 290/397, Loss: 0.0000
  Batch 300/397, Loss: 0.0000
  Batch 310/397, Loss: 0.0000
  Batch 320/397, Loss: 0.0000
  Batch 330/397, Loss: 0.0000
  Batch 340/397, Loss: 0.0000
  Batch 350/397, Loss: 0.0000
  Batch 360/397, Loss: 0.0000
  Batch 370/397, Loss: 0.0000
  Batch 380/397, Loss: 0.0000
  Batch 390/397, Loss: 0.0000
Epoch 25/30 (275.4s)
  Train Loss: 0.0000, Acc: 1.0000
  Val Loss: 4.2181, Acc: 0.5744
  Best Val Acc: 0.6744
  LR: 6.70e-06
------------------------------------------------------------
  Batch 0/397, Loss: 0.0000
  Batch 10/397, Loss: 0.0000
  Batch 20/397, Loss: 0.0000
  Batch 30/397, Loss: 0.0000
  Batch 40/397, Loss: 0.0000
  Batch 50/397, Loss: 0.0000
  Batch 60/397, Loss: 0.0000
  Batch 70/397, Loss: 0.0000
  Batch 80/397, Loss: 0.0000
  Batch 90/397, Loss: 0.0000
  Batch 100/397, Loss: 0.0000
  Batch 110/397, Loss: 0.0000
  Batch 120/397, Loss: 0.0000
  Batch 130/397, Loss: 0.0000
  Batch 140/397, Loss: 0.0000
  Batch 150/397, Loss: 0.0000
  Batch 160/397, Loss: 0.0000
  Batch 170/397, Loss: 0.0000
  Batch 180/397, Loss: 0.0000
  Batch 190/397, Loss: 0.0000
  Batch 200/397, Loss: 0.0000
  Batch 210/397, Loss: 0.0000
  Batch 220/397, Loss: 0.0000
  Batch 230/397, Loss: 0.0000
  Batch 240/397, Loss: 0.0000
  Batch 250/397, Loss: 0.0000
  Batch 260/397, Loss: 0.0000
  Batch 270/397, Loss: 0.0000
  Batch 280/397, Loss: 0.0000
  Batch 290/397, Loss: 0.0000
  Batch 300/397, Loss: 0.0000
  Batch 310/397, Loss: 0.0000
  Batch 320/397, Loss: 0.0000
  Batch 330/397, Loss: 0.0000
  Batch 340/397, Loss: 0.0000
  Batch 350/397, Loss: 0.0000
  Batch 360/397, Loss: 0.0000
  Batch 370/397, Loss: 0.0000
  Batch 380/397, Loss: 0.0000
  Batch 390/397, Loss: 0.0000
Epoch 26/30 (154.3s)
  Train Loss: 0.0000, Acc: 1.0000
  Val Loss: 4.2154, Acc: 0.5747
  Best Val Acc: 0.6744
  LR: 4.32e-06
------------------------------------------------------------
  Batch 0/397, Loss: 0.0000
  Batch 10/397, Loss: 0.0000
  Batch 20/397, Loss: 0.0000
  Batch 30/397, Loss: 0.0000
  Batch 40/397, Loss: 0.0000
  Batch 50/397, Loss: 0.0000
  Batch 60/397, Loss: 0.0000
  Batch 70/397, Loss: 0.0000
  Batch 80/397, Loss: 0.0000
  Batch 90/397, Loss: 0.0000
  Batch 100/397, Loss: 0.0000
  Batch 110/397, Loss: 0.0000
  Batch 120/397, Loss: 0.0000
  Batch 130/397, Loss: 0.0000
  Batch 140/397, Loss: 0.0000
  Batch 150/397, Loss: 0.0000
  Batch 160/397, Loss: 0.0000
  Batch 170/397, Loss: 0.0000
  Batch 180/397, Loss: 0.0000
  Batch 190/397, Loss: 0.0000
  Batch 200/397, Loss: 0.0000
  Batch 210/397, Loss: 0.0000
  Batch 220/397, Loss: 0.0000
  Batch 230/397, Loss: 0.0000
  Batch 240/397, Loss: 0.0000
  Batch 250/397, Loss: 0.0000
  Batch 260/397, Loss: 0.0000
  Batch 270/397, Loss: 0.0000
  Batch 280/397, Loss: 0.0000
  Batch 290/397, Loss: 0.0000
  Batch 300/397, Loss: 0.0000
  Batch 310/397, Loss: 0.0000
  Batch 320/397, Loss: 0.0000
  Batch 330/397, Loss: 0.0000
  Batch 340/397, Loss: 0.0000
  Batch 350/397, Loss: 0.0000
  Batch 360/397, Loss: 0.0000
  Batch 370/397, Loss: 0.0000
  Batch 380/397, Loss: 0.0000
  Batch 390/397, Loss: 0.0000
Epoch 27/30 (154.2s)
  Train Loss: 0.0000, Acc: 1.0000
  Val Loss: 4.2176, Acc: 0.5751
  Best Val Acc: 0.6744
  LR: 2.45e-06
------------------------------------------------------------
  Batch 0/397, Loss: 0.0000
  Batch 10/397, Loss: 0.0000
  Batch 20/397, Loss: 0.0000
  Batch 30/397, Loss: 0.0000
  Batch 40/397, Loss: 0.0000
  Batch 50/397, Loss: 0.0000
  Batch 60/397, Loss: 0.0000
  Batch 70/397, Loss: 0.0000
  Batch 80/397, Loss: 0.0000
  Batch 90/397, Loss: 0.0000
  Batch 100/397, Loss: 0.0000
  Batch 110/397, Loss: 0.0000
  Batch 120/397, Loss: 0.0000
  Batch 130/397, Loss: 0.0000
  Batch 140/397, Loss: 0.0000
  Batch 150/397, Loss: 0.0000
  Batch 160/397, Loss: 0.0000
  Batch 170/397, Loss: 0.0000
  Batch 180/397, Loss: 0.0000
  Batch 190/397, Loss: 0.0000
  Batch 200/397, Loss: 0.0000
  Batch 210/397, Loss: 0.0000
  Batch 220/397, Loss: 0.0000
  Batch 230/397, Loss: 0.0000
  Batch 240/397, Loss: 0.0000
  Batch 250/397, Loss: 0.0000
  Batch 260/397, Loss: 0.0000
  Batch 270/397, Loss: 0.0000
  Batch 280/397, Loss: 0.0000
  Batch 290/397, Loss: 0.0000
  Batch 300/397, Loss: 0.0000
  Batch 310/397, Loss: 0.0000
  Batch 320/397, Loss: 0.0000
  Batch 330/397, Loss: 0.0000
  Batch 340/397, Loss: 0.0000
  Batch 350/397, Loss: 0.0000
  Batch 360/397, Loss: 0.0000
  Batch 370/397, Loss: 0.0000
  Batch 380/397, Loss: 0.0000
  Batch 390/397, Loss: 0.0000
Epoch 28/30 (156.3s)
  Train Loss: 0.0000, Acc: 1.0000
  Val Loss: 4.2124, Acc: 0.5775
  Best Val Acc: 0.6744
  LR: 1.09e-06
------------------------------------------------------------
  Batch 0/397, Loss: 0.0000
  Batch 10/397, Loss: 0.0000
  Batch 20/397, Loss: 0.0000
  Batch 30/397, Loss: 0.0000
  Batch 40/397, Loss: 0.0000
  Batch 50/397, Loss: 0.0000
  Batch 60/397, Loss: 0.0000
  Batch 70/397, Loss: 0.0000
  Batch 80/397, Loss: 0.0000
  Batch 90/397, Loss: 0.0000
  Batch 100/397, Loss: 0.0000
  Batch 110/397, Loss: 0.0000
  Batch 120/397, Loss: 0.0000
  Batch 130/397, Loss: 0.0000
  Batch 140/397, Loss: 0.0000
  Batch 150/397, Loss: 0.0000
  Batch 160/397, Loss: 0.0000
  Batch 170/397, Loss: 0.0000
  Batch 180/397, Loss: 0.0000
  Batch 190/397, Loss: 0.0000
  Batch 200/397, Loss: 0.0000
  Batch 210/397, Loss: 0.0000
  Batch 220/397, Loss: 0.0000
  Batch 230/397, Loss: 0.0000
  Batch 240/397, Loss: 0.0000
  Batch 250/397, Loss: 0.0000
  Batch 260/397, Loss: 0.0000
  Batch 270/397, Loss: 0.0000
  Batch 280/397, Loss: 0.0000
  Batch 290/397, Loss: 0.0000
  Batch 300/397, Loss: 0.0000
  Batch 310/397, Loss: 0.0000
  Batch 320/397, Loss: 0.0000
  Batch 330/397, Loss: 0.0000
  Batch 340/397, Loss: 0.0000
  Batch 350/397, Loss: 0.0000
  Batch 360/397, Loss: 0.0000
  Batch 370/397, Loss: 0.0000
  Batch 380/397, Loss: 0.0000
  Batch 390/397, Loss: 0.0000
Epoch 29/30 (151.9s)
  Train Loss: 0.0000, Acc: 1.0000
  Val Loss: 4.2134, Acc: 0.5768
  Best Val Acc: 0.6744
  LR: 2.74e-07
------------------------------------------------------------
  Batch 0/397, Loss: 0.0000
  Batch 10/397, Loss: 0.0000
  Batch 20/397, Loss: 0.0000
  Batch 30/397, Loss: 0.0000
  Batch 40/397, Loss: 0.0000
  Batch 50/397, Loss: 0.0000
  Batch 60/397, Loss: 0.0000
  Batch 70/397, Loss: 0.0000
  Batch 80/397, Loss: 0.0000
  Batch 90/397, Loss: 0.0000
  Batch 100/397, Loss: 0.0000
  Batch 110/397, Loss: 0.0000
  Batch 120/397, Loss: 0.0000
  Batch 130/397, Loss: 0.0000
  Batch 140/397, Loss: 0.0000
  Batch 150/397, Loss: 0.0000
  Batch 160/397, Loss: 0.0000
  Batch 170/397, Loss: 0.0000
  Batch 180/397, Loss: 0.0000
  Batch 190/397, Loss: 0.0000
  Batch 200/397, Loss: 0.0000
  Batch 210/397, Loss: 0.0000
  Batch 220/397, Loss: 0.0000
  Batch 230/397, Loss: 0.0000
  Batch 240/397, Loss: 0.0000
  Batch 250/397, Loss: 0.0000
  Batch 260/397, Loss: 0.0000
  Batch 270/397, Loss: 0.0000
  Batch 280/397, Loss: 0.0000
  Batch 290/397, Loss: 0.0000
  Batch 300/397, Loss: 0.0000
  Batch 310/397, Loss: 0.0000
  Batch 320/397, Loss: 0.0000
  Batch 330/397, Loss: 0.0000
  Batch 340/397, Loss: 0.0000
  Batch 350/397, Loss: 0.0000
  Batch 360/397, Loss: 0.0000
  Batch 370/397, Loss: 0.0000
  Batch 380/397, Loss: 0.0000
  Batch 390/397, Loss: 0.0000
Epoch 30/30 (153.9s)
  Train Loss: 0.0000, Acc: 1.0000
  Val Loss: 4.2135, Acc: 0.5771
  Best Val Acc: 0.6744
  LR: 0.00e+00
------------------------------------------------------------
Training complete! Best validation accuracy: 0.6744
Model saved as 'best_model.pth'
=== Training Complete ===
Job finished: Wed Jul 16 09:31:54 PM EDT 2025
