=== Improved GESTURE Seizure Detection Training ===
Job started: Wed Jul 16 10:06:14 PM EDT 2025
Node: qa-a10-026.crc.nd.edu
Job ID: 1898524
Loading python/3.12.11
  Loading requirement: tcl/8.6.12
=== Environment Check ===
PyTorch version: 2.5.1+cu121
CUDA available: True
CUDA version: 12.1
GPU: NVIDIA A10
GPU memory: 23.7 GB
NumPy version: 2.0.1
SciPy available: True
✅ All dependencies loaded successfully!
=== Data Check ===
✅ Dataset directory found
total 92
drwx------+   3 akoongbo akoongbo  4096 Jul 16 14:52 .
drwxr-xr-x+   8 akoongbo akoongbo  4096 Jul 16 22:06 ..
-rw-r--r--+   1 akoongbo akoongbo 13403 Jul 16 14:49 analyze_dataset.py
-rw-r--r--+   1 akoongbo akoongbo 10244 Jul 16 15:22 .DS_Store
drwxrwx---+ 436 akoongbo akoongbo 36864 Jul 16 14:39 features_fpc_8_fps_15
-rw-r--r--+   1 akoongbo akoongbo  4232 Jul 16 14:52 quick_analysis.py
-rw-rw-r--+   1 akoongbo akoongbo  1553 Jun 30  2021 README.txt
-rw-rw-r--+   1 akoongbo akoongbo  4059 Jun 30  2021 seizures.csv
✅ Seizures CSV found
Subject,Seizure,OnsetClonic,GTCS,Discard
006,01,37.0,True,No
006,02,,False,No
012,01,42.0,True,No
015,01,96.0,True,No
=== Starting Improved Training ===
/users/akoongbo/miniconda3/envs/hiera-seizure/lib/python3.12/site-packages/torch/optim/lr_scheduler.py:62: UserWarning: The verbose parameter is deprecated. Please use get_last_lr() to access the learning rate.
  warnings.warn(
=== Improved GESTURE Dataset Training ===
Device: cuda
GPU: NVIDIA A10
GPU memory: 23.7 GB
Loaded 220 seizures
Train: 54 subjects, 184 seizures
Val: 14 subjects, 36 seizures
Dataset created: 25636 samples from 177 seizures
Class distribution: GTCS=13643, FOS=11993
Dataset created: 5886 samples from 35 seizures
Class distribution: GTCS=3046, FOS=2840
Class weights: tensor([1.0688, 0.9395], device='cuda:0')
Model parameters: 281,539
------------------------------------------------------------
  Batch 0/1602, Loss: 0.9744
  Batch 10/1602, Loss: 1.0528
  Batch 20/1602, Loss: 1.1305
  Batch 30/1602, Loss: 0.7797
  Batch 40/1602, Loss: 0.6434
  Batch 50/1602, Loss: 0.6992
  Batch 60/1602, Loss: 0.5915
  Batch 70/1602, Loss: 0.6209
  Batch 80/1602, Loss: 0.7762
  Batch 90/1602, Loss: 0.8089
  Batch 100/1602, Loss: 0.6322
  Batch 110/1602, Loss: 0.6259
  Batch 120/1602, Loss: 0.7971
  Batch 130/1602, Loss: 0.6817
  Batch 140/1602, Loss: 0.5515
  Batch 150/1602, Loss: 0.4984
  Batch 160/1602, Loss: 0.5190
  Batch 170/1602, Loss: 0.6619
  Batch 180/1602, Loss: 0.5360
  Batch 190/1602, Loss: 0.5984
  Batch 200/1602, Loss: 0.4781
  Batch 210/1602, Loss: 0.6467
  Batch 220/1602, Loss: 0.6091
  Batch 230/1602, Loss: 0.5629
  Batch 240/1602, Loss: 0.7451
  Batch 250/1602, Loss: 0.7928
  Batch 260/1602, Loss: 0.6362
  Batch 270/1602, Loss: 0.7740
  Batch 280/1602, Loss: 0.4444
  Batch 290/1602, Loss: 0.3613
  Batch 300/1602, Loss: 0.4148
  Batch 310/1602, Loss: 0.3693
  Batch 320/1602, Loss: 0.7900
  Batch 330/1602, Loss: 0.5184
  Batch 340/1602, Loss: 0.5411
  Batch 350/1602, Loss: 0.4389
  Batch 360/1602, Loss: 0.5687
  Batch 370/1602, Loss: 0.3748
  Batch 380/1602, Loss: 0.7322
  Batch 390/1602, Loss: 0.6514
  Batch 400/1602, Loss: 0.4184
  Batch 410/1602, Loss: 0.4574
  Batch 420/1602, Loss: 0.3771
  Batch 430/1602, Loss: 0.3606
  Batch 440/1602, Loss: 0.2444
  Batch 450/1602, Loss: 0.2917
  Batch 460/1602, Loss: 0.4452
  Batch 470/1602, Loss: 0.4635
  Batch 480/1602, Loss: 0.5511
  Batch 490/1602, Loss: 0.3574
  Batch 500/1602, Loss: 0.8718
  Batch 510/1602, Loss: 0.5311
  Batch 520/1602, Loss: 0.2985
  Batch 530/1602, Loss: 0.8074
  Batch 540/1602, Loss: 0.4522
  Batch 550/1602, Loss: 0.3140
  Batch 560/1602, Loss: 0.3217
  Batch 570/1602, Loss: 0.5767
  Batch 580/1602, Loss: 0.6116
  Batch 590/1602, Loss: 0.2414
  Batch 600/1602, Loss: 0.2953
  Batch 610/1602, Loss: 0.4754
  Batch 620/1602, Loss: 0.5739
  Batch 630/1602, Loss: 0.6410
  Batch 640/1602, Loss: 0.2442
  Batch 650/1602, Loss: 0.2568
  Batch 660/1602, Loss: 0.4197
  Batch 670/1602, Loss: 0.5585
  Batch 680/1602, Loss: 0.3050
  Batch 690/1602, Loss: 0.3645
  Batch 700/1602, Loss: 0.4467
  Batch 710/1602, Loss: 0.4184
  Batch 720/1602, Loss: 0.4897
  Batch 730/1602, Loss: 0.2512
  Batch 740/1602, Loss: 0.4285
  Batch 750/1602, Loss: 0.2904
  Batch 760/1602, Loss: 0.3406
  Batch 770/1602, Loss: 0.2902
  Batch 780/1602, Loss: 0.5654
  Batch 790/1602, Loss: 0.2788
  Batch 800/1602, Loss: 0.3955
  Batch 810/1602, Loss: 0.2834
  Batch 820/1602, Loss: 0.3417
  Batch 830/1602, Loss: 0.4243
  Batch 840/1602, Loss: 0.5541
  Batch 850/1602, Loss: 0.5127
  Batch 860/1602, Loss: 0.3825
  Batch 870/1602, Loss: 0.2324
  Batch 880/1602, Loss: 0.2832
  Batch 890/1602, Loss: 0.5803
  Batch 900/1602, Loss: 0.3785
  Batch 910/1602, Loss: 0.3738
  Batch 920/1602, Loss: 0.3007
  Batch 930/1602, Loss: 0.3544
  Batch 940/1602, Loss: 0.4576
  Batch 950/1602, Loss: 0.1367
  Batch 960/1602, Loss: 0.5294
  Batch 970/1602, Loss: 0.3619
  Batch 980/1602, Loss: 0.3496
  Batch 990/1602, Loss: 0.2438
  Batch 1000/1602, Loss: 0.4044
  Batch 1010/1602, Loss: 0.3039
  Batch 1020/1602, Loss: 0.2216
  Batch 1030/1602, Loss: 0.1834
  Batch 1040/1602, Loss: 0.3820
  Batch 1050/1602, Loss: 0.3293
  Batch 1060/1602, Loss: 0.1832
  Batch 1070/1602, Loss: 0.5882
  Batch 1080/1602, Loss: 0.4409
  Batch 1090/1602, Loss: 0.3532
  Batch 1100/1602, Loss: 0.3135
  Batch 1110/1602, Loss: 0.3942
  Batch 1120/1602, Loss: 0.3577
  Batch 1130/1602, Loss: 0.5889
  Batch 1140/1602, Loss: 0.1596
  Batch 1150/1602, Loss: 0.4475
  Batch 1160/1602, Loss: 0.4062
  Batch 1170/1602, Loss: 0.5515
  Batch 1180/1602, Loss: 0.2010
  Batch 1190/1602, Loss: 0.4526
  Batch 1200/1602, Loss: 0.5195
  Batch 1210/1602, Loss: 0.4261
  Batch 1220/1602, Loss: 0.4503
  Batch 1230/1602, Loss: 0.5602
  Batch 1240/1602, Loss: 0.1195
  Batch 1250/1602, Loss: 0.2424
  Batch 1260/1602, Loss: 0.2919
  Batch 1270/1602, Loss: 0.5730
  Batch 1280/1602, Loss: 0.5562
  Batch 1290/1602, Loss: 0.3427
  Batch 1300/1602, Loss: 0.4396
  Batch 1310/1602, Loss: 0.5176
  Batch 1320/1602, Loss: 0.3281
  Batch 1330/1602, Loss: 0.4395
  Batch 1340/1602, Loss: 0.4232
  Batch 1350/1602, Loss: 0.3240
  Batch 1360/1602, Loss: 0.1574
  Batch 1370/1602, Loss: 0.2814
  Batch 1380/1602, Loss: 0.5091
  Batch 1390/1602, Loss: 0.3102
  Batch 1400/1602, Loss: 0.7244
  Batch 1410/1602, Loss: 0.1226
  Batch 1420/1602, Loss: 0.3566
  Batch 1430/1602, Loss: 0.5669
  Batch 1440/1602, Loss: 0.6605
  Batch 1450/1602, Loss: 0.2030
  Batch 1460/1602, Loss: 0.4248
  Batch 1470/1602, Loss: 0.5186
  Batch 1480/1602, Loss: 0.1297
  Batch 1490/1602, Loss: 0.1376
  Batch 1500/1602, Loss: 0.3589
  Batch 1510/1602, Loss: 0.3305
  Batch 1520/1602, Loss: 0.1109
  Batch 1530/1602, Loss: 0.3565
  Batch 1540/1602, Loss: 0.4520
  Batch 1550/1602, Loss: 0.1518
  Batch 1560/1602, Loss: 0.2090
  Batch 1570/1602, Loss: 0.1310
  Batch 1580/1602, Loss: 0.3795
  Batch 1590/1602, Loss: 0.4737
  Batch 1600/1602, Loss: 0.2357
Epoch 1/50 (148.9s)
  Train Loss: 0.4509, Acc: 0.7843
  Val Loss: 0.9133, Acc: 0.5948
  Best Val Acc: 0.5948
  LR: 1.00e-04
------------------------------------------------------------
  Batch 0/1602, Loss: 0.2448
  Batch 10/1602, Loss: 0.2198
  Batch 20/1602, Loss: 0.1538
  Batch 30/1602, Loss: 0.4233
  Batch 40/1602, Loss: 0.2166
  Batch 50/1602, Loss: 0.0465
  Batch 60/1602, Loss: 0.1359
  Batch 70/1602, Loss: 0.2896
  Batch 80/1602, Loss: 0.3595
  Batch 90/1602, Loss: 0.4929
  Batch 100/1602, Loss: 0.2684
  Batch 110/1602, Loss: 0.4294
  Batch 120/1602, Loss: 0.2573
  Batch 130/1602, Loss: 0.0299
  Batch 140/1602, Loss: 0.2410
  Batch 150/1602, Loss: 0.5323
  Batch 160/1602, Loss: 0.3933
  Batch 170/1602, Loss: 0.2127
  Batch 180/1602, Loss: 0.3069
  Batch 190/1602, Loss: 0.3213
  Batch 200/1602, Loss: 0.1203
  Batch 210/1602, Loss: 0.3087
  Batch 220/1602, Loss: 0.3401
  Batch 230/1602, Loss: 0.0753
  Batch 240/1602, Loss: 0.5306
  Batch 250/1602, Loss: 0.1489
  Batch 260/1602, Loss: 0.2344
  Batch 270/1602, Loss: 0.2759
  Batch 280/1602, Loss: 0.0946
  Batch 290/1602, Loss: 0.0889
  Batch 300/1602, Loss: 0.3654
  Batch 310/1602, Loss: 0.1766
  Batch 320/1602, Loss: 0.3261
  Batch 330/1602, Loss: 0.3010
  Batch 340/1602, Loss: 0.3602
  Batch 350/1602, Loss: 0.2761
  Batch 360/1602, Loss: 0.1997
  Batch 370/1602, Loss: 0.2971
  Batch 380/1602, Loss: 0.0821
  Batch 390/1602, Loss: 0.1966
  Batch 400/1602, Loss: 0.5965
  Batch 410/1602, Loss: 0.3925
  Batch 420/1602, Loss: 0.0887
  Batch 430/1602, Loss: 0.2290
  Batch 440/1602, Loss: 0.1052
  Batch 450/1602, Loss: 0.3029
  Batch 460/1602, Loss: 0.5750
  Batch 470/1602, Loss: 0.4120
  Batch 480/1602, Loss: 0.1311
  Batch 490/1602, Loss: 0.1316
  Batch 500/1602, Loss: 0.2303
  Batch 510/1602, Loss: 0.3656
  Batch 520/1602, Loss: 0.6547
  Batch 530/1602, Loss: 0.1630
  Batch 540/1602, Loss: 0.2321
  Batch 550/1602, Loss: 0.5982
  Batch 560/1602, Loss: 0.1497
  Batch 570/1602, Loss: 0.1854
  Batch 580/1602, Loss: 0.1901
  Batch 590/1602, Loss: 0.1793
  Batch 600/1602, Loss: 0.5413
  Batch 610/1602, Loss: 0.0703
  Batch 620/1602, Loss: 0.3366
  Batch 630/1602, Loss: 0.0652
  Batch 640/1602, Loss: 0.2478
  Batch 650/1602, Loss: 0.2558
  Batch 660/1602, Loss: 0.1921
  Batch 670/1602, Loss: 0.3635
  Batch 680/1602, Loss: 0.0795
  Batch 690/1602, Loss: 0.1437
  Batch 700/1602, Loss: 0.4570
  Batch 710/1602, Loss: 0.3113
  Batch 720/1602, Loss: 0.1742
  Batch 730/1602, Loss: 0.2694
  Batch 740/1602, Loss: 0.1307
  Batch 750/1602, Loss: 0.4256
  Batch 760/1602, Loss: 0.3235
  Batch 770/1602, Loss: 0.1834
  Batch 780/1602, Loss: 0.1211
  Batch 790/1602, Loss: 0.4679
  Batch 800/1602, Loss: 0.2577
  Batch 810/1602, Loss: 0.4079
  Batch 820/1602, Loss: 0.2749
  Batch 830/1602, Loss: 0.0482
  Batch 840/1602, Loss: 0.3857
  Batch 850/1602, Loss: 0.2592
  Batch 860/1602, Loss: 0.3325
  Batch 870/1602, Loss: 0.0634
  Batch 880/1602, Loss: 0.0936
  Batch 890/1602, Loss: 0.2753
  Batch 900/1602, Loss: 0.0331
  Batch 910/1602, Loss: 0.7230
  Batch 920/1602, Loss: 0.0687
  Batch 930/1602, Loss: 0.4536
  Batch 940/1602, Loss: 0.1286
  Batch 950/1602, Loss: 0.5386
  Batch 960/1602, Loss: 0.3489
  Batch 970/1602, Loss: 0.2074
  Batch 980/1602, Loss: 0.5801
  Batch 990/1602, Loss: 0.2749
  Batch 1000/1602, Loss: 0.5638
  Batch 1010/1602, Loss: 0.5680
  Batch 1020/1602, Loss: 0.1046
  Batch 1030/1602, Loss: 0.1379
  Batch 1040/1602, Loss: 0.8948
  Batch 1050/1602, Loss: 0.2716
  Batch 1060/1602, Loss: 0.1030
  Batch 1070/1602, Loss: 0.3269
  Batch 1080/1602, Loss: 0.2374
  Batch 1090/1602, Loss: 0.5776
  Batch 1100/1602, Loss: 0.2010
  Batch 1110/1602, Loss: 0.3934
  Batch 1120/1602, Loss: 0.4802
  Batch 1130/1602, Loss: 0.0705
  Batch 1140/1602, Loss: 0.0943
  Batch 1150/1602, Loss: 0.7218
  Batch 1160/1602, Loss: 0.2282
  Batch 1170/1602, Loss: 0.1283
  Batch 1180/1602, Loss: 0.2311
  Batch 1190/1602, Loss: 0.3895
  Batch 1200/1602, Loss: 0.1432
  Batch 1210/1602, Loss: 0.1386
  Batch 1220/1602, Loss: 0.4396
  Batch 1230/1602, Loss: 0.1933
  Batch 1240/1602, Loss: 0.1819
  Batch 1250/1602, Loss: 0.3112
  Batch 1260/1602, Loss: 0.3806
  Batch 1270/1602, Loss: 0.4002
  Batch 1280/1602, Loss: 0.7326
  Batch 1290/1602, Loss: 0.0982
  Batch 1300/1602, Loss: 0.2418
  Batch 1310/1602, Loss: 0.5160
  Batch 1320/1602, Loss: 0.7038
  Batch 1330/1602, Loss: 0.0181
  Batch 1340/1602, Loss: 0.0609
  Batch 1350/1602, Loss: 0.4371
  Batch 1360/1602, Loss: 0.1558
  Batch 1370/1602, Loss: 0.1291
  Batch 1380/1602, Loss: 0.4119
  Batch 1390/1602, Loss: 0.2516
  Batch 1400/1602, Loss: 0.2294
  Batch 1410/1602, Loss: 0.0322
  Batch 1420/1602, Loss: 0.3511
  Batch 1430/1602, Loss: 0.1713
  Batch 1440/1602, Loss: 0.1342
  Batch 1450/1602, Loss: 0.0274
  Batch 1460/1602, Loss: 0.2877
  Batch 1470/1602, Loss: 0.1142
  Batch 1480/1602, Loss: 0.0893
  Batch 1490/1602, Loss: 0.4396
  Batch 1500/1602, Loss: 0.4070
  Batch 1510/1602, Loss: 0.1449
  Batch 1520/1602, Loss: 0.0678
  Batch 1530/1602, Loss: 0.1022
  Batch 1540/1602, Loss: 0.1488
  Batch 1550/1602, Loss: 0.0488
  Batch 1560/1602, Loss: 0.4979
  Batch 1570/1602, Loss: 0.1463
  Batch 1580/1602, Loss: 0.0170
  Batch 1590/1602, Loss: 0.0511
  Batch 1600/1602, Loss: 0.0859
Epoch 2/50 (147.5s)
  Train Loss: 0.2490, Acc: 0.8979
  Val Loss: 1.2105, Acc: 0.6225
  Best Val Acc: 0.6225
  LR: 1.00e-04
------------------------------------------------------------
  Batch 0/1602, Loss: 0.1865
  Batch 10/1602, Loss: 0.3454
  Batch 20/1602, Loss: 0.4292
  Batch 30/1602, Loss: 0.1762
  Batch 40/1602, Loss: 0.1386
  Batch 50/1602, Loss: 0.2300
  Batch 60/1602, Loss: 0.1074
  Batch 70/1602, Loss: 0.2153
  Batch 80/1602, Loss: 0.0558
  Batch 90/1602, Loss: 0.4106
  Batch 100/1602, Loss: 0.1815
  Batch 110/1602, Loss: 0.1873
  Batch 120/1602, Loss: 0.4003
  Batch 130/1602, Loss: 0.5177
  Batch 140/1602, Loss: 0.2206
  Batch 150/1602, Loss: 0.0879
  Batch 160/1602, Loss: 0.3169
  Batch 170/1602, Loss: 0.6486
  Batch 180/1602, Loss: 0.0759
  Batch 190/1602, Loss: 0.1932
  Batch 200/1602, Loss: 0.1012
  Batch 210/1602, Loss: 0.0924
  Batch 220/1602, Loss: 0.0371
  Batch 230/1602, Loss: 0.0638
  Batch 240/1602, Loss: 0.0650
  Batch 250/1602, Loss: 0.3078
  Batch 260/1602, Loss: 0.0467
  Batch 270/1602, Loss: 0.0290
  Batch 280/1602, Loss: 0.6361
  Batch 290/1602, Loss: 0.0463
  Batch 300/1602, Loss: 0.2238
  Batch 310/1602, Loss: 0.0219
  Batch 320/1602, Loss: 0.0058
  Batch 330/1602, Loss: 0.0218
  Batch 340/1602, Loss: 0.0689
  Batch 350/1602, Loss: 0.3256
  Batch 360/1602, Loss: 0.0477
  Batch 370/1602, Loss: 0.1109
  Batch 380/1602, Loss: 0.0229
  Batch 390/1602, Loss: 0.5885
  Batch 400/1602, Loss: 0.8646
  Batch 410/1602, Loss: 0.0372
  Batch 420/1602, Loss: 0.0224
  Batch 430/1602, Loss: 0.8349
  Batch 440/1602, Loss: 0.1462
  Batch 450/1602, Loss: 0.2168
  Batch 460/1602, Loss: 0.1112
  Batch 470/1602, Loss: 0.4560
  Batch 480/1602, Loss: 0.1782
  Batch 490/1602, Loss: 0.0389
  Batch 500/1602, Loss: 0.2386
  Batch 510/1602, Loss: 0.3085
  Batch 520/1602, Loss: 0.3667
  Batch 530/1602, Loss: 0.1145
  Batch 540/1602, Loss: 0.0764
  Batch 550/1602, Loss: 0.1338
  Batch 560/1602, Loss: 0.0888
  Batch 570/1602, Loss: 0.0852
  Batch 580/1602, Loss: 0.4748
  Batch 590/1602, Loss: 0.1419
  Batch 600/1602, Loss: 0.0088
  Batch 610/1602, Loss: 0.1448
  Batch 620/1602, Loss: 0.3402
  Batch 630/1602, Loss: 0.7152
  Batch 640/1602, Loss: 0.0240
  Batch 650/1602, Loss: 0.0843
  Batch 660/1602, Loss: 0.0801
  Batch 670/1602, Loss: 0.2500
  Batch 680/1602, Loss: 0.1056
  Batch 690/1602, Loss: 0.5045
  Batch 700/1602, Loss: 0.0175
  Batch 710/1602, Loss: 0.1297
  Batch 720/1602, Loss: 0.0620
  Batch 730/1602, Loss: 0.0741
  Batch 740/1602, Loss: 0.4687
  Batch 750/1602, Loss: 0.4794
  Batch 760/1602, Loss: 0.1201
  Batch 770/1602, Loss: 0.0249
  Batch 780/1602, Loss: 0.2417
  Batch 790/1602, Loss: 0.3332
  Batch 800/1602, Loss: 0.3099
  Batch 810/1602, Loss: 0.2624
  Batch 820/1602, Loss: 0.1419
  Batch 830/1602, Loss: 0.0741
  Batch 840/1602, Loss: 0.3853
  Batch 850/1602, Loss: 0.1855
  Batch 860/1602, Loss: 0.0792
  Batch 870/1602, Loss: 0.0038
  Batch 880/1602, Loss: 0.1518
  Batch 890/1602, Loss: 0.1282
  Batch 900/1602, Loss: 0.0276
  Batch 910/1602, Loss: 0.2092
  Batch 920/1602, Loss: 0.0033
  Batch 930/1602, Loss: 0.0346
  Batch 940/1602, Loss: 0.0970
  Batch 950/1602, Loss: 0.4204
  Batch 960/1602, Loss: 0.0573
  Batch 970/1602, Loss: 0.2070
  Batch 980/1602, Loss: 0.2017
  Batch 990/1602, Loss: 0.6163
  Batch 1000/1602, Loss: 0.2254
  Batch 1010/1602, Loss: 0.0321
  Batch 1020/1602, Loss: 0.1299
  Batch 1030/1602, Loss: 0.0162
  Batch 1040/1602, Loss: 0.2882
  Batch 1050/1602, Loss: 0.2287
  Batch 1060/1602, Loss: 0.1737
  Batch 1070/1602, Loss: 0.0384
  Batch 1080/1602, Loss: 0.0305
  Batch 1090/1602, Loss: 0.0774
  Batch 1100/1602, Loss: 0.0298
  Batch 1110/1602, Loss: 0.1119
  Batch 1120/1602, Loss: 0.0208
  Batch 1130/1602, Loss: 0.2643
  Batch 1140/1602, Loss: 0.1218
  Batch 1150/1602, Loss: 0.0960
  Batch 1160/1602, Loss: 0.0117
  Batch 1170/1602, Loss: 0.3175
  Batch 1180/1602, Loss: 0.1471
  Batch 1190/1602, Loss: 0.1809
  Batch 1200/1602, Loss: 0.3707
  Batch 1210/1602, Loss: 0.3055
  Batch 1220/1602, Loss: 0.1473
  Batch 1230/1602, Loss: 0.1721
  Batch 1240/1602, Loss: 0.0911
  Batch 1250/1602, Loss: 0.1087
  Batch 1260/1602, Loss: 0.0212
  Batch 1270/1602, Loss: 0.1445
  Batch 1280/1602, Loss: 0.0416
  Batch 1290/1602, Loss: 0.5902
  Batch 1300/1602, Loss: 0.1043
  Batch 1310/1602, Loss: 0.0781
  Batch 1320/1602, Loss: 0.0829
  Batch 1330/1602, Loss: 0.1156
  Batch 1340/1602, Loss: 0.1145
  Batch 1350/1602, Loss: 0.1946
  Batch 1360/1602, Loss: 0.0300
  Batch 1370/1602, Loss: 0.0376
  Batch 1380/1602, Loss: 0.1293
  Batch 1390/1602, Loss: 0.2105
  Batch 1400/1602, Loss: 0.1150
  Batch 1410/1602, Loss: 0.0285
  Batch 1420/1602, Loss: 0.2751
  Batch 1430/1602, Loss: 0.0194
  Batch 1440/1602, Loss: 0.1509
  Batch 1450/1602, Loss: 0.1064
  Batch 1460/1602, Loss: 0.1528
  Batch 1470/1602, Loss: 0.4147
  Batch 1480/1602, Loss: 0.1659
  Batch 1490/1602, Loss: 0.0075
  Batch 1500/1602, Loss: 0.0196
  Batch 1510/1602, Loss: 0.0034
  Batch 1520/1602, Loss: 0.0869
  Batch 1530/1602, Loss: 0.0520
  Batch 1540/1602, Loss: 0.3957
  Batch 1550/1602, Loss: 0.3413
  Batch 1560/1602, Loss: 0.0086
  Batch 1570/1602, Loss: 0.0055
  Batch 1580/1602, Loss: 0.5943
  Batch 1590/1602, Loss: 0.2369
  Batch 1600/1602, Loss: 0.5069
Epoch 3/50 (148.0s)
  Train Loss: 0.1892, Acc: 0.9323
  Val Loss: 1.6751, Acc: 0.5999
  Best Val Acc: 0.6225
  LR: 1.00e-04
------------------------------------------------------------
  Batch 0/1602, Loss: 0.2472
  Batch 10/1602, Loss: 0.0149
  Batch 20/1602, Loss: 0.0282
  Batch 30/1602, Loss: 0.1393
  Batch 40/1602, Loss: 0.0125
  Batch 50/1602, Loss: 0.1861
  Batch 60/1602, Loss: 0.0366
  Batch 70/1602, Loss: 0.0612
  Batch 80/1602, Loss: 0.0169
  Batch 90/1602, Loss: 0.0237
  Batch 100/1602, Loss: 0.0025
  Batch 110/1602, Loss: 0.1078
  Batch 120/1602, Loss: 0.0131
  Batch 130/1602, Loss: 0.0775
  Batch 140/1602, Loss: 0.0191
  Batch 150/1602, Loss: 0.5859
  Batch 160/1602, Loss: 0.0271
  Batch 170/1602, Loss: 0.0015
  Batch 180/1602, Loss: 0.3693
  Batch 190/1602, Loss: 0.0021
  Batch 200/1602, Loss: 0.5129
  Batch 210/1602, Loss: 0.0383
  Batch 220/1602, Loss: 0.0471
  Batch 230/1602, Loss: 0.0275
  Batch 240/1602, Loss: 0.4148
  Batch 250/1602, Loss: 0.0527
  Batch 260/1602, Loss: 0.0190
  Batch 270/1602, Loss: 0.1774
  Batch 280/1602, Loss: 0.0092
  Batch 290/1602, Loss: 0.3151
  Batch 300/1602, Loss: 0.0167
  Batch 310/1602, Loss: 0.0130
  Batch 320/1602, Loss: 0.3772
  Batch 330/1602, Loss: 0.1494
  Batch 340/1602, Loss: 0.0593
  Batch 350/1602, Loss: 0.1537
  Batch 360/1602, Loss: 0.3066
  Batch 370/1602, Loss: 0.0597
  Batch 380/1602, Loss: 0.1441
  Batch 390/1602, Loss: 0.0357
  Batch 400/1602, Loss: 0.0069
  Batch 410/1602, Loss: 0.1221
  Batch 420/1602, Loss: 0.1244
  Batch 430/1602, Loss: 0.0475
  Batch 440/1602, Loss: 0.0326
  Batch 450/1602, Loss: 0.0045
  Batch 460/1602, Loss: 0.2592
  Batch 470/1602, Loss: 0.0434
  Batch 480/1602, Loss: 0.0269
  Batch 490/1602, Loss: 0.0145
  Batch 500/1602, Loss: 0.1172
  Batch 510/1602, Loss: 0.4783
  Batch 520/1602, Loss: 0.2225
  Batch 530/1602, Loss: 0.0034
  Batch 540/1602, Loss: 0.1790
  Batch 550/1602, Loss: 0.1606
  Batch 560/1602, Loss: 0.0714
  Batch 570/1602, Loss: 0.3556
  Batch 580/1602, Loss: 0.0105
  Batch 590/1602, Loss: 0.0028
  Batch 600/1602, Loss: 0.0483
  Batch 610/1602, Loss: 0.1849
  Batch 620/1602, Loss: 0.2212
  Batch 630/1602, Loss: 0.0173
  Batch 640/1602, Loss: 0.0936
  Batch 650/1602, Loss: 0.0165
  Batch 660/1602, Loss: 0.0767
  Batch 670/1602, Loss: 0.0397
  Batch 680/1602, Loss: 0.1429
  Batch 690/1602, Loss: 0.0051
  Batch 700/1602, Loss: 0.2323
  Batch 710/1602, Loss: 0.1171
  Batch 720/1602, Loss: 0.0220
  Batch 730/1602, Loss: 0.6824
  Batch 740/1602, Loss: 0.2552
  Batch 750/1602, Loss: 0.0053
  Batch 760/1602, Loss: 0.0700
  Batch 770/1602, Loss: 0.4778
  Batch 780/1602, Loss: 0.0170
  Batch 790/1602, Loss: 0.0915
  Batch 800/1602, Loss: 0.0690
  Batch 810/1602, Loss: 0.0307
  Batch 820/1602, Loss: 0.2559
  Batch 830/1602, Loss: 0.0097
  Batch 840/1602, Loss: 0.0693
  Batch 850/1602, Loss: 0.0019
  Batch 860/1602, Loss: 0.0564
  Batch 870/1602, Loss: 0.0018
  Batch 880/1602, Loss: 0.4966
  Batch 890/1602, Loss: 0.2494
  Batch 900/1602, Loss: 0.0206
  Batch 910/1602, Loss: 0.0024
  Batch 920/1602, Loss: 0.2491
  Batch 930/1602, Loss: 0.0311
  Batch 940/1602, Loss: 0.2167
  Batch 950/1602, Loss: 0.1363
  Batch 960/1602, Loss: 0.0053
  Batch 970/1602, Loss: 0.0114
  Batch 980/1602, Loss: 0.0779
  Batch 990/1602, Loss: 0.0558
  Batch 1000/1602, Loss: 0.2349
  Batch 1010/1602, Loss: 0.0308
  Batch 1020/1602, Loss: 0.1035
  Batch 1030/1602, Loss: 0.0396
  Batch 1040/1602, Loss: 0.3507
  Batch 1050/1602, Loss: 0.1286
  Batch 1060/1602, Loss: 0.3646
  Batch 1070/1602, Loss: 0.0358
  Batch 1080/1602, Loss: 0.0279
  Batch 1090/1602, Loss: 0.0264
  Batch 1100/1602, Loss: 0.0022
  Batch 1110/1602, Loss: 0.0485
  Batch 1120/1602, Loss: 0.0041
  Batch 1130/1602, Loss: 0.1178
  Batch 1140/1602, Loss: 0.0569
  Batch 1150/1602, Loss: 0.2516
  Batch 1160/1602, Loss: 0.5784
  Batch 1170/1602, Loss: 0.3754
  Batch 1180/1602, Loss: 0.0283
  Batch 1190/1602, Loss: 0.4434
  Batch 1200/1602, Loss: 0.0799
  Batch 1210/1602, Loss: 0.0733
  Batch 1220/1602, Loss: 0.1775
  Batch 1230/1602, Loss: 0.0239
  Batch 1240/1602, Loss: 0.2653
  Batch 1250/1602, Loss: 0.0081
  Batch 1260/1602, Loss: 0.0590
  Batch 1270/1602, Loss: 0.0085
  Batch 1280/1602, Loss: 0.1267
  Batch 1290/1602, Loss: 0.0397
  Batch 1300/1602, Loss: 0.3434
  Batch 1310/1602, Loss: 0.2725
  Batch 1320/1602, Loss: 0.1490
  Batch 1330/1602, Loss: 0.0042
  Batch 1340/1602, Loss: 0.0428
  Batch 1350/1602, Loss: 0.0217
  Batch 1360/1602, Loss: 0.4407
  Batch 1370/1602, Loss: 0.2629
  Batch 1380/1602, Loss: 0.0053
  Batch 1390/1602, Loss: 0.0271
  Batch 1400/1602, Loss: 0.0259
  Batch 1410/1602, Loss: 0.2044
  Batch 1420/1602, Loss: 0.0445
  Batch 1430/1602, Loss: 0.1213
  Batch 1440/1602, Loss: 0.0145
  Batch 1450/1602, Loss: 0.1486
  Batch 1460/1602, Loss: 0.2516
  Batch 1470/1602, Loss: 0.4104
  Batch 1480/1602, Loss: 0.0053
  Batch 1490/1602, Loss: 0.0050
  Batch 1500/1602, Loss: 0.4518
  Batch 1510/1602, Loss: 0.0033
  Batch 1520/1602, Loss: 0.0044
  Batch 1530/1602, Loss: 0.0064
  Batch 1540/1602, Loss: 0.2044
  Batch 1550/1602, Loss: 0.0093
  Batch 1560/1602, Loss: 0.0089
  Batch 1570/1602, Loss: 0.1169
  Batch 1580/1602, Loss: 0.0381
  Batch 1590/1602, Loss: 0.1452
  Batch 1600/1602, Loss: 0.0107
Epoch 4/50 (147.6s)
  Train Loss: 0.1585, Acc: 0.9477
  Val Loss: 2.1797, Acc: 0.5690
  Best Val Acc: 0.6225
  LR: 1.00e-04
------------------------------------------------------------
  Batch 0/1602, Loss: 0.8045
  Batch 10/1602, Loss: 0.1599
  Batch 20/1602, Loss: 0.4177
  Batch 30/1602, Loss: 0.1648
  Batch 40/1602, Loss: 0.0136
  Batch 50/1602, Loss: 0.0248
  Batch 60/1602, Loss: 0.2810
  Batch 70/1602, Loss: 0.2368
  Batch 80/1602, Loss: 0.0125
  Batch 90/1602, Loss: 0.0109
  Batch 100/1602, Loss: 0.0213
  Batch 110/1602, Loss: 0.1017
  Batch 120/1602, Loss: 0.0575
  Batch 130/1602, Loss: 0.0004
  Batch 140/1602, Loss: 0.0014
  Batch 150/1602, Loss: 0.3924
  Batch 160/1602, Loss: 0.5160
  Batch 170/1602, Loss: 0.0533
  Batch 180/1602, Loss: 0.1650
  Batch 190/1602, Loss: 0.0113
  Batch 200/1602, Loss: 0.0880
  Batch 210/1602, Loss: 0.1159
  Batch 220/1602, Loss: 0.0419
  Batch 230/1602, Loss: 0.1039
  Batch 240/1602, Loss: 0.0408
  Batch 250/1602, Loss: 0.0033
  Batch 260/1602, Loss: 0.5746
  Batch 270/1602, Loss: 0.0009
  Batch 280/1602, Loss: 0.1437
  Batch 290/1602, Loss: 0.0007
  Batch 300/1602, Loss: 0.5112
  Batch 310/1602, Loss: 0.0515
  Batch 320/1602, Loss: 0.0628
  Batch 330/1602, Loss: 0.0284
  Batch 340/1602, Loss: 0.1018
  Batch 350/1602, Loss: 0.3457
  Batch 360/1602, Loss: 0.2564
  Batch 370/1602, Loss: 0.0007
  Batch 380/1602, Loss: 0.0334
  Batch 390/1602, Loss: 0.0354
  Batch 400/1602, Loss: 0.0065
  Batch 410/1602, Loss: 0.1964
  Batch 420/1602, Loss: 0.0229
  Batch 430/1602, Loss: 0.0054
  Batch 440/1602, Loss: 0.1043
  Batch 450/1602, Loss: 0.1100
  Batch 460/1602, Loss: 0.0074
  Batch 470/1602, Loss: 0.0941
  Batch 480/1602, Loss: 0.0045
  Batch 490/1602, Loss: 0.1464
  Batch 500/1602, Loss: 0.0009
  Batch 510/1602, Loss: 0.0317
  Batch 520/1602, Loss: 0.0248
  Batch 530/1602, Loss: 0.0007
  Batch 540/1602, Loss: 0.0028
  Batch 550/1602, Loss: 0.0075
  Batch 560/1602, Loss: 0.1397
  Batch 570/1602, Loss: 0.0463
  Batch 580/1602, Loss: 0.0419
  Batch 590/1602, Loss: 0.0145
  Batch 600/1602, Loss: 0.3534
  Batch 610/1602, Loss: 0.1547
  Batch 620/1602, Loss: 0.4605
  Batch 630/1602, Loss: 0.0905
  Batch 640/1602, Loss: 0.3444
  Batch 650/1602, Loss: 0.0284
  Batch 660/1602, Loss: 0.4687
  Batch 670/1602, Loss: 0.3492
  Batch 680/1602, Loss: 0.0025
  Batch 690/1602, Loss: 0.0557
  Batch 700/1602, Loss: 0.0054
  Batch 710/1602, Loss: 0.0267
  Batch 720/1602, Loss: 0.4152
  Batch 730/1602, Loss: 0.0022
  Batch 740/1602, Loss: 0.5970
  Batch 750/1602, Loss: 0.1872
  Batch 760/1602, Loss: 0.0020
  Batch 770/1602, Loss: 0.0663
  Batch 780/1602, Loss: 0.6887
  Batch 790/1602, Loss: 0.0896
  Batch 800/1602, Loss: 0.5015
  Batch 810/1602, Loss: 0.1903
  Batch 820/1602, Loss: 0.0050
  Batch 830/1602, Loss: 0.0209
  Batch 840/1602, Loss: 0.2882
  Batch 850/1602, Loss: 0.0195
  Batch 860/1602, Loss: 0.1736
  Batch 870/1602, Loss: 0.2899
  Batch 880/1602, Loss: 0.0038
  Batch 890/1602, Loss: 0.0034
  Batch 900/1602, Loss: 0.0028
  Batch 910/1602, Loss: 0.0088
  Batch 920/1602, Loss: 0.0037
  Batch 930/1602, Loss: 0.2270
  Batch 940/1602, Loss: 0.1487
  Batch 950/1602, Loss: 0.0711
  Batch 960/1602, Loss: 0.1364
  Batch 970/1602, Loss: 0.1353
  Batch 980/1602, Loss: 0.3994
  Batch 990/1602, Loss: 0.1512
  Batch 1000/1602, Loss: 0.1511
  Batch 1010/1602, Loss: 0.0226
  Batch 1020/1602, Loss: 0.2769
  Batch 1030/1602, Loss: 0.0289
  Batch 1040/1602, Loss: 0.0022
  Batch 1050/1602, Loss: 0.0052
  Batch 1060/1602, Loss: 0.0199
  Batch 1070/1602, Loss: 0.0008
  Batch 1080/1602, Loss: 0.1374
  Batch 1090/1602, Loss: 0.0297
  Batch 1100/1602, Loss: 0.4485
  Batch 1110/1602, Loss: 0.0013
  Batch 1120/1602, Loss: 0.0754
  Batch 1130/1602, Loss: 0.0296
  Batch 1140/1602, Loss: 0.0021
  Batch 1150/1602, Loss: 0.0699
  Batch 1160/1602, Loss: 0.0021
  Batch 1170/1602, Loss: 0.0085
  Batch 1180/1602, Loss: 0.5171
  Batch 1190/1602, Loss: 0.6161
  Batch 1200/1602, Loss: 0.0282
  Batch 1210/1602, Loss: 0.0040
  Batch 1220/1602, Loss: 0.6295
  Batch 1230/1602, Loss: 0.0547
  Batch 1240/1602, Loss: 0.0063
  Batch 1250/1602, Loss: 0.1805
  Batch 1260/1602, Loss: 0.0041
  Batch 1270/1602, Loss: 0.3515
  Batch 1280/1602, Loss: 0.0283
  Batch 1290/1602, Loss: 0.0246
  Batch 1300/1602, Loss: 0.6280
  Batch 1310/1602, Loss: 0.0185
  Batch 1320/1602, Loss: 0.0059
  Batch 1330/1602, Loss: 0.3637
  Batch 1340/1602, Loss: 0.1590
  Batch 1350/1602, Loss: 0.5765
  Batch 1360/1602, Loss: 0.4393
  Batch 1370/1602, Loss: 0.5674
  Batch 1380/1602, Loss: 0.0057
  Batch 1390/1602, Loss: 0.0305
  Batch 1400/1602, Loss: 0.0008
  Batch 1410/1602, Loss: 0.2975
  Batch 1420/1602, Loss: 0.0048
  Batch 1430/1602, Loss: 0.0017
  Batch 1440/1602, Loss: 0.3001
  Batch 1450/1602, Loss: 0.1591
  Batch 1460/1602, Loss: 0.7918
  Batch 1470/1602, Loss: 0.0149
  Batch 1480/1602, Loss: 1.0954
  Batch 1490/1602, Loss: 0.0006
  Batch 1500/1602, Loss: 0.7693
  Batch 1510/1602, Loss: 0.0043
  Batch 1520/1602, Loss: 0.2914
  Batch 1530/1602, Loss: 0.0062
  Batch 1540/1602, Loss: 0.0051
  Batch 1550/1602, Loss: 0.0007
  Batch 1560/1602, Loss: 0.0043
  Batch 1570/1602, Loss: 0.0138
  Batch 1580/1602, Loss: 0.6515
  Batch 1590/1602, Loss: 0.3581
  Batch 1600/1602, Loss: 0.0975
Epoch 5/50 (146.8s)
  Train Loss: 0.1362, Acc: 0.9590
  Val Loss: 2.2341, Acc: 0.5951
  Best Val Acc: 0.6225
  LR: 5.00e-05
------------------------------------------------------------
  Batch 0/1602, Loss: 0.0057
  Batch 10/1602, Loss: 0.0054
  Batch 20/1602, Loss: 0.2390
  Batch 30/1602, Loss: 0.0008
  Batch 40/1602, Loss: 0.0049
  Batch 50/1602, Loss: 0.5321
  Batch 60/1602, Loss: 0.0015
  Batch 70/1602, Loss: 0.0089
  Batch 80/1602, Loss: 0.1116
  Batch 90/1602, Loss: 0.2655
  Batch 100/1602, Loss: 0.0021
  Batch 110/1602, Loss: 0.0032
  Batch 120/1602, Loss: 0.0011
  Batch 130/1602, Loss: 0.0119
  Batch 140/1602, Loss: 0.1183
  Batch 150/1602, Loss: 0.0009
  Batch 160/1602, Loss: 0.0151
  Batch 170/1602, Loss: 0.0140
  Batch 180/1602, Loss: 0.0299
  Batch 190/1602, Loss: 0.0210
  Batch 200/1602, Loss: 0.0039
  Batch 210/1602, Loss: 0.0010
  Batch 220/1602, Loss: 0.0079
  Batch 230/1602, Loss: 0.3026
  Batch 240/1602, Loss: 0.0075
  Batch 250/1602, Loss: 0.0012
  Batch 260/1602, Loss: 0.0095
  Batch 270/1602, Loss: 0.0013
  Batch 280/1602, Loss: 0.0331
  Batch 290/1602, Loss: 0.0149
  Batch 300/1602, Loss: 0.2629
  Batch 310/1602, Loss: 0.0050
  Batch 320/1602, Loss: 0.0005
  Batch 330/1602, Loss: 0.0191
  Batch 340/1602, Loss: 0.0042
  Batch 350/1602, Loss: 0.0314
  Batch 360/1602, Loss: 0.5259
  Batch 370/1602, Loss: 0.0006
  Batch 380/1602, Loss: 0.0002
  Batch 390/1602, Loss: 0.0014
  Batch 400/1602, Loss: 0.3526
  Batch 410/1602, Loss: 0.0017
  Batch 420/1602, Loss: 0.0012
  Batch 430/1602, Loss: 0.0010
  Batch 440/1602, Loss: 0.0022
  Batch 450/1602, Loss: 0.0112
  Batch 460/1602, Loss: 0.0947
  Batch 470/1602, Loss: 0.4705
  Batch 480/1602, Loss: 0.0005
  Batch 490/1602, Loss: 0.0003
  Batch 500/1602, Loss: 0.0001
  Batch 510/1602, Loss: 0.3194
  Batch 520/1602, Loss: 0.3762
  Batch 530/1602, Loss: 0.1672
  Batch 540/1602, Loss: 0.1821
  Batch 550/1602, Loss: 0.0001
  Batch 560/1602, Loss: 0.3332
  Batch 570/1602, Loss: 0.0263
  Batch 580/1602, Loss: 0.2914
  Batch 590/1602, Loss: 0.0004
  Batch 600/1602, Loss: 0.1844
  Batch 610/1602, Loss: 0.0026
  Batch 620/1602, Loss: 0.0093
  Batch 630/1602, Loss: 0.0001
  Batch 640/1602, Loss: 0.2394
  Batch 650/1602, Loss: 0.0001
  Batch 660/1602, Loss: 0.0005
  Batch 670/1602, Loss: 0.2693
  Batch 680/1602, Loss: 0.3767
  Batch 690/1602, Loss: 0.0023
  Batch 700/1602, Loss: 0.2486
  Batch 710/1602, Loss: 0.0008
  Batch 720/1602, Loss: 0.2891
  Batch 730/1602, Loss: 0.0011
  Batch 740/1602, Loss: 0.1099
  Batch 750/1602, Loss: 0.0810
  Batch 760/1602, Loss: 0.0011
  Batch 770/1602, Loss: 0.7314
  Batch 780/1602, Loss: 0.0698
  Batch 790/1602, Loss: 0.3058
  Batch 800/1602, Loss: 0.2765
  Batch 810/1602, Loss: 0.0756
  Batch 820/1602, Loss: 0.0003
  Batch 830/1602, Loss: 0.0460
  Batch 840/1602, Loss: 0.2462
  Batch 850/1602, Loss: 0.0002
  Batch 860/1602, Loss: 0.0027
  Batch 870/1602, Loss: 0.0057
  Batch 880/1602, Loss: 0.0049
  Batch 890/1602, Loss: 0.2095
  Batch 900/1602, Loss: 0.0068
  Batch 910/1602, Loss: 0.8565
  Batch 920/1602, Loss: 0.3694
  Batch 930/1602, Loss: 0.2838
  Batch 940/1602, Loss: 0.0058
  Batch 950/1602, Loss: 0.1904
  Batch 960/1602, Loss: 0.0016
  Batch 970/1602, Loss: 0.0023
  Batch 980/1602, Loss: 0.0050
  Batch 990/1602, Loss: 0.0611
  Batch 1000/1602, Loss: 0.0004
  Batch 1010/1602, Loss: 0.0002
  Batch 1020/1602, Loss: 0.0003
  Batch 1030/1602, Loss: 0.0006
  Batch 1040/1602, Loss: 0.1133
  Batch 1050/1602, Loss: 0.5658
  Batch 1060/1602, Loss: 0.4370
  Batch 1070/1602, Loss: 0.0340
  Batch 1080/1602, Loss: 0.3778
  Batch 1090/1602, Loss: 0.0117
  Batch 1100/1602, Loss: 0.0387
  Batch 1110/1602, Loss: 0.0619
  Batch 1120/1602, Loss: 0.0008
  Batch 1130/1602, Loss: 0.2555
  Batch 1140/1602, Loss: 0.2987
  Batch 1150/1602, Loss: 0.0745
  Batch 1160/1602, Loss: 0.0021
  Batch 1170/1602, Loss: 0.0564
  Batch 1180/1602, Loss: 0.1832
  Batch 1190/1602, Loss: 0.0001
  Batch 1200/1602, Loss: 0.0007
  Batch 1210/1602, Loss: 0.4021
  Batch 1220/1602, Loss: 0.0801
  Batch 1230/1602, Loss: 0.0016
  Batch 1240/1602, Loss: 0.1012
  Batch 1250/1602, Loss: 0.0008
  Batch 1260/1602, Loss: 0.0002
  Batch 1270/1602, Loss: 0.0017
  Batch 1280/1602, Loss: 0.1495
  Batch 1290/1602, Loss: 0.0644
  Batch 1300/1602, Loss: 0.0009
  Batch 1310/1602, Loss: 0.3061
  Batch 1320/1602, Loss: 0.0878
  Batch 1330/1602, Loss: 0.2220
  Batch 1340/1602, Loss: 0.0380
  Batch 1350/1602, Loss: 0.2495
  Batch 1360/1602, Loss: 0.1546
  Batch 1370/1602, Loss: 0.3147
  Batch 1380/1602, Loss: 0.0002
  Batch 1390/1602, Loss: 0.1012
  Batch 1400/1602, Loss: 0.0012
  Batch 1410/1602, Loss: 0.2253
  Batch 1420/1602, Loss: 0.4372
  Batch 1430/1602, Loss: 0.0006
  Batch 1440/1602, Loss: 0.0232
  Batch 1450/1602, Loss: 0.1899
  Batch 1460/1602, Loss: 0.0030
  Batch 1470/1602, Loss: 0.5958
  Batch 1480/1602, Loss: 0.0025
  Batch 1490/1602, Loss: 0.0641
  Batch 1500/1602, Loss: 0.6336
  Batch 1510/1602, Loss: 0.0332
  Batch 1520/1602, Loss: 0.2261
  Batch 1530/1602, Loss: 0.0243
  Batch 1540/1602, Loss: 0.0650
  Batch 1550/1602, Loss: 0.0046
  Batch 1560/1602, Loss: 0.0011
  Batch 1570/1602, Loss: 0.1906
  Batch 1580/1602, Loss: 0.0007
  Batch 1590/1602, Loss: 0.2942
  Batch 1600/1602, Loss: 0.0044
Epoch 6/50 (149.4s)
  Train Loss: 0.0921, Acc: 0.9742
  Val Loss: 2.6230, Acc: 0.5972
  Best Val Acc: 0.6225
  LR: 5.00e-05
------------------------------------------------------------
  Batch 0/1602, Loss: 0.0017
  Batch 10/1602, Loss: 0.0011
  Batch 20/1602, Loss: 0.0014
  Batch 30/1602, Loss: 0.0024
  Batch 40/1602, Loss: 0.0019
  Batch 50/1602, Loss: 0.0129
  Batch 60/1602, Loss: 0.0003
  Batch 70/1602, Loss: 0.0002
  Batch 80/1602, Loss: 0.1971
  Batch 90/1602, Loss: 0.0506
  Batch 100/1602, Loss: 0.3082
  Batch 110/1602, Loss: 0.9716
  Batch 120/1602, Loss: 0.0012
  Batch 130/1602, Loss: 0.0206
  Batch 140/1602, Loss: 0.4233
  Batch 150/1602, Loss: 0.0010
  Batch 160/1602, Loss: 0.2347
  Batch 170/1602, Loss: 0.0002
  Batch 180/1602, Loss: 0.0003
  Batch 190/1602, Loss: 0.0002
  Batch 200/1602, Loss: 0.0022
  Batch 210/1602, Loss: 0.0009
  Batch 220/1602, Loss: 0.0060
  Batch 230/1602, Loss: 0.5539
  Batch 240/1602, Loss: 0.0266
  Batch 250/1602, Loss: 0.0007
  Batch 260/1602, Loss: 0.0019
  Batch 270/1602, Loss: 0.0011
  Batch 280/1602, Loss: 0.0084
  Batch 290/1602, Loss: 0.0001
  Batch 300/1602, Loss: 0.0005
  Batch 310/1602, Loss: 0.5648
  Batch 320/1602, Loss: 0.1282
  Batch 330/1602, Loss: 0.0014
  Batch 340/1602, Loss: 0.0024
  Batch 350/1602, Loss: 0.0024
  Batch 360/1602, Loss: 0.0012
  Batch 370/1602, Loss: 0.0047
  Batch 380/1602, Loss: 0.1026
  Batch 390/1602, Loss: 0.1169
  Batch 400/1602, Loss: 0.0172
  Batch 410/1602, Loss: 0.0010
  Batch 420/1602, Loss: 0.0018
  Batch 430/1602, Loss: 0.0011
  Batch 440/1602, Loss: 0.0045
  Batch 450/1602, Loss: 0.0006
  Batch 460/1602, Loss: 0.1589
  Batch 470/1602, Loss: 0.0003
  Batch 480/1602, Loss: 0.0080
  Batch 490/1602, Loss: 0.0011
  Batch 500/1602, Loss: 0.0061
  Batch 510/1602, Loss: 0.0002
  Batch 520/1602, Loss: 0.0005
  Batch 530/1602, Loss: 0.0002
  Batch 540/1602, Loss: 0.3824
  Batch 550/1602, Loss: 0.0002
  Batch 560/1602, Loss: 0.1600
  Batch 570/1602, Loss: 0.2056
  Batch 580/1602, Loss: 0.0487
  Batch 590/1602, Loss: 0.0009
  Batch 600/1602, Loss: 0.0026
  Batch 610/1602, Loss: 0.0051
  Batch 620/1602, Loss: 0.0008
  Batch 630/1602, Loss: 0.0020
  Batch 640/1602, Loss: 0.1899
  Batch 650/1602, Loss: 0.0006
  Batch 660/1602, Loss: 0.0014
  Batch 670/1602, Loss: 0.0003
  Batch 680/1602, Loss: 0.0006
  Batch 690/1602, Loss: 0.0002
  Batch 700/1602, Loss: 0.0015
  Batch 710/1602, Loss: 0.0005
  Batch 720/1602, Loss: 0.0187
  Batch 730/1602, Loss: 0.3402
  Batch 740/1602, Loss: 0.0105
  Batch 750/1602, Loss: 0.0057
  Batch 760/1602, Loss: 0.0027
  Batch 770/1602, Loss: 0.0012
  Batch 780/1602, Loss: 0.0004
  Batch 790/1602, Loss: 0.0018
  Batch 800/1602, Loss: 0.0005
  Batch 810/1602, Loss: 0.0281
  Batch 820/1602, Loss: 0.0087
  Batch 830/1602, Loss: 0.0097
  Batch 840/1602, Loss: 0.0140
  Batch 850/1602, Loss: 0.0695
  Batch 860/1602, Loss: 0.1016
  Batch 870/1602, Loss: 0.0035
  Batch 880/1602, Loss: 0.0010
  Batch 890/1602, Loss: 0.0002
  Batch 900/1602, Loss: 0.2086
  Batch 910/1602, Loss: 0.0471
  Batch 920/1602, Loss: 0.0007
  Batch 930/1602, Loss: 0.4362
  Batch 940/1602, Loss: 0.2574
  Batch 950/1602, Loss: 0.0010
  Batch 960/1602, Loss: 0.0150
  Batch 970/1602, Loss: 0.3218
  Batch 980/1602, Loss: 0.0009
  Batch 990/1602, Loss: 0.0001
  Batch 1000/1602, Loss: 0.1589
  Batch 1010/1602, Loss: 0.0027
  Batch 1020/1602, Loss: 0.0013
  Batch 1030/1602, Loss: 0.0002
  Batch 1040/1602, Loss: 0.0003
  Batch 1050/1602, Loss: 0.2390
  Batch 1060/1602, Loss: 0.0032
  Batch 1070/1602, Loss: 0.1136
  Batch 1080/1602, Loss: 0.0008
  Batch 1090/1602, Loss: 0.0002
  Batch 1100/1602, Loss: 0.4877
  Batch 1110/1602, Loss: 0.0011
  Batch 1120/1602, Loss: 0.0001
  Batch 1130/1602, Loss: 0.0004
  Batch 1140/1602, Loss: 0.0277
  Batch 1150/1602, Loss: 0.0005
  Batch 1160/1602, Loss: 0.0286
  Batch 1170/1602, Loss: 0.0064
  Batch 1180/1602, Loss: 0.0018
  Batch 1190/1602, Loss: 0.0394
  Batch 1200/1602, Loss: 0.0003
  Batch 1210/1602, Loss: 0.0070
  Batch 1220/1602, Loss: 0.2086
  Batch 1230/1602, Loss: 0.0006
  Batch 1240/1602, Loss: 0.0176
  Batch 1250/1602, Loss: 0.0530
  Batch 1260/1602, Loss: 0.3870
  Batch 1270/1602, Loss: 0.0569
  Batch 1280/1602, Loss: 0.0007
  Batch 1290/1602, Loss: 0.0013
  Batch 1300/1602, Loss: 0.0019
  Batch 1310/1602, Loss: 0.1030
  Batch 1320/1602, Loss: 0.0008
  Batch 1330/1602, Loss: 0.0802
  Batch 1340/1602, Loss: 0.0011
  Batch 1350/1602, Loss: 0.0007
  Batch 1360/1602, Loss: 0.0020
  Batch 1370/1602, Loss: 0.0826
  Batch 1380/1602, Loss: 0.1331
  Batch 1390/1602, Loss: 0.0024
  Batch 1400/1602, Loss: 0.0321
  Batch 1410/1602, Loss: 0.0321
  Batch 1420/1602, Loss: 0.0281
  Batch 1430/1602, Loss: 0.0007
  Batch 1440/1602, Loss: 0.0020
  Batch 1450/1602, Loss: 0.0002
  Batch 1460/1602, Loss: 0.0010
  Batch 1470/1602, Loss: 0.0021
  Batch 1480/1602, Loss: 0.0010
  Batch 1490/1602, Loss: 0.0004
  Batch 1500/1602, Loss: 0.0005
  Batch 1510/1602, Loss: 0.0008
  Batch 1520/1602, Loss: 0.0003
  Batch 1530/1602, Loss: 0.0863
  Batch 1540/1602, Loss: 0.0078
  Batch 1550/1602, Loss: 0.0008
  Batch 1560/1602, Loss: 0.0004
  Batch 1570/1602, Loss: 0.0177
  Batch 1580/1602, Loss: 0.0005
  Batch 1590/1602, Loss: 0.0072
  Batch 1600/1602, Loss: 0.0005
Epoch 7/50 (147.1s)
  Train Loss: 0.0843, Acc: 0.9788
  Val Loss: 2.8965, Acc: 0.6019
  Best Val Acc: 0.6225
  LR: 5.00e-05
------------------------------------------------------------
  Batch 0/1602, Loss: 0.0569
  Batch 10/1602, Loss: 0.3562
  Batch 20/1602, Loss: 0.0007
  Batch 30/1602, Loss: 0.0008
  Batch 40/1602, Loss: 0.0002
  Batch 50/1602, Loss: 0.0050
  Batch 60/1602, Loss: 0.0008
  Batch 70/1602, Loss: 0.0010
  Batch 80/1602, Loss: 0.3569
  Batch 90/1602, Loss: 0.2364
  Batch 100/1602, Loss: 0.5385
  Batch 110/1602, Loss: 0.0005
  Batch 120/1602, Loss: 0.0011
  Batch 130/1602, Loss: 0.0002
  Batch 140/1602, Loss: 0.0021
  Batch 150/1602, Loss: 0.0006
  Batch 160/1602, Loss: 0.0003
  Batch 170/1602, Loss: 0.0001
  Batch 180/1602, Loss: 0.0008
  Batch 190/1602, Loss: 0.2201
  Batch 200/1602, Loss: 0.0295
  Batch 210/1602, Loss: 0.0399
  Batch 220/1602, Loss: 0.0009
  Batch 230/1602, Loss: 0.0001
  Batch 240/1602, Loss: 0.0173
  Batch 250/1602, Loss: 0.0002
  Batch 260/1602, Loss: 0.0001
  Batch 270/1602, Loss: 0.0265
  Batch 280/1602, Loss: 0.1162
  Batch 290/1602, Loss: 0.0035
  Batch 300/1602, Loss: 0.4655
  Batch 310/1602, Loss: 0.0004
  Batch 320/1602, Loss: 0.0006
  Batch 330/1602, Loss: 0.4093
  Batch 340/1602, Loss: 0.0256
  Batch 350/1602, Loss: 0.0012
  Batch 360/1602, Loss: 0.0008
  Batch 370/1602, Loss: 0.0238
  Batch 380/1602, Loss: 0.0009
  Batch 390/1602, Loss: 0.0023
  Batch 400/1602, Loss: 0.4765
  Batch 410/1602, Loss: 0.0024
  Batch 420/1602, Loss: 0.0003
  Batch 430/1602, Loss: 0.0006
  Batch 440/1602, Loss: 0.0993
  Batch 450/1602, Loss: 0.0004
  Batch 460/1602, Loss: 0.0005
  Batch 470/1602, Loss: 0.0130
  Batch 480/1602, Loss: 0.0003
  Batch 490/1602, Loss: 0.0938
  Batch 500/1602, Loss: 0.0001
  Batch 510/1602, Loss: 0.0009
  Batch 520/1602, Loss: 0.0004
  Batch 530/1602, Loss: 0.4139
  Batch 540/1602, Loss: 0.3071
  Batch 550/1602, Loss: 0.0022
  Batch 560/1602, Loss: 0.0032
  Batch 570/1602, Loss: 0.0662
  Batch 580/1602, Loss: 0.0010
  Batch 590/1602, Loss: 0.0483
  Batch 600/1602, Loss: 0.0003
  Batch 610/1602, Loss: 0.0876
  Batch 620/1602, Loss: 0.2321
  Batch 630/1602, Loss: 0.0000
  Batch 640/1602, Loss: 0.0600
  Batch 650/1602, Loss: 0.0001
  Batch 660/1602, Loss: 0.0875
  Batch 670/1602, Loss: 0.2229
  Batch 680/1602, Loss: 0.0008
  Batch 690/1602, Loss: 0.0435
  Batch 700/1602, Loss: 0.0002
  Batch 710/1602, Loss: 0.0014
  Batch 720/1602, Loss: 0.0217
  Batch 730/1602, Loss: 0.0005
  Batch 740/1602, Loss: 0.0001
  Batch 750/1602, Loss: 0.0004
  Batch 760/1602, Loss: 0.5390
  Batch 770/1602, Loss: 0.1135
  Batch 780/1602, Loss: 0.0001
  Batch 790/1602, Loss: 0.4454
  Batch 800/1602, Loss: 0.0396
  Batch 810/1602, Loss: 0.0176
  Batch 820/1602, Loss: 0.0007
  Batch 830/1602, Loss: 0.0053
  Batch 840/1602, Loss: 0.0005
  Batch 850/1602, Loss: 0.0052
  Batch 860/1602, Loss: 0.0644
  Batch 870/1602, Loss: 0.3960
  Batch 880/1602, Loss: 0.0017
  Batch 890/1602, Loss: 0.0005
  Batch 900/1602, Loss: 0.0000
  Batch 910/1602, Loss: 0.0007
  Batch 920/1602, Loss: 0.0035
  Batch 930/1602, Loss: 0.0019
  Batch 940/1602, Loss: 0.0054
  Batch 950/1602, Loss: 0.0048
  Batch 960/1602, Loss: 0.4274
  Batch 970/1602, Loss: 0.0004
  Batch 980/1602, Loss: 0.0023
  Batch 990/1602, Loss: 0.0001
  Batch 1000/1602, Loss: 0.0001
  Batch 1010/1602, Loss: 0.0001
  Batch 1020/1602, Loss: 0.0817
  Batch 1030/1602, Loss: 0.0801
  Batch 1040/1602, Loss: 0.2851
  Batch 1050/1602, Loss: 0.0001
  Batch 1060/1602, Loss: 0.0005
  Batch 1070/1602, Loss: 0.0002
  Batch 1080/1602, Loss: 0.3739
  Batch 1090/1602, Loss: 0.0005
  Batch 1100/1602, Loss: 0.0002
  Batch 1110/1602, Loss: 0.0002
  Batch 1120/1602, Loss: 0.0009
  Batch 1130/1602, Loss: 0.0450
  Batch 1140/1602, Loss: 0.0772
  Batch 1150/1602, Loss: 0.1491
  Batch 1160/1602, Loss: 0.0026
  Batch 1170/1602, Loss: 0.0004
  Batch 1180/1602, Loss: 0.0017
  Batch 1190/1602, Loss: 0.0001
  Batch 1200/1602, Loss: 0.0005
  Batch 1210/1602, Loss: 0.0001
  Batch 1220/1602, Loss: 0.0002
  Batch 1230/1602, Loss: 0.0002
  Batch 1240/1602, Loss: 0.0789
  Batch 1250/1602, Loss: 0.0002
  Batch 1260/1602, Loss: 0.0005
  Batch 1270/1602, Loss: 0.0009
  Batch 1280/1602, Loss: 0.0001
  Batch 1290/1602, Loss: 0.0056
  Batch 1300/1602, Loss: 0.0001
  Batch 1310/1602, Loss: 0.0081
  Batch 1320/1602, Loss: 0.0004
  Batch 1330/1602, Loss: 0.7407
  Batch 1340/1602, Loss: 0.1244
  Batch 1350/1602, Loss: 0.0019
  Batch 1360/1602, Loss: 0.0635
  Batch 1370/1602, Loss: 0.1695
  Batch 1380/1602, Loss: 0.0196
  Batch 1390/1602, Loss: 0.0008
  Batch 1400/1602, Loss: 0.0001
  Batch 1410/1602, Loss: 0.0062
  Batch 1420/1602, Loss: 0.0004
  Batch 1430/1602, Loss: 0.0198
  Batch 1440/1602, Loss: 0.2411
  Batch 1450/1602, Loss: 0.5937
  Batch 1460/1602, Loss: 0.0004
  Batch 1470/1602, Loss: 0.0002
  Batch 1480/1602, Loss: 0.0004
  Batch 1490/1602, Loss: 0.1481
  Batch 1500/1602, Loss: 0.0860
  Batch 1510/1602, Loss: 0.0118
  Batch 1520/1602, Loss: 0.0008
  Batch 1530/1602, Loss: 0.0008
  Batch 1540/1602, Loss: 0.0011
  Batch 1550/1602, Loss: 0.0003
  Batch 1560/1602, Loss: 0.0006
  Batch 1570/1602, Loss: 0.0016
  Batch 1580/1602, Loss: 0.0004
  Batch 1590/1602, Loss: 0.0003
  Batch 1600/1602, Loss: 0.0002
Epoch 8/50 (147.1s)
  Train Loss: 0.0806, Acc: 0.9793
  Val Loss: 2.8044, Acc: 0.6058
  Best Val Acc: 0.6225
  LR: 5.00e-05
------------------------------------------------------------
Early stopping triggered at epoch 8
Training complete! Best validation accuracy: 0.6225
Model saved as 'best_model.pth'
=== Training Complete ===
Job finished: Wed Jul 16 10:26:09 PM EDT 2025
✅ Best model saved successfully
-rw-r--r--+ 1 akoongbo akoongbo 1.1M Jul 16 22:11 best_model.pth
✅ Training curves saved
-rw-r--r--+ 1 akoongbo akoongbo 38K Jul 16 22:26 training_curves.png
